
*** Running vivado
    with args -log design_1_wrapper.vds -m64 -product Vivado -mode batch -messageDb vivado.pb -notrace -source design_1_wrapper.tcl


ECHO 处于关闭状态。
ECHO 处于关闭状态。

****** Vivado v2023.2 (64-bit)
  **** SW Build 4029153 on Fri Oct 13 20:14:34 MDT 2023
  **** IP Build 4028589 on Sat Oct 14 00:45:43 MDT 2023
  **** SharedData Build 4025554 on Tue Oct 10 17:18:54 MDT 2023
    ** Copyright 1986-2022 Xilinx, Inc. All Rights Reserved.
    ** Copyright 2022-2023 Advanced Micro Devices, Inc. All Rights Reserved.

source design_1_wrapper.tcl -notrace
create_project: Time (s): cpu = 00:00:05 ; elapsed = 00:00:06 . Memory (MB): peak = 455.090 ; gain = 184.383
INFO: [IP_Flow 19-234] Refreshing IP repositories
INFO: [IP_Flow 19-1700] Loaded user IP repository 'd:/Semester1/CEG5203/workspace/project-fpga/vitis2023'.
INFO: [IP_Flow 19-2313] Loaded Vivado IP repository 'D:/Program/Xilinx/Vivado/2023.2/data/ip'.
Command: read_checkpoint -auto_incremental -incremental D:/Semester1/CEG5203/workspace/project-fpga/vivado2023/ceg5203_project.srcs/utils_1/imports/synth_1/design_1_wrapper.dcp
INFO: [Vivado 12-5825] Read reference checkpoint from D:/Semester1/CEG5203/workspace/project-fpga/vivado2023/ceg5203_project.srcs/utils_1/imports/synth_1/design_1_wrapper.dcp for incremental synthesis
INFO: [Vivado 12-7989] Please ensure there are no constraint changes
Command: synth_design -top design_1_wrapper -part xck26-sfvc784-2LV-c
Starting synth_design
Attempting to get a license for feature 'Synthesis' and/or device 'xck26'
INFO: [Common 17-349] Got license for feature 'Synthesis' and/or device 'xck26'
INFO: [Device 21-403] Loading part xck26-sfvc784-2LV-c
INFO: [Designutils 20-5440] No compile time benefit to using incremental synthesis; A full resynthesis will be run
INFO: [Designutils 20-4379] Flow is switching to default flow due to incremental criteria not met. If you would like to alter this behaviour and have the flow terminate instead, please set the following parameter config_implementation {autoIncr.Synth.RejectBehavior Terminate}
INFO: [Synth 8-7079] Multithreading enabled for synth_design using a maximum of 2 processes.
INFO: [Synth 8-7078] Launching helper process for spawning children vivado processes
INFO: [Synth 8-7075] Helper process launched with PID 16856
---------------------------------------------------------------------------------
Starting RTL Elaboration : Time (s): cpu = 00:00:05 ; elapsed = 00:00:05 . Memory (MB): peak = 1888.129 ; gain = 380.805
---------------------------------------------------------------------------------
INFO: [Synth 8-6157] synthesizing module 'design_1_wrapper' [D:/Semester1/CEG5203/workspace/project-fpga/vivado2023/ceg5203_project.gen/sources_1/bd/design_1/hdl/design_1_wrapper.v:13]
INFO: [Synth 8-6157] synthesizing module 'design_1' [d:/Semester1/CEG5203/workspace/project-fpga/vivado2023/ceg5203_project.gen/sources_1/bd/design_1/synth/design_1.v:13]
INFO: [Synth 8-6157] synthesizing module 'design_1_axi_fifo_mm_s_0_0' [D:/Semester1/CEG5203/workspace/project-fpga/vivado2023/ceg5203_project.runs/synth_1/.Xil/Vivado-10768-THX_HP/realtime/design_1_axi_fifo_mm_s_0_0_stub.v:6]
INFO: [Synth 8-6155] done synthesizing module 'design_1_axi_fifo_mm_s_0_0' (0#1) [D:/Semester1/CEG5203/workspace/project-fpga/vivado2023/ceg5203_project.runs/synth_1/.Xil/Vivado-10768-THX_HP/realtime/design_1_axi_fifo_mm_s_0_0_stub.v:6]
WARNING: [Synth 8-7071] port 'mm2s_prmry_reset_out_n' of module 'design_1_axi_fifo_mm_s_0_0' is unconnected for instance 'axi_fifo_mm_s_0' [d:/Semester1/CEG5203/workspace/project-fpga/vivado2023/ceg5203_project.gen/sources_1/bd/design_1/synth/design_1.v:138]
WARNING: [Synth 8-7071] port 's2mm_prmry_reset_out_n' of module 'design_1_axi_fifo_mm_s_0_0' is unconnected for instance 'axi_fifo_mm_s_0' [d:/Semester1/CEG5203/workspace/project-fpga/vivado2023/ceg5203_project.gen/sources_1/bd/design_1/synth/design_1.v:138]
WARNING: [Synth 8-7023] instance 'axi_fifo_mm_s_0' of module 'design_1_axi_fifo_mm_s_0_0' has 65 connections declared, but only 63 given [d:/Semester1/CEG5203/workspace/project-fpga/vivado2023/ceg5203_project.gen/sources_1/bd/design_1/synth/design_1.v:138]
INFO: [Synth 8-6157] synthesizing module 'design_1_axi_timer_0_0' [D:/Semester1/CEG5203/workspace/project-fpga/vivado2023/ceg5203_project.runs/synth_1/.Xil/Vivado-10768-THX_HP/realtime/design_1_axi_timer_0_0_stub.v:6]
INFO: [Synth 8-6155] done synthesizing module 'design_1_axi_timer_0_0' (0#1) [D:/Semester1/CEG5203/workspace/project-fpga/vivado2023/ceg5203_project.runs/synth_1/.Xil/Vivado-10768-THX_HP/realtime/design_1_axi_timer_0_0_stub.v:6]
WARNING: [Synth 8-7071] port 'generateout0' of module 'design_1_axi_timer_0_0' is unconnected for instance 'axi_timer_0' [d:/Semester1/CEG5203/workspace/project-fpga/vivado2023/ceg5203_project.gen/sources_1/bd/design_1/synth/design_1.v:202]
WARNING: [Synth 8-7071] port 'generateout1' of module 'design_1_axi_timer_0_0' is unconnected for instance 'axi_timer_0' [d:/Semester1/CEG5203/workspace/project-fpga/vivado2023/ceg5203_project.gen/sources_1/bd/design_1/synth/design_1.v:202]
WARNING: [Synth 8-7071] port 'pwm0' of module 'design_1_axi_timer_0_0' is unconnected for instance 'axi_timer_0' [d:/Semester1/CEG5203/workspace/project-fpga/vivado2023/ceg5203_project.gen/sources_1/bd/design_1/synth/design_1.v:202]
WARNING: [Synth 8-7071] port 'interrupt' of module 'design_1_axi_timer_0_0' is unconnected for instance 'axi_timer_0' [d:/Semester1/CEG5203/workspace/project-fpga/vivado2023/ceg5203_project.gen/sources_1/bd/design_1/synth/design_1.v:202]
WARNING: [Synth 8-7023] instance 'axi_timer_0' of module 'design_1_axi_timer_0_0' has 26 connections declared, but only 22 given [d:/Semester1/CEG5203/workspace/project-fpga/vivado2023/ceg5203_project.gen/sources_1/bd/design_1/synth/design_1.v:202]
INFO: [Synth 8-6157] synthesizing module 'design_1_ps8_0_axi_periph_0' [d:/Semester1/CEG5203/workspace/project-fpga/vivado2023/ceg5203_project.gen/sources_1/bd/design_1/synth/design_1.v:410]
INFO: [Synth 8-6157] synthesizing module 'm00_couplers_imp_QJIMLI' [d:/Semester1/CEG5203/workspace/project-fpga/vivado2023/ceg5203_project.gen/sources_1/bd/design_1/synth/design_1.v:1388]
INFO: [Synth 8-6157] synthesizing module 'design_1_auto_pc_0' [D:/Semester1/CEG5203/workspace/project-fpga/vivado2023/ceg5203_project.runs/synth_1/.Xil/Vivado-10768-THX_HP/realtime/design_1_auto_pc_0_stub.v:6]
INFO: [Synth 8-6155] done synthesizing module 'design_1_auto_pc_0' (0#1) [D:/Semester1/CEG5203/workspace/project-fpga/vivado2023/ceg5203_project.runs/synth_1/.Xil/Vivado-10768-THX_HP/realtime/design_1_auto_pc_0_stub.v:6]
WARNING: [Synth 8-7071] port 'm_axi_awprot' of module 'design_1_auto_pc_0' is unconnected for instance 'auto_pc' [d:/Semester1/CEG5203/workspace/project-fpga/vivado2023/ceg5203_project.gen/sources_1/bd/design_1/synth/design_1.v:1627]
WARNING: [Synth 8-7071] port 'm_axi_arprot' of module 'design_1_auto_pc_0' is unconnected for instance 'auto_pc' [d:/Semester1/CEG5203/workspace/project-fpga/vivado2023/ceg5203_project.gen/sources_1/bd/design_1/synth/design_1.v:1627]
WARNING: [Synth 8-7023] instance 'auto_pc' of module 'design_1_auto_pc_0' has 60 connections declared, but only 58 given [d:/Semester1/CEG5203/workspace/project-fpga/vivado2023/ceg5203_project.gen/sources_1/bd/design_1/synth/design_1.v:1627]
INFO: [Synth 8-6155] done synthesizing module 'm00_couplers_imp_QJIMLI' (0#1) [d:/Semester1/CEG5203/workspace/project-fpga/vivado2023/ceg5203_project.gen/sources_1/bd/design_1/synth/design_1.v:1388]
INFO: [Synth 8-6157] synthesizing module 'm01_couplers_imp_1D3SAH3' [d:/Semester1/CEG5203/workspace/project-fpga/vivado2023/ceg5203_project.gen/sources_1/bd/design_1/synth/design_1.v:1688]
INFO: [Synth 8-6155] done synthesizing module 'm01_couplers_imp_1D3SAH3' (0#1) [d:/Semester1/CEG5203/workspace/project-fpga/vivado2023/ceg5203_project.gen/sources_1/bd/design_1/synth/design_1.v:1688]
INFO: [Synth 8-6157] synthesizing module 'm02_couplers_imp_P3UMW5' [d:/Semester1/CEG5203/workspace/project-fpga/vivado2023/ceg5203_project.gen/sources_1/bd/design_1/synth/design_1.v:1946]
INFO: [Synth 8-6157] synthesizing module 'design_1_auto_pc_1' [D:/Semester1/CEG5203/workspace/project-fpga/vivado2023/ceg5203_project.runs/synth_1/.Xil/Vivado-10768-THX_HP/realtime/design_1_auto_pc_1_stub.v:6]
INFO: [Synth 8-6155] done synthesizing module 'design_1_auto_pc_1' (0#1) [D:/Semester1/CEG5203/workspace/project-fpga/vivado2023/ceg5203_project.runs/synth_1/.Xil/Vivado-10768-THX_HP/realtime/design_1_auto_pc_1_stub.v:6]
WARNING: [Synth 8-7071] port 'm_axi_awprot' of module 'design_1_auto_pc_1' is unconnected for instance 'auto_pc' [d:/Semester1/CEG5203/workspace/project-fpga/vivado2023/ceg5203_project.gen/sources_1/bd/design_1/synth/design_1.v:2185]
WARNING: [Synth 8-7071] port 'm_axi_arprot' of module 'design_1_auto_pc_1' is unconnected for instance 'auto_pc' [d:/Semester1/CEG5203/workspace/project-fpga/vivado2023/ceg5203_project.gen/sources_1/bd/design_1/synth/design_1.v:2185]
WARNING: [Synth 8-7023] instance 'auto_pc' of module 'design_1_auto_pc_1' has 60 connections declared, but only 58 given [d:/Semester1/CEG5203/workspace/project-fpga/vivado2023/ceg5203_project.gen/sources_1/bd/design_1/synth/design_1.v:2185]
INFO: [Synth 8-6155] done synthesizing module 'm02_couplers_imp_P3UMW5' (0#1) [d:/Semester1/CEG5203/workspace/project-fpga/vivado2023/ceg5203_project.gen/sources_1/bd/design_1/synth/design_1.v:1946]
INFO: [Synth 8-6157] synthesizing module 's00_couplers_imp_1A7ZMW4' [d:/Semester1/CEG5203/workspace/project-fpga/vivado2023/ceg5203_project.gen/sources_1/bd/design_1/synth/design_1.v:2246]
INFO: [Synth 8-6155] done synthesizing module 's00_couplers_imp_1A7ZMW4' (0#1) [d:/Semester1/CEG5203/workspace/project-fpga/vivado2023/ceg5203_project.gen/sources_1/bd/design_1/synth/design_1.v:2246]
INFO: [Synth 8-6157] synthesizing module 'design_1_xbar_0' [D:/Semester1/CEG5203/workspace/project-fpga/vivado2023/ceg5203_project.runs/synth_1/.Xil/Vivado-10768-THX_HP/realtime/design_1_xbar_0_stub.v:6]
INFO: [Synth 8-6155] done synthesizing module 'design_1_xbar_0' (0#1) [D:/Semester1/CEG5203/workspace/project-fpga/vivado2023/ceg5203_project.runs/synth_1/.Xil/Vivado-10768-THX_HP/realtime/design_1_xbar_0_stub.v:6]
WARNING: [Synth 8-7071] port 'm_axi_awuser' of module 'design_1_xbar_0' is unconnected for instance 'xbar' [d:/Semester1/CEG5203/workspace/project-fpga/vivado2023/ceg5203_project.gen/sources_1/bd/design_1/synth/design_1.v:1305]
WARNING: [Synth 8-7071] port 'm_axi_aruser' of module 'design_1_xbar_0' is unconnected for instance 'xbar' [d:/Semester1/CEG5203/workspace/project-fpga/vivado2023/ceg5203_project.gen/sources_1/bd/design_1/synth/design_1.v:1305]
WARNING: [Synth 8-7023] instance 'xbar' of module 'design_1_xbar_0' has 82 connections declared, but only 80 given [d:/Semester1/CEG5203/workspace/project-fpga/vivado2023/ceg5203_project.gen/sources_1/bd/design_1/synth/design_1.v:1305]
INFO: [Synth 8-6155] done synthesizing module 'design_1_ps8_0_axi_periph_0' (0#1) [d:/Semester1/CEG5203/workspace/project-fpga/vivado2023/ceg5203_project.gen/sources_1/bd/design_1/synth/design_1.v:410]
INFO: [Synth 8-6157] synthesizing module 'design_1_rst_ps8_0_99M_0' [D:/Semester1/CEG5203/workspace/project-fpga/vivado2023/ceg5203_project.runs/synth_1/.Xil/Vivado-10768-THX_HP/realtime/design_1_rst_ps8_0_99M_0_stub.v:6]
INFO: [Synth 8-6155] done synthesizing module 'design_1_rst_ps8_0_99M_0' (0#1) [D:/Semester1/CEG5203/workspace/project-fpga/vivado2023/ceg5203_project.runs/synth_1/.Xil/Vivado-10768-THX_HP/realtime/design_1_rst_ps8_0_99M_0_stub.v:6]
WARNING: [Synth 8-7071] port 'mb_reset' of module 'design_1_rst_ps8_0_99M_0' is unconnected for instance 'rst_ps8_0_99M' [d:/Semester1/CEG5203/workspace/project-fpga/vivado2023/ceg5203_project.gen/sources_1/bd/design_1/synth/design_1.v:344]
WARNING: [Synth 8-7071] port 'bus_struct_reset' of module 'design_1_rst_ps8_0_99M_0' is unconnected for instance 'rst_ps8_0_99M' [d:/Semester1/CEG5203/workspace/project-fpga/vivado2023/ceg5203_project.gen/sources_1/bd/design_1/synth/design_1.v:344]
WARNING: [Synth 8-7071] port 'peripheral_reset' of module 'design_1_rst_ps8_0_99M_0' is unconnected for instance 'rst_ps8_0_99M' [d:/Semester1/CEG5203/workspace/project-fpga/vivado2023/ceg5203_project.gen/sources_1/bd/design_1/synth/design_1.v:344]
WARNING: [Synth 8-7071] port 'interconnect_aresetn' of module 'design_1_rst_ps8_0_99M_0' is unconnected for instance 'rst_ps8_0_99M' [d:/Semester1/CEG5203/workspace/project-fpga/vivado2023/ceg5203_project.gen/sources_1/bd/design_1/synth/design_1.v:344]
WARNING: [Synth 8-7023] instance 'rst_ps8_0_99M' of module 'design_1_rst_ps8_0_99M_0' has 10 connections declared, but only 6 given [d:/Semester1/CEG5203/workspace/project-fpga/vivado2023/ceg5203_project.gen/sources_1/bd/design_1/synth/design_1.v:344]
INFO: [Synth 8-6157] synthesizing module 'design_1_sobel_hls_0_0' [D:/Semester1/CEG5203/workspace/project-fpga/vivado2023/ceg5203_project.runs/synth_1/.Xil/Vivado-10768-THX_HP/realtime/design_1_sobel_hls_0_0_stub.v:6]
INFO: [Synth 8-6155] done synthesizing module 'design_1_sobel_hls_0_0' (0#1) [D:/Semester1/CEG5203/workspace/project-fpga/vivado2023/ceg5203_project.runs/synth_1/.Xil/Vivado-10768-THX_HP/realtime/design_1_sobel_hls_0_0_stub.v:6]
WARNING: [Synth 8-7071] port 'M_AXIS_TKEEP' of module 'design_1_sobel_hls_0_0' is unconnected for instance 'sobel_hls_0' [d:/Semester1/CEG5203/workspace/project-fpga/vivado2023/ceg5203_project.gen/sources_1/bd/design_1/synth/design_1.v:351]
WARNING: [Synth 8-7071] port 'M_AXIS_TSTRB' of module 'design_1_sobel_hls_0_0' is unconnected for instance 'sobel_hls_0' [d:/Semester1/CEG5203/workspace/project-fpga/vivado2023/ceg5203_project.gen/sources_1/bd/design_1/synth/design_1.v:351]
WARNING: [Synth 8-7023] instance 'sobel_hls_0' of module 'design_1_sobel_hls_0_0' has 14 connections declared, but only 12 given [d:/Semester1/CEG5203/workspace/project-fpga/vivado2023/ceg5203_project.gen/sources_1/bd/design_1/synth/design_1.v:351]
INFO: [Synth 8-6157] synthesizing module 'design_1_zynq_ultra_ps_e_0_0' [D:/Semester1/CEG5203/workspace/project-fpga/vivado2023/ceg5203_project.runs/synth_1/.Xil/Vivado-10768-THX_HP/realtime/design_1_zynq_ultra_ps_e_0_0_stub.v:6]
INFO: [Synth 8-6155] done synthesizing module 'design_1_zynq_ultra_ps_e_0_0' (0#1) [D:/Semester1/CEG5203/workspace/project-fpga/vivado2023/ceg5203_project.runs/synth_1/.Xil/Vivado-10768-THX_HP/realtime/design_1_zynq_ultra_ps_e_0_0_stub.v:6]
INFO: [Synth 8-6155] done synthesizing module 'design_1' (0#1) [d:/Semester1/CEG5203/workspace/project-fpga/vivado2023/ceg5203_project.gen/sources_1/bd/design_1/synth/design_1.v:13]
INFO: [Synth 8-6155] done synthesizing module 'design_1_wrapper' (0#1) [D:/Semester1/CEG5203/workspace/project-fpga/vivado2023/ceg5203_project.gen/sources_1/bd/design_1/hdl/design_1_wrapper.v:13]
WARNING: [Synth 8-7129] Port M_ACLK in module s00_couplers_imp_1A7ZMW4 is either unconnected or has no load
WARNING: [Synth 8-7129] Port M_ARESETN in module s00_couplers_imp_1A7ZMW4 is either unconnected or has no load
WARNING: [Synth 8-7129] Port S_ACLK in module s00_couplers_imp_1A7ZMW4 is either unconnected or has no load
WARNING: [Synth 8-7129] Port S_ARESETN in module s00_couplers_imp_1A7ZMW4 is either unconnected or has no load
WARNING: [Synth 8-7129] Port M_ACLK in module m02_couplers_imp_P3UMW5 is either unconnected or has no load
WARNING: [Synth 8-7129] Port M_ARESETN in module m02_couplers_imp_P3UMW5 is either unconnected or has no load
WARNING: [Synth 8-7129] Port M_ACLK in module m01_couplers_imp_1D3SAH3 is either unconnected or has no load
WARNING: [Synth 8-7129] Port M_ARESETN in module m01_couplers_imp_1D3SAH3 is either unconnected or has no load
WARNING: [Synth 8-7129] Port S_ACLK in module m01_couplers_imp_1D3SAH3 is either unconnected or has no load
WARNING: [Synth 8-7129] Port S_ARESETN in module m01_couplers_imp_1D3SAH3 is either unconnected or has no load
WARNING: [Synth 8-7129] Port M_ACLK in module m00_couplers_imp_QJIMLI is either unconnected or has no load
WARNING: [Synth 8-7129] Port M_ARESETN in module m00_couplers_imp_QJIMLI is either unconnected or has no load
WARNING: [Synth 8-7129] Port S_AXI_araddr[39] in module m00_couplers_imp_QJIMLI is either unconnected or has no load
WARNING: [Synth 8-7129] Port S_AXI_araddr[38] in module m00_couplers_imp_QJIMLI is either unconnected or has no load
WARNING: [Synth 8-7129] Port S_AXI_araddr[37] in module m00_couplers_imp_QJIMLI is either unconnected or has no load
WARNING: [Synth 8-7129] Port S_AXI_araddr[36] in module m00_couplers_imp_QJIMLI is either unconnected or has no load
WARNING: [Synth 8-7129] Port S_AXI_araddr[35] in module m00_couplers_imp_QJIMLI is either unconnected or has no load
WARNING: [Synth 8-7129] Port S_AXI_araddr[34] in module m00_couplers_imp_QJIMLI is either unconnected or has no load
WARNING: [Synth 8-7129] Port S_AXI_araddr[33] in module m00_couplers_imp_QJIMLI is either unconnected or has no load
WARNING: [Synth 8-7129] Port S_AXI_araddr[32] in module m00_couplers_imp_QJIMLI is either unconnected or has no load
WARNING: [Synth 8-7129] Port S_AXI_awaddr[39] in module m00_couplers_imp_QJIMLI is either unconnected or has no load
WARNING: [Synth 8-7129] Port S_AXI_awaddr[38] in module m00_couplers_imp_QJIMLI is either unconnected or has no load
WARNING: [Synth 8-7129] Port S_AXI_awaddr[37] in module m00_couplers_imp_QJIMLI is either unconnected or has no load
WARNING: [Synth 8-7129] Port S_AXI_awaddr[36] in module m00_couplers_imp_QJIMLI is either unconnected or has no load
WARNING: [Synth 8-7129] Port S_AXI_awaddr[35] in module m00_couplers_imp_QJIMLI is either unconnected or has no load
WARNING: [Synth 8-7129] Port S_AXI_awaddr[34] in module m00_couplers_imp_QJIMLI is either unconnected or has no load
WARNING: [Synth 8-7129] Port S_AXI_awaddr[33] in module m00_couplers_imp_QJIMLI is either unconnected or has no load
WARNING: [Synth 8-7129] Port S_AXI_awaddr[32] in module m00_couplers_imp_QJIMLI is either unconnected or has no load
WARNING: [Synth 8-7129] Port M00_ACLK in module design_1_ps8_0_axi_periph_0 is either unconnected or has no load
WARNING: [Synth 8-7129] Port M00_ARESETN in module design_1_ps8_0_axi_periph_0 is either unconnected or has no load
WARNING: [Synth 8-7129] Port M01_ACLK in module design_1_ps8_0_axi_periph_0 is either unconnected or has no load
WARNING: [Synth 8-7129] Port M01_ARESETN in module design_1_ps8_0_axi_periph_0 is either unconnected or has no load
WARNING: [Synth 8-7129] Port M02_ACLK in module design_1_ps8_0_axi_periph_0 is either unconnected or has no load
WARNING: [Synth 8-7129] Port M02_ARESETN in module design_1_ps8_0_axi_periph_0 is either unconnected or has no load
WARNING: [Synth 8-7129] Port S00_ACLK in module design_1_ps8_0_axi_periph_0 is either unconnected or has no load
WARNING: [Synth 8-7129] Port S00_ARESETN in module design_1_ps8_0_axi_periph_0 is either unconnected or has no load
---------------------------------------------------------------------------------
Finished RTL Elaboration : Time (s): cpu = 00:00:06 ; elapsed = 00:00:07 . Memory (MB): peak = 2005.355 ; gain = 498.031
---------------------------------------------------------------------------------
---------------------------------------------------------------------------------
Start Handling Custom Attributes
---------------------------------------------------------------------------------
---------------------------------------------------------------------------------
Finished Handling Custom Attributes : Time (s): cpu = 00:00:07 ; elapsed = 00:00:07 . Memory (MB): peak = 2005.355 ; gain = 498.031
---------------------------------------------------------------------------------
---------------------------------------------------------------------------------
Finished RTL Optimization Phase 1 : Time (s): cpu = 00:00:07 ; elapsed = 00:00:07 . Memory (MB): peak = 2005.355 ; gain = 498.031
---------------------------------------------------------------------------------
Netlist sorting complete. Time (s): cpu = 00:00:00 ; elapsed = 00:00:00.029 . Memory (MB): peak = 2005.355 ; gain = 0.000
INFO: [Project 1-570] Preparing netlist for logic optimization

Processing XDC Constraints
Initializing timing engine
Parsing XDC File [d:/Semester1/CEG5203/workspace/project-fpga/vivado2023/ceg5203_project.gen/sources_1/bd/design_1/ip/design_1_zynq_ultra_ps_e_0_0/design_1_zynq_ultra_ps_e_0_0/design_1_zynq_ultra_ps_e_0_0_in_context.xdc] for cell 'design_1_i/zynq_ultra_ps_e_0'
Finished Parsing XDC File [d:/Semester1/CEG5203/workspace/project-fpga/vivado2023/ceg5203_project.gen/sources_1/bd/design_1/ip/design_1_zynq_ultra_ps_e_0_0/design_1_zynq_ultra_ps_e_0_0/design_1_zynq_ultra_ps_e_0_0_in_context.xdc] for cell 'design_1_i/zynq_ultra_ps_e_0'
Parsing XDC File [d:/Semester1/CEG5203/workspace/project-fpga/vivado2023/ceg5203_project.gen/sources_1/bd/design_1/ip/design_1_axi_fifo_mm_s_0_0/design_1_axi_fifo_mm_s_0_0/design_1_axi_fifo_mm_s_0_0_in_context.xdc] for cell 'design_1_i/axi_fifo_mm_s_0'
Finished Parsing XDC File [d:/Semester1/CEG5203/workspace/project-fpga/vivado2023/ceg5203_project.gen/sources_1/bd/design_1/ip/design_1_axi_fifo_mm_s_0_0/design_1_axi_fifo_mm_s_0_0/design_1_axi_fifo_mm_s_0_0_in_context.xdc] for cell 'design_1_i/axi_fifo_mm_s_0'
Parsing XDC File [d:/Semester1/CEG5203/workspace/project-fpga/vivado2023/ceg5203_project.gen/sources_1/bd/design_1/ip/design_1_xbar_0/design_1_xbar_0/design_1_xbar_0_in_context.xdc] for cell 'design_1_i/ps8_0_axi_periph/xbar'
Finished Parsing XDC File [d:/Semester1/CEG5203/workspace/project-fpga/vivado2023/ceg5203_project.gen/sources_1/bd/design_1/ip/design_1_xbar_0/design_1_xbar_0/design_1_xbar_0_in_context.xdc] for cell 'design_1_i/ps8_0_axi_periph/xbar'
Parsing XDC File [d:/Semester1/CEG5203/workspace/project-fpga/vivado2023/ceg5203_project.gen/sources_1/bd/design_1/ip/design_1_auto_pc_0/design_1_auto_pc_0/design_1_auto_pc_0_in_context.xdc] for cell 'design_1_i/ps8_0_axi_periph/m00_couplers/auto_pc'
Finished Parsing XDC File [d:/Semester1/CEG5203/workspace/project-fpga/vivado2023/ceg5203_project.gen/sources_1/bd/design_1/ip/design_1_auto_pc_0/design_1_auto_pc_0/design_1_auto_pc_0_in_context.xdc] for cell 'design_1_i/ps8_0_axi_periph/m00_couplers/auto_pc'
Parsing XDC File [d:/Semester1/CEG5203/workspace/project-fpga/vivado2023/ceg5203_project.gen/sources_1/bd/design_1/ip/design_1_auto_pc_1/design_1_auto_pc_1/design_1_auto_pc_1_in_context.xdc] for cell 'design_1_i/ps8_0_axi_periph/m02_couplers/auto_pc'
Finished Parsing XDC File [d:/Semester1/CEG5203/workspace/project-fpga/vivado2023/ceg5203_project.gen/sources_1/bd/design_1/ip/design_1_auto_pc_1/design_1_auto_pc_1/design_1_auto_pc_1_in_context.xdc] for cell 'design_1_i/ps8_0_axi_periph/m02_couplers/auto_pc'
Parsing XDC File [d:/Semester1/CEG5203/workspace/project-fpga/vivado2023/ceg5203_project.gen/sources_1/bd/design_1/ip/design_1_rst_ps8_0_99M_0/design_1_rst_ps8_0_99M_0/design_1_rst_ps8_0_99M_0_in_context.xdc] for cell 'design_1_i/rst_ps8_0_99M'
Finished Parsing XDC File [d:/Semester1/CEG5203/workspace/project-fpga/vivado2023/ceg5203_project.gen/sources_1/bd/design_1/ip/design_1_rst_ps8_0_99M_0/design_1_rst_ps8_0_99M_0/design_1_rst_ps8_0_99M_0_in_context.xdc] for cell 'design_1_i/rst_ps8_0_99M'
Parsing XDC File [d:/Semester1/CEG5203/workspace/project-fpga/vivado2023/ceg5203_project.gen/sources_1/bd/design_1/ip/design_1_axi_timer_0_0/design_1_axi_timer_0_0/design_1_axi_timer_0_0_in_context.xdc] for cell 'design_1_i/axi_timer_0'
Finished Parsing XDC File [d:/Semester1/CEG5203/workspace/project-fpga/vivado2023/ceg5203_project.gen/sources_1/bd/design_1/ip/design_1_axi_timer_0_0/design_1_axi_timer_0_0/design_1_axi_timer_0_0_in_context.xdc] for cell 'design_1_i/axi_timer_0'
Parsing XDC File [d:/Semester1/CEG5203/workspace/project-fpga/vivado2023/ceg5203_project.gen/sources_1/bd/design_1/ip/design_1_sobel_hls_0_0/design_1_sobel_hls_0_0/design_1_sobel_hls_0_0_in_context.xdc] for cell 'design_1_i/sobel_hls_0'
Finished Parsing XDC File [d:/Semester1/CEG5203/workspace/project-fpga/vivado2023/ceg5203_project.gen/sources_1/bd/design_1/ip/design_1_sobel_hls_0_0/design_1_sobel_hls_0_0/design_1_sobel_hls_0_0_in_context.xdc] for cell 'design_1_i/sobel_hls_0'
Parsing XDC File [D:/Semester1/CEG5203/workspace/project-fpga/vivado2023/ceg5203_project.runs/synth_1/dont_touch.xdc]
Finished Parsing XDC File [D:/Semester1/CEG5203/workspace/project-fpga/vivado2023/ceg5203_project.runs/synth_1/dont_touch.xdc]
Completed Processing XDC Constraints

Netlist sorting complete. Time (s): cpu = 00:00:00 ; elapsed = 00:00:00 . Memory (MB): peak = 2021.211 ; gain = 0.000
INFO: [Project 1-111] Unisim Transformation Summary:
No Unisim elements were transformed.

系统找不到指定的路径。
Constraint Validation Runtime : Time (s): cpu = 00:00:00 ; elapsed = 00:00:00.005 . Memory (MB): peak = 2021.211 ; gain = 0.000
INFO: [Designutils 20-5440] No compile time benefit to using incremental synthesis; A full resynthesis will be run
INFO: [Designutils 20-4379] Flow is switching to default flow due to incremental criteria not met. If you would like to alter this behaviour and have the flow terminate instead, please set the following parameter config_implementation {autoIncr.Synth.RejectBehavior Terminate}
---------------------------------------------------------------------------------
Finished Constraint Validation : Time (s): cpu = 00:00:17 ; elapsed = 00:00:18 . Memory (MB): peak = 2021.211 ; gain = 513.887
---------------------------------------------------------------------------------
---------------------------------------------------------------------------------
Start Loading Part and Timing Information
---------------------------------------------------------------------------------
Loading part: xck26-sfvc784-2LV-c
INFO: [Synth 8-6742] Reading net delay rules and data
---------------------------------------------------------------------------------
Finished Loading Part and Timing Information : Time (s): cpu = 00:00:17 ; elapsed = 00:00:18 . Memory (MB): peak = 2021.211 ; gain = 513.887
---------------------------------------------------------------------------------
---------------------------------------------------------------------------------
Start Applying 'set_property' XDC Constraints
---------------------------------------------------------------------------------
Applied set_property KEEP_HIERARCHY = SOFT for design_1_i. (constraint file  auto generated constraint).
Applied set_property KEEP_HIERARCHY = SOFT for design_1_i/zynq_ultra_ps_e_0. (constraint file  auto generated constraint).
Applied set_property KEEP_HIERARCHY = SOFT for design_1_i/axi_fifo_mm_s_0. (constraint file  auto generated constraint).
Applied set_property KEEP_HIERARCHY = SOFT for design_1_i/ps8_0_axi_periph/xbar. (constraint file  auto generated constraint).
Applied set_property KEEP_HIERARCHY = SOFT for design_1_i/ps8_0_axi_periph/m00_couplers/auto_pc. (constraint file  auto generated constraint).
Applied set_property KEEP_HIERARCHY = SOFT for design_1_i/ps8_0_axi_periph/m02_couplers/auto_pc. (constraint file  auto generated constraint).
Applied set_property KEEP_HIERARCHY = SOFT for design_1_i/ps8_0_axi_periph. (constraint file  auto generated constraint).
Applied set_property KEEP_HIERARCHY = SOFT for design_1_i/rst_ps8_0_99M. (constraint file  auto generated constraint).
Applied set_property KEEP_HIERARCHY = SOFT for design_1_i/axi_timer_0. (constraint file  auto generated constraint).
Applied set_property KEEP_HIERARCHY = SOFT for design_1_i/sobel_hls_0. (constraint file  auto generated constraint).
---------------------------------------------------------------------------------
Finished applying 'set_property' XDC Constraints : Time (s): cpu = 00:00:17 ; elapsed = 00:00:18 . Memory (MB): peak = 2021.211 ; gain = 513.887
---------------------------------------------------------------------------------
---------------------------------------------------------------------------------
Finished RTL Optimization Phase 2 : Time (s): cpu = 00:00:17 ; elapsed = 00:00:18 . Memory (MB): peak = 2021.211 ; gain = 513.887
---------------------------------------------------------------------------------
---------------------------------------------------------------------------------
Start RTL Component Statistics 
---------------------------------------------------------------------------------
Detailed RTL Component Info : 
---------------------------------------------------------------------------------
Finished RTL Component Statistics 
---------------------------------------------------------------------------------
---------------------------------------------------------------------------------
Start Part Resource Summary
---------------------------------------------------------------------------------
Part Resources:
DSPs: 1248 (col length:96)
BRAMs: 288 (col length: RAMB18 96 RAMB36 48)
---------------------------------------------------------------------------------
Finished Part Resource Summary
---------------------------------------------------------------------------------
---------------------------------------------------------------------------------
Start Cross Boundary and Area Optimization
---------------------------------------------------------------------------------
WARNING: [Synth 8-7080] Parallel synthesis criteria is not met
WARNING: [Synth 8-7129] Port M00_ACLK in module design_1_ps8_0_axi_periph_0 is either unconnected or has no load
WARNING: [Synth 8-7129] Port M00_ARESETN in module design_1_ps8_0_axi_periph_0 is either unconnected or has no load
WARNING: [Synth 8-7129] Port M01_ACLK in module design_1_ps8_0_axi_periph_0 is either unconnected or has no load
WARNING: [Synth 8-7129] Port M01_ARESETN in module design_1_ps8_0_axi_periph_0 is either unconnected or has no load
WARNING: [Synth 8-7129] Port M02_ACLK in module design_1_ps8_0_axi_periph_0 is either unconnected or has no load
WARNING: [Synth 8-7129] Port M02_ARESETN in module design_1_ps8_0_axi_periph_0 is either unconnected or has no load
WARNING: [Synth 8-7129] Port S00_ACLK in module design_1_ps8_0_axi_periph_0 is either unconnected or has no load
WARNING: [Synth 8-7129] Port S00_ARESETN in module design_1_ps8_0_axi_periph_0 is either unconnected or has no load
---------------------------------------------------------------------------------
Finished Cross Boundary and Area Optimization : Time (s): cpu = 00:00:19 ; elapsed = 00:00:20 . Memory (MB): peak = 2021.211 ; gain = 513.887
---------------------------------------------------------------------------------
---------------------------------------------------------------------------------
Start Applying XDC Timing Constraints
---------------------------------------------------------------------------------
---------------------------------------------------------------------------------
Finished Applying XDC Timing Constraints : Time (s): cpu = 00:00:27 ; elapsed = 00:00:32 . Memory (MB): peak = 2545.824 ; gain = 1038.500
---------------------------------------------------------------------------------
---------------------------------------------------------------------------------
Start Timing Optimization
---------------------------------------------------------------------------------
---------------------------------------------------------------------------------
Finished Timing Optimization : Time (s): cpu = 00:00:27 ; elapsed = 00:00:32 . Memory (MB): peak = 2545.824 ; gain = 1038.500
---------------------------------------------------------------------------------
---------------------------------------------------------------------------------
Start Technology Mapping
---------------------------------------------------------------------------------
---------------------------------------------------------------------------------
Finished Technology Mapping : Time (s): cpu = 00:00:27 ; elapsed = 00:00:32 . Memory (MB): peak = 2556.191 ; gain = 1048.867
---------------------------------------------------------------------------------
---------------------------------------------------------------------------------
Start IO Insertion
---------------------------------------------------------------------------------
---------------------------------------------------------------------------------
Start Flattening Before IO Insertion
---------------------------------------------------------------------------------
---------------------------------------------------------------------------------
Finished Flattening Before IO Insertion
---------------------------------------------------------------------------------
---------------------------------------------------------------------------------
Start Final Netlist Cleanup
---------------------------------------------------------------------------------
---------------------------------------------------------------------------------
Finished Final Netlist Cleanup
---------------------------------------------------------------------------------
---------------------------------------------------------------------------------
Finished IO Insertion : Time (s): cpu = 00:00:32 ; elapsed = 00:00:36 . Memory (MB): peak = 2570.941 ; gain = 1063.617
---------------------------------------------------------------------------------
---------------------------------------------------------------------------------
Start Renaming Generated Instances
---------------------------------------------------------------------------------
---------------------------------------------------------------------------------
Finished Renaming Generated Instances : Time (s): cpu = 00:00:32 ; elapsed = 00:00:36 . Memory (MB): peak = 2570.941 ; gain = 1063.617
---------------------------------------------------------------------------------
---------------------------------------------------------------------------------
Start Rebuilding User Hierarchy
---------------------------------------------------------------------------------
---------------------------------------------------------------------------------
Finished Rebuilding User Hierarchy : Time (s): cpu = 00:00:32 ; elapsed = 00:00:36 . Memory (MB): peak = 2570.941 ; gain = 1063.617
---------------------------------------------------------------------------------
---------------------------------------------------------------------------------
Start Renaming Generated Ports
---------------------------------------------------------------------------------
---------------------------------------------------------------------------------
Finished Renaming Generated Ports : Time (s): cpu = 00:00:32 ; elapsed = 00:00:36 . Memory (MB): peak = 2570.941 ; gain = 1063.617
---------------------------------------------------------------------------------
---------------------------------------------------------------------------------
Start Handling Custom Attributes
---------------------------------------------------------------------------------
---------------------------------------------------------------------------------
Finished Handling Custom Attributes : Time (s): cpu = 00:00:32 ; elapsed = 00:00:36 . Memory (MB): peak = 2570.941 ; gain = 1063.617
---------------------------------------------------------------------------------
---------------------------------------------------------------------------------
Start Renaming Generated Nets
---------------------------------------------------------------------------------
---------------------------------------------------------------------------------
Finished Renaming Generated Nets : Time (s): cpu = 00:00:32 ; elapsed = 00:00:36 . Memory (MB): peak = 2570.941 ; gain = 1063.617
---------------------------------------------------------------------------------
---------------------------------------------------------------------------------
Start Writing Synthesis Report
---------------------------------------------------------------------------------

Report BlackBoxes: 
+------+-----------------------------+----------+
|      |BlackBox name                |Instances |
+------+-----------------------------+----------+
|1     |design_1_xbar_0              |         1|
|2     |design_1_auto_pc_0           |         1|
|3     |design_1_auto_pc_1           |         1|
|4     |design_1_axi_fifo_mm_s_0_0   |         1|
|5     |design_1_axi_timer_0_0       |         1|
|6     |design_1_rst_ps8_0_99M_0     |         1|
|7     |design_1_sobel_hls_0_0       |         1|
|8     |design_1_zynq_ultra_ps_e_0_0 |         1|
+------+-----------------------------+----------+

Report Cell Usage: 
+------+---------------------------+------+
|      |Cell                       |Count |
+------+---------------------------+------+
|1     |design_1_auto_pc           |     2|
|3     |design_1_axi_fifo_mm_s_0   |     1|
|4     |design_1_axi_timer_0       |     1|
|5     |design_1_rst_ps8_0_99M     |     1|
|6     |design_1_sobel_hls_0       |     1|
|7     |design_1_xbar              |     1|
|8     |design_1_zynq_ultra_ps_e_0 |     1|
+------+---------------------------+------+
---------------------------------------------------------------------------------
Finished Writing Synthesis Report : Time (s): cpu = 00:00:32 ; elapsed = 00:00:36 . Memory (MB): peak = 2570.941 ; gain = 1063.617
---------------------------------------------------------------------------------
Synthesis finished with 0 errors, 0 critical warnings and 9 warnings.
Synthesis Optimization Runtime : Time (s): cpu = 00:00:20 ; elapsed = 00:00:31 . Memory (MB): peak = 2570.941 ; gain = 1047.762
Synthesis Optimization Complete : Time (s): cpu = 00:00:32 ; elapsed = 00:00:36 . Memory (MB): peak = 2570.941 ; gain = 1063.617
INFO: [Project 1-571] Translating synthesized netlist
Netlist sorting complete. Time (s): cpu = 00:00:00 ; elapsed = 00:00:00.021 . Memory (MB): peak = 2570.941 ; gain = 0.000
INFO: [Project 1-570] Preparing netlist for logic optimization
INFO: [Opt 31-138] Pushed 0 inverter(s) to 0 load pin(s).
Netlist sorting complete. Time (s): cpu = 00:00:00 ; elapsed = 00:00:00 . Memory (MB): peak = 2619.445 ; gain = 0.000
INFO: [Project 1-111] Unisim Transformation Summary:
No Unisim elements were transformed.

系统找不到指定的路径。
Synth Design complete | Checksum: cfa49754
INFO: [Common 17-83] Releasing license: Synthesis
52 Infos, 70 Warnings, 0 Critical Warnings and 0 Errors encountered.
synth_design completed successfully
synth_design: Time (s): cpu = 00:00:38 ; elapsed = 00:00:44 . Memory (MB): peak = 2624.480 ; gain = 2109.184
INFO: [Common 17-1381] The checkpoint 'D:/Semester1/CEG5203/workspace/project-fpga/vivado2023/ceg5203_project.runs/synth_1/design_1_wrapper.dcp' has been generated.
INFO: [runtcl-4] Executing : report_utilization -file design_1_wrapper_utilization_synth.rpt -pb design_1_wrapper_utilization_synth.pb
INFO: [Common 17-206] Exiting Vivado at Fri Nov  8 22:21:54 2024...
