INFO: [vitis-run 60-1548] Creating build summary session with primary output D:/Semester1/CEG5203/workspace/project-fpga/vitis2023/myip_v1_0_HLS/sobel_hls\sobel_hls.hlsrun_csim_summary, at 11/08/24 19:59:48
INFO: [vitis-run 82-31] Launching vitis_hls: vitis_hls -nolog -run csim -work_dir D:/Semester1/CEG5203/workspace/project-fpga/vitis2023/myip_v1_0_HLS/sobel_hls -config D:/Semester1/CEG5203/workspace/project-fpga/vitis2023/myip_v1_0_HLS/hls_config.cfg -cmdlineconfig D:/Semester1/CEG5203/workspace/project-fpga/vitis2023/myip_v1_0_HLS/sobel_hls/hls/config.cmdline
ECHO 处于关闭状态。
ECHO 处于关闭状态。

****** Vitis HLS - High-Level Synthesis from C, C++ and OpenCL v2023.2 (64-bit)
  **** SW Build 4023990 on Oct 11 2023
  **** IP Build 4028589 on Sat Oct 14 00:45:43 MDT 2023
  **** SharedData Build 4025554 on Tue Oct 10 17:18:54 MDT 2023
    ** Copyright 1986-2022 Xilinx, Inc. All Rights Reserved.
    ** Copyright 2022-2023 Advanced Micro Devices, Inc. All Rights Reserved.

source D:/Program/Xilinx/Vitis_HLS/2023.2/scripts/vitis_hls/hls.tcl -notrace
INFO: [HLS 200-10] Running 'D:/Program/Xilinx/Vitis_HLS/2023.2/bin/unwrapped/win64.o/vitis_hls.exe'
INFO: [HLS 200-10] For user '96160' on host 'thx_hp' (Windows NT_amd64 version 6.2) on Fri Nov 08 19:59:50 +0800 2024
INFO: [HLS 200-10] In directory 'D:/Semester1/CEG5203/workspace/project-fpga/vitis2023/myip_v1_0_HLS'
INFO: [HLS 200-1909] Reading HLS ini file D:/Semester1/CEG5203/workspace/project-fpga/vitis2023/myip_v1_0_HLS/hls_config.cfg
INFO: [HLS 200-1909] Reading HLS ini file D:/Semester1/CEG5203/workspace/project-fpga/vitis2023/myip_v1_0_HLS/sobel_hls/hls/config.cmdline
INFO: [HLS 200-2005] Using work_dir D:/Semester1/CEG5203/workspace/project-fpga/vitis2023/myip_v1_0_HLS/sobel_hls 
INFO: [HLS 200-1510] Running: open_project D:/Semester1/CEG5203/workspace/project-fpga/vitis2023/myip_v1_0_HLS/sobel_hls -diskless 
INFO: [HLS 200-1510] Running: open_solution hls 
INFO: [HLS 200-1505] Using default flow_target 'vivado'
Resolution: For help on HLS 200-1505 see docs.xilinx.com/access/sources/dita/topic?Doc_Version=2023.2%20English&url=ug1448-hls-guidance&resourceid=200-1505.html
INFO: [HLS 200-1510] Running: apply_ini D:/Semester1/CEG5203/workspace/project-fpga/vitis2023/myip_v1_0_HLS/hls_config.cfg 
INFO: [HLS 200-1909] Reading HLS ini file D:/Semester1/CEG5203/workspace/project-fpga/vitis2023/myip_v1_0_HLS/hls_config.cfg
INFO: [HLS 200-1465] Applying ini 'syn.file=D:/Semester1/CEG5203/workspace/project-fpga/vitis2023/myip_v1_0_HLS.cpp' at D:/Semester1/CEG5203/workspace/project-fpga/vitis2023/myip_v1_0_HLS/hls_config.cfg(7)
INFO: [HLS 200-10] Adding design file 'D:/Semester1/CEG5203/workspace/project-fpga/vitis2023/myip_v1_0_HLS.cpp' to the project
INFO: [HLS 200-1465] Applying ini 'tb.file=D:/Semester1/CEG5203/workspace/project-fpga/vitis2023/test_myip_v1_0_HLS-1.cpp' at D:/Semester1/CEG5203/workspace/project-fpga/vitis2023/myip_v1_0_HLS/hls_config.cfg(8)
INFO: [HLS 200-10] Adding test bench file 'D:/Semester1/CEG5203/workspace/project-fpga/vitis2023/test_myip_v1_0_HLS-1.cpp' to the project
INFO: [HLS 200-1465] Applying ini 'syn.top=sobel_hls' at D:/Semester1/CEG5203/workspace/project-fpga/vitis2023/myip_v1_0_HLS/hls_config.cfg(9)
INFO: [HLS 200-1465] Applying ini 'flow_target=vivado' at D:/Semester1/CEG5203/workspace/project-fpga/vitis2023/myip_v1_0_HLS/hls_config.cfg(4)
INFO: [HLS 200-1505] Using flow_target 'vivado'
Resolution: For help on HLS 200-1505 see docs.xilinx.com/access/sources/dita/topic?Doc_Version=2023.2%20English&url=ug1448-hls-guidance&resourceid=200-1505.html
INFO: [HLS 200-1465] Applying ini 'part=xck26-sfvc784-2LV-c' at D:/Semester1/CEG5203/workspace/project-fpga/vitis2023/myip_v1_0_HLS/hls_config.cfg(1)
INFO: [HLS 200-1611] Setting target device to 'xck26-sfvc784-2LV-c'
INFO: [HLS 200-1465] Applying ini 'clock=10ns' at D:/Semester1/CEG5203/workspace/project-fpga/vitis2023/myip_v1_0_HLS/hls_config.cfg(10)
INFO: [SYN 201-201] Setting up clock 'default' with a period of 10ns.
INFO: [HLS 200-1465] Applying ini 'package.output.format=ip_catalog' at D:/Semester1/CEG5203/workspace/project-fpga/vitis2023/myip_v1_0_HLS/hls_config.cfg(5)
INFO: [HLS 200-1510] Running: apply_ini D:/Semester1/CEG5203/workspace/project-fpga/vitis2023/myip_v1_0_HLS/sobel_hls/hls/config.cmdline 
INFO: [HLS 200-1909] Reading HLS ini file D:/Semester1/CEG5203/workspace/project-fpga/vitis2023/myip_v1_0_HLS/sobel_hls/hls/config.cmdline
INFO: [HLS 200-1510] Running: csim_design 
INFO: [SIM 211-2] *************** CSIM start ***************
INFO: [SIM 211-4] CSIM will launch GCC as the compiler.
INFO: [HLS 200-2036] Building debug C Simulation binaries
make: 'csim.exe' is up to date.
Transmitting Image...
Receiving Image...
Checking results...
Error: Pixel 1889 - Expected 133, Got 0
Error: Pixel 1890 - Expected 103, Got 0
Error: Pixel 1960 - Expected 153, Got 0
Error: Pixel 2099 - Expected 64, Got 0
Error: Pixel 2169 - Expected 134, Got 0
Error: Pixel 2170 - Expected 103, Got 0
Error: Pixel 2729 - Expected 29, Got 0
Error: Pixel 2730 - Expected 142, Got 0
Error: Pixel 2939 - Expected 137, Got 0
Error: Pixel 3009 - Expected 2, Got 0
Error: Pixel 3010 - Expected 13, Got 0
Error: Pixel 3080 - Expected 224, Got 0
Error: Pixel 3290 - Expected 8, Got 0
Error: Pixel 3429 - Expected 87, Got 0
Error: Pixel 3499 - Expected 10, Got 0
Error: Pixel 3500 - Expected 248, Got 0
Error: Pixel 3569 - Expected 210, Got 0
Error: Pixel 3570 - Expected 83, Got 0
Error: Pixel 3640 - Expected 101, Got 0
Error: Pixel 3710 - Expected 102, Got 0
Error: Pixel 3780 - Expected 104, Got 0
Error: Pixel 3850 - Expected 120, Got 0
Error: Pixel 4129 - Expected 42, Got 0
Error: Pixel 4130 - Expected 105, Got 0
Error: Pixel 4200 - Expected 8, Got 0
Error: Pixel 4269 - Expected 127, Got 0
Error: Pixel 4339 - Expected 192, Got 0
Error: Pixel 4832 - Expected 230, Got 0
Error: Pixel 4834 - Expected 190, Got 0
Error: Pixel 4835 - Expected 2, Got 0
Error: Pixel 4841 - Expected 219, Got 0
Error: Pixel 4842 - Expected 83, Got 0
Error: Pixel 4843 - Expected 64, Got 0
Error: Pixel 4850 - Expected 64, Got 0
Error: Pixel 4856 - Expected 16, Got 0
Error: Pixel 4864 - Expected 255, Got 0
Error: Pixel 4865 - Expected 255, Got 0
Error: Pixel 4866 - Expected 255, Got 0
Error: Pixel 4867 - Expected 255, Got 0
Error: Pixel 4868 - Expected 255, Got 0
Error: Pixel 4869 - Expected 255, Got 0
Error: Pixel 4870 - Expected 255, Got 0
Error: Pixel 4871 - Expected 255, Got 0
Error: Pixel 4872 - Expected 186, Got 0
Error: Pixel 4876 - Expected 190, Got 0
Error: Pixel 4877 - Expected 2, Got 0
Error: Pixel 4880 - Expected 1, Got 0
Error: Pixel 4896 - Expected 24, Got 0
Error: Pixel 4898 - Expected 60, Got 0
Test Failed
INFO [HLS SIM]: The maximum depth reached by any hls::stream() instance in the design is 4900
@E Simulation failed: Function 'main' returns nonzero value '1'.
ERROR: [SIM 211-100] 'csim_design' failed: nonzero return value.
INFO: [SIM 211-3] *************** CSIM finish ***************
INFO: [HLS 200-111] Finished Command csim_design CPU user time: 1 seconds. CPU system time: 1 seconds. Elapsed time: 0.943 seconds; current allocated memory: 0.770 MB.
INFO: [HLS 200-1510] Running: close_project 
ERROR: 4
INFO: [HLS 200-112] Total CPU user time: 1 seconds. Total CPU system time: 1 seconds. Total elapsed time: 2.33 seconds; peak allocated memory: 89.117 MB.
INFO: [Common 17-206] Exiting vitis_hls at Fri Nov  8 19:59:52 2024...
