INFO: [vitis-run 60-1548] Creating build summary session with primary output D:/Semester1/CEG5203/workspace/project-fpga/vitis2023/myip_v1_0_HLS/sobel_hls\sobel_hls.hlsrun_cosim_summary, at 11/08/24 20:49:32
INFO: [vitis-run 82-31] Launching vitis_hls: vitis_hls -nolog -run cosim -work_dir D:/Semester1/CEG5203/workspace/project-fpga/vitis2023/myip_v1_0_HLS/sobel_hls -config D:/Semester1/CEG5203/workspace/project-fpga/vitis2023/myip_v1_0_HLS/hls_config.cfg -cmdlineconfig D:/Semester1/CEG5203/workspace/project-fpga/vitis2023/myip_v1_0_HLS/sobel_hls/hls/config.cmdline
ECHO 处于关闭状态。
ECHO 处于关闭状态。

****** Vitis HLS - High-Level Synthesis from C, C++ and OpenCL v2023.2 (64-bit)
  **** SW Build 4023990 on Oct 11 2023
  **** IP Build 4028589 on Sat Oct 14 00:45:43 MDT 2023
  **** SharedData Build 4025554 on Tue Oct 10 17:18:54 MDT 2023
    ** Copyright 1986-2022 Xilinx, Inc. All Rights Reserved.
    ** Copyright 2022-2023 Advanced Micro Devices, Inc. All Rights Reserved.

source D:/Program/Xilinx/Vitis_HLS/2023.2/scripts/vitis_hls/hls.tcl -notrace
INFO: [HLS 200-10] Running 'D:/Program/Xilinx/Vitis_HLS/2023.2/bin/unwrapped/win64.o/vitis_hls.exe'
INFO: [HLS 200-10] For user '96160' on host 'thx_hp' (Windows NT_amd64 version 6.2) on Fri Nov 08 20:49:35 +0800 2024
INFO: [HLS 200-10] In directory 'D:/Semester1/CEG5203/workspace/project-fpga/vitis2023/myip_v1_0_HLS'
INFO: [HLS 200-1909] Reading HLS ini file D:/Semester1/CEG5203/workspace/project-fpga/vitis2023/myip_v1_0_HLS/hls_config.cfg
INFO: [HLS 200-1909] Reading HLS ini file D:/Semester1/CEG5203/workspace/project-fpga/vitis2023/myip_v1_0_HLS/sobel_hls/hls/config.cmdline
INFO: [HLS 200-2005] Using work_dir D:/Semester1/CEG5203/workspace/project-fpga/vitis2023/myip_v1_0_HLS/sobel_hls 
INFO: [HLS 200-1510] Running: open_project D:/Semester1/CEG5203/workspace/project-fpga/vitis2023/myip_v1_0_HLS/sobel_hls -diskless 
INFO: [HLS 200-1510] Running: open_solution hls 
INFO: [HLS 200-1505] Using default flow_target 'vivado'
Resolution: For help on HLS 200-1505 see docs.xilinx.com/access/sources/dita/topic?Doc_Version=2023.2%20English&url=ug1448-hls-guidance&resourceid=200-1505.html
INFO: [HLS 200-1510] Running: apply_ini D:/Semester1/CEG5203/workspace/project-fpga/vitis2023/myip_v1_0_HLS/hls_config.cfg 
INFO: [HLS 200-1909] Reading HLS ini file D:/Semester1/CEG5203/workspace/project-fpga/vitis2023/myip_v1_0_HLS/hls_config.cfg
INFO: [HLS 200-1465] Applying ini 'syn.file=D:/Semester1/CEG5203/workspace/project-fpga/vitis2023/myip_v1_0_HLS.cpp' at D:/Semester1/CEG5203/workspace/project-fpga/vitis2023/myip_v1_0_HLS/hls_config.cfg(7)
INFO: [HLS 200-10] Adding design file 'D:/Semester1/CEG5203/workspace/project-fpga/vitis2023/myip_v1_0_HLS.cpp' to the project
INFO: [HLS 200-1465] Applying ini 'tb.file=D:/Semester1/CEG5203/workspace/project-fpga/vitis2023/test_myip_v1_0_HLS-1.cpp' at D:/Semester1/CEG5203/workspace/project-fpga/vitis2023/myip_v1_0_HLS/hls_config.cfg(8)
INFO: [HLS 200-10] Adding test bench file 'D:/Semester1/CEG5203/workspace/project-fpga/vitis2023/test_myip_v1_0_HLS-1.cpp' to the project
INFO: [HLS 200-1465] Applying ini 'syn.top=sobel_hls' at D:/Semester1/CEG5203/workspace/project-fpga/vitis2023/myip_v1_0_HLS/hls_config.cfg(9)
INFO: [HLS 200-1465] Applying ini 'flow_target=vivado' at D:/Semester1/CEG5203/workspace/project-fpga/vitis2023/myip_v1_0_HLS/hls_config.cfg(4)
INFO: [HLS 200-1505] Using flow_target 'vivado'
Resolution: For help on HLS 200-1505 see docs.xilinx.com/access/sources/dita/topic?Doc_Version=2023.2%20English&url=ug1448-hls-guidance&resourceid=200-1505.html
INFO: [HLS 200-1465] Applying ini 'part=xck26-sfvc784-2LV-c' at D:/Semester1/CEG5203/workspace/project-fpga/vitis2023/myip_v1_0_HLS/hls_config.cfg(1)
INFO: [HLS 200-1611] Setting target device to 'xck26-sfvc784-2LV-c'
INFO: [HLS 200-1465] Applying ini 'clock=10ns' at D:/Semester1/CEG5203/workspace/project-fpga/vitis2023/myip_v1_0_HLS/hls_config.cfg(10)
INFO: [SYN 201-201] Setting up clock 'default' with a period of 10ns.
INFO: [HLS 200-1465] Applying ini 'package.output.format=ip_catalog' at D:/Semester1/CEG5203/workspace/project-fpga/vitis2023/myip_v1_0_HLS/hls_config.cfg(5)
INFO: [HLS 200-1510] Running: apply_ini D:/Semester1/CEG5203/workspace/project-fpga/vitis2023/myip_v1_0_HLS/sobel_hls/hls/config.cmdline 
INFO: [HLS 200-1909] Reading HLS ini file D:/Semester1/CEG5203/workspace/project-fpga/vitis2023/myip_v1_0_HLS/sobel_hls/hls/config.cmdline
INFO: [HLS 200-1510] Running: cosim_design 
INFO: [COSIM 212-47] Using XSIM for RTL simulation.
INFO: [COSIM 212-14] Instrumenting C test bench ...
   Build using "D:/Program/Xilinx/Vitis_HLS/2023.2/tps/win64/msys64/mingw64/bin/g++"
   Compiling myip_v1_0_HLS.cpp_pre.cpp.tb.cpp
   Compiling apatb_sobel_hls.cpp
   Compiling test_myip_v1_0_HLS-1.cpp_pre.cpp.tb.cpp
   Compiling apatb_sobel_hls_util.cpp
   Compiling apatb_sobel_hls_ir.ll
   Generating cosim.tv.exe
INFO: [COSIM 212-302] Starting C TB testing ... 
Transmitting Image...
Receiving Image...
Checking results...
Error: Pixel 0 - Expected 16, Got 0
Error: Pixel 1 - Expected 208, Got 0
Error: Pixel 2 - Expected 237, Got 0
Error: Pixel 3 - Expected 24, Got 0
Error: Pixel 4 - Expected 253, Got 0
Error: Pixel 5 - Expected 127, Got 0
Error: Pixel 18 - Expected 128, Got 0
Error: Pixel 24 - Expected 32, Got 0
Error: Pixel 25 - Expected 225, Got 0
Error: Pixel 26 - Expected 105, Got 0
Error: Pixel 27 - Expected 64, Got 0
Error: Pixel 200 - Expected 14, Got 0
Error: Pixel 249 - Expected 228, Got 0
Error: Pixel 250 - Expected 15, Got 0
Error: Pixel 299 - Expected 64, Got 0
Error: Pixel 349 - Expected 127, Got 0
Error: Pixel 499 - Expected 64, Got 0
Error: Pixel 800 - Expected 48, Got 0
Error: Pixel 849 - Expected 229, Got 0
Error: Pixel 850 - Expected 105, Got 0
Error: Pixel 899 - Expected 25, Got 0
Error: Pixel 900 - Expected 253, Got 0
Error: Pixel 1000 - Expected 136, Got 0
Error: Pixel 1049 - Expected 242, Got 0
Error: Pixel 1050 - Expected 175, Got 0
Error: Pixel 1200 - Expected 80, Got 0
Error: Pixel 1249 - Expected 2, Got 0
Error: Pixel 1250 - Expected 14, Got 0
Error: Pixel 1400 - Expected 2, Got 0
Error: Pixel 1499 - Expected 27, Got 0
Error: Pixel 1500 - Expected 253, Got 0
Error: Pixel 1699 - Expected 27, Got 0
Error: Pixel 1700 - Expected 253, Got 0
Error: Pixel 1749 - Expected 127, Got 0
Error: Pixel 1800 - Expected 217, Got 0
Error: Pixel 1849 - Expected 232, Got 0
Error: Pixel 1850 - Expected 105, Got 0
Error: Pixel 1899 - Expected 25, Got 0
Error: Pixel 1900 - Expected 253, Got 0
Error: Pixel 2000 - Expected 224, Got 0
Error: Pixel 2200 - Expected 48, Got 0
Error: Pixel 2249 - Expected 137, Got 0
Error: Pixel 2250 - Expected 197, Got 0
Error: Pixel 2400 - Expected 208, Got 0
Error: Pixel 2456 - Expected 176, Got 0
Error: Pixel 2457 - Expected 234, Got 0
Error: Pixel 2458 - Expected 105, Got 0
Error: Pixel 2459 - Expected 64, Got 0
Error: Pixel 2466 - Expected 54, Got 0
Error: Pixel 2467 - Expected 27, Got 0
Error: Pixel 2468 - Expected 253, Got 0
Error: Pixel 2469 - Expected 127, Got 0
Error: Pixel 2480 - Expected 208, Got 0
Error: Pixel 2481 - Expected 236, Got 0
Error: Pixel 2482 - Expected 105, Got 0
Error: Pixel 2483 - Expected 64, Got 0
Error: Pixel 2488 - Expected 8, Got 0
Test Passed
INFO [HLS SIM]: The maximum depth reached by any hls::stream() instance in the design is 2500
ERROR: [COSIM 212-360] Aborting co-simulation: C TB simulation failed.
ERROR: [COSIM 212-320] C TB testing failed, stop generating test vectors. Please check C TB or re-run cosim.
ERROR: [COSIM 212-5] *** C/RTL co-simulation file generation failed. ***
ERROR: [COSIM 212-4] *** C/RTL co-simulation finished: FAIL ***
INFO: [HLS 200-111] Finished Command cosim_design CPU user time: 1 seconds. CPU system time: 0 seconds. Elapsed time: 16.488 seconds; current allocated memory: 15.309 MB.
INFO: [HLS 200-1510] Running: close_project 
ERROR: 
INFO: [HLS 200-112] Total CPU user time: 2 seconds. Total CPU system time: 1 seconds. Total elapsed time: 17.771 seconds; peak allocated memory: 103.359 MB.
INFO: [Common 17-206] Exiting vitis_hls at Fri Nov  8 20:49:52 2024...
