INFO: [v++ 60-1548] Creating build summary session with primary output D:/Semester1/CEG5203/workspace/project-fpga/vitis2023/myip_v1_0_HLS/sobel_hls\sobel_hls.hlscompile_summary, at 11/08/24 20:47:02
INFO: [v++ 82-31] Launching vitis_hls: vitis_hls -nolog -run csynth -work_dir D:/Semester1/CEG5203/workspace/project-fpga/vitis2023/myip_v1_0_HLS/sobel_hls -config D:/Semester1/CEG5203/workspace/project-fpga/vitis2023/myip_v1_0_HLS/hls_config.cfg -cmdlineconfig D:/Semester1/CEG5203/workspace/project-fpga/vitis2023/myip_v1_0_HLS/sobel_hls/hls/config.cmdline
ECHO 处于关闭状态。
ECHO 处于关闭状态。

****** Vitis HLS - High-Level Synthesis from C, C++ and OpenCL v2023.2 (64-bit)
  **** SW Build 4023990 on Oct 11 2023
  **** IP Build 4028589 on Sat Oct 14 00:45:43 MDT 2023
  **** SharedData Build 4025554 on Tue Oct 10 17:18:54 MDT 2023
    ** Copyright 1986-2022 Xilinx, Inc. All Rights Reserved.
    ** Copyright 2022-2023 Advanced Micro Devices, Inc. All Rights Reserved.

source D:/Program/Xilinx/Vitis_HLS/2023.2/scripts/vitis_hls/hls.tcl -notrace
INFO: [HLS 200-10] Running 'D:/Program/Xilinx/Vitis_HLS/2023.2/bin/unwrapped/win64.o/vitis_hls.exe'
INFO: [HLS 200-10] For user '96160' on host 'thx_hp' (Windows NT_amd64 version 6.2) on Fri Nov 08 20:47:05 +0800 2024
INFO: [HLS 200-10] In directory 'D:/Semester1/CEG5203/workspace/project-fpga/vitis2023/myip_v1_0_HLS'
INFO: [HLS 200-1909] Reading HLS ini file D:/Semester1/CEG5203/workspace/project-fpga/vitis2023/myip_v1_0_HLS/hls_config.cfg
INFO: [HLS 200-1909] Reading HLS ini file D:/Semester1/CEG5203/workspace/project-fpga/vitis2023/myip_v1_0_HLS/sobel_hls/hls/config.cmdline
INFO: [HLS 200-2005] Using work_dir D:/Semester1/CEG5203/workspace/project-fpga/vitis2023/myip_v1_0_HLS/sobel_hls 
INFO: [HLS 200-1510] Running: open_project D:/Semester1/CEG5203/workspace/project-fpga/vitis2023/myip_v1_0_HLS/sobel_hls -diskless 
INFO: [HLS 200-1510] Running: open_solution hls 
INFO: [HLS 200-1505] Using default flow_target 'vivado'
Resolution: For help on HLS 200-1505 see docs.xilinx.com/access/sources/dita/topic?Doc_Version=2023.2%20English&url=ug1448-hls-guidance&resourceid=200-1505.html
INFO: [HLS 200-1510] Running: apply_ini D:/Semester1/CEG5203/workspace/project-fpga/vitis2023/myip_v1_0_HLS/hls_config.cfg 
INFO: [HLS 200-1909] Reading HLS ini file D:/Semester1/CEG5203/workspace/project-fpga/vitis2023/myip_v1_0_HLS/hls_config.cfg
INFO: [HLS 200-1465] Applying ini 'syn.file=D:/Semester1/CEG5203/workspace/project-fpga/vitis2023/myip_v1_0_HLS.cpp' at D:/Semester1/CEG5203/workspace/project-fpga/vitis2023/myip_v1_0_HLS/hls_config.cfg(7)
INFO: [HLS 200-10] Adding design file 'D:/Semester1/CEG5203/workspace/project-fpga/vitis2023/myip_v1_0_HLS.cpp' to the project
INFO: [HLS 200-1465] Applying ini 'tb.file=D:/Semester1/CEG5203/workspace/project-fpga/vitis2023/test_myip_v1_0_HLS-1.cpp' at D:/Semester1/CEG5203/workspace/project-fpga/vitis2023/myip_v1_0_HLS/hls_config.cfg(8)
INFO: [HLS 200-10] Adding test bench file 'D:/Semester1/CEG5203/workspace/project-fpga/vitis2023/test_myip_v1_0_HLS-1.cpp' to the project
INFO: [HLS 200-1465] Applying ini 'syn.top=sobel_hls' at D:/Semester1/CEG5203/workspace/project-fpga/vitis2023/myip_v1_0_HLS/hls_config.cfg(9)
INFO: [HLS 200-1465] Applying ini 'flow_target=vivado' at D:/Semester1/CEG5203/workspace/project-fpga/vitis2023/myip_v1_0_HLS/hls_config.cfg(4)
INFO: [HLS 200-1505] Using flow_target 'vivado'
Resolution: For help on HLS 200-1505 see docs.xilinx.com/access/sources/dita/topic?Doc_Version=2023.2%20English&url=ug1448-hls-guidance&resourceid=200-1505.html
INFO: [HLS 200-1465] Applying ini 'part=xck26-sfvc784-2LV-c' at D:/Semester1/CEG5203/workspace/project-fpga/vitis2023/myip_v1_0_HLS/hls_config.cfg(1)
INFO: [HLS 200-1611] Setting target device to 'xck26-sfvc784-2LV-c'
INFO: [HLS 200-1465] Applying ini 'clock=10ns' at D:/Semester1/CEG5203/workspace/project-fpga/vitis2023/myip_v1_0_HLS/hls_config.cfg(10)
INFO: [SYN 201-201] Setting up clock 'default' with a period of 10ns.
INFO: [HLS 200-1465] Applying ini 'package.output.format=ip_catalog' at D:/Semester1/CEG5203/workspace/project-fpga/vitis2023/myip_v1_0_HLS/hls_config.cfg(5)
INFO: [HLS 200-1510] Running: apply_ini D:/Semester1/CEG5203/workspace/project-fpga/vitis2023/myip_v1_0_HLS/sobel_hls/hls/config.cmdline 
INFO: [HLS 200-1909] Reading HLS ini file D:/Semester1/CEG5203/workspace/project-fpga/vitis2023/myip_v1_0_HLS/sobel_hls/hls/config.cmdline
INFO: [HLS 200-1510] Running: csynth_design 
INFO: [HLS 200-111] Finished File checks and directory preparation: CPU user time: 0 seconds. CPU system time: 0 seconds. Elapsed time: 0.111 seconds; current allocated memory: 89.176 MB.
INFO: [HLS 200-10] Analyzing design file 'D:/Semester1/CEG5203/workspace/project-fpga/vitis2023/myip_v1_0_HLS.cpp' ... 
INFO: [HLS 200-111] Finished Source Code Analysis and Preprocessing: CPU user time: 0 seconds. CPU system time: 0 seconds. Elapsed time: 5.153 seconds; current allocated memory: 92.285 MB.
INFO: [HLS 200-777] Using interface defaults for 'Vivado' flow target.
INFO: [HLS 200-1995] There were 389 instructions in the design after the 'Compile/Link' phase of compilation. See the Design Size Report for more details: D:/Semester1/CEG5203/workspace/project-fpga/vitis2023/myip_v1_0_HLS/sobel_hls/hls/syn/report/csynth_design_size.rpt
INFO: [HLS 200-1995] There were 191 instructions in the design after the 'Unroll/Inline (step 1)' phase of compilation. See the Design Size Report for more details: D:/Semester1/CEG5203/workspace/project-fpga/vitis2023/myip_v1_0_HLS/sobel_hls/hls/syn/report/csynth_design_size.rpt
INFO: [HLS 200-1995] There were 149 instructions in the design after the 'Unroll/Inline (step 2)' phase of compilation. See the Design Size Report for more details: D:/Semester1/CEG5203/workspace/project-fpga/vitis2023/myip_v1_0_HLS/sobel_hls/hls/syn/report/csynth_design_size.rpt
INFO: [HLS 200-1995] There were 139 instructions in the design after the 'Unroll/Inline (step 3)' phase of compilation. See the Design Size Report for more details: D:/Semester1/CEG5203/workspace/project-fpga/vitis2023/myip_v1_0_HLS/sobel_hls/hls/syn/report/csynth_design_size.rpt
INFO: [HLS 200-1995] There were 139 instructions in the design after the 'Unroll/Inline (step 4)' phase of compilation. See the Design Size Report for more details: D:/Semester1/CEG5203/workspace/project-fpga/vitis2023/myip_v1_0_HLS/sobel_hls/hls/syn/report/csynth_design_size.rpt
INFO: [HLS 200-1995] There were 1,337 instructions in the design after the 'Array/Struct (step 1)' phase of compilation. See the Design Size Report for more details: D:/Semester1/CEG5203/workspace/project-fpga/vitis2023/myip_v1_0_HLS/sobel_hls/hls/syn/report/csynth_design_size.rpt
INFO: [HLS 200-1995] There were 1,334 instructions in the design after the 'Array/Struct (step 2)' phase of compilation. See the Design Size Report for more details: D:/Semester1/CEG5203/workspace/project-fpga/vitis2023/myip_v1_0_HLS/sobel_hls/hls/syn/report/csynth_design_size.rpt
INFO: [HLS 200-1995] There were 1,334 instructions in the design after the 'Array/Struct (step 3)' phase of compilation. See the Design Size Report for more details: D:/Semester1/CEG5203/workspace/project-fpga/vitis2023/myip_v1_0_HLS/sobel_hls/hls/syn/report/csynth_design_size.rpt
INFO: [HLS 200-1995] There were 1,334 instructions in the design after the 'Array/Struct (step 4)' phase of compilation. See the Design Size Report for more details: D:/Semester1/CEG5203/workspace/project-fpga/vitis2023/myip_v1_0_HLS/sobel_hls/hls/syn/report/csynth_design_size.rpt
INFO: [HLS 200-1995] There were 1,359 instructions in the design after the 'Array/Struct (step 5)' phase of compilation. See the Design Size Report for more details: D:/Semester1/CEG5203/workspace/project-fpga/vitis2023/myip_v1_0_HLS/sobel_hls/hls/syn/report/csynth_design_size.rpt
INFO: [HLS 200-1995] There were 1,354 instructions in the design after the 'Performance (step 1)' phase of compilation. See the Design Size Report for more details: D:/Semester1/CEG5203/workspace/project-fpga/vitis2023/myip_v1_0_HLS/sobel_hls/hls/syn/report/csynth_design_size.rpt
INFO: [HLS 200-1995] There were 2,730 instructions in the design after the 'Performance (step 2)' phase of compilation. See the Design Size Report for more details: D:/Semester1/CEG5203/workspace/project-fpga/vitis2023/myip_v1_0_HLS/sobel_hls/hls/syn/report/csynth_design_size.rpt
INFO: [HLS 200-1995] There were 5,275 instructions in the design after the 'Performance (step 3)' phase of compilation. See the Design Size Report for more details: D:/Semester1/CEG5203/workspace/project-fpga/vitis2023/myip_v1_0_HLS/sobel_hls/hls/syn/report/csynth_design_size.rpt
INFO: [HLS 200-1995] There were 4,381 instructions in the design after the 'Performance (step 4)' phase of compilation. See the Design Size Report for more details: D:/Semester1/CEG5203/workspace/project-fpga/vitis2023/myip_v1_0_HLS/sobel_hls/hls/syn/report/csynth_design_size.rpt
INFO: [HLS 200-1995] There were 4,174 instructions in the design after the 'HW Transforms (step 1)' phase of compilation. See the Design Size Report for more details: D:/Semester1/CEG5203/workspace/project-fpga/vitis2023/myip_v1_0_HLS/sobel_hls/hls/syn/report/csynth_design_size.rpt
INFO: [HLS 200-1995] There were 4,090 instructions in the design after the 'HW Transforms (step 2)' phase of compilation. See the Design Size Report for more details: D:/Semester1/CEG5203/workspace/project-fpga/vitis2023/myip_v1_0_HLS/sobel_hls/hls/syn/report/csynth_design_size.rpt
INFO: [HLS 214-248] Applying array_partition to 'frame': Complete partitioning on dimension 2. (D:/Semester1/CEG5203/workspace/project-fpga/vitis2023/myip_v1_0_HLS.cpp:19:16)
INFO: [HLS 214-248] Applying array_partition to 'output': Complete partitioning on dimension 2. (D:/Semester1/CEG5203/workspace/project-fpga/vitis2023/myip_v1_0_HLS.cpp:20:19)
INFO: [HLS 214-376] automatically set the pipeline for Loop< unknown> at  
INFO: [HLS 214-376] automatically set the pipeline for Loop< VITIS_LOOP_33_2> at D:/Semester1/CEG5203/workspace/project-fpga/vitis2023/myip_v1_0_HLS.cpp:33:26 
INFO: [HLS 214-376] automatically set the pipeline for Loop< VITIS_LOOP_41_4> at D:/Semester1/CEG5203/workspace/project-fpga/vitis2023/myip_v1_0_HLS.cpp:41:26 
INFO: [HLS 214-376] automatically set the pipeline for Loop< VITIS_LOOP_56_7> at D:/Semester1/CEG5203/workspace/project-fpga/vitis2023/myip_v1_0_HLS.cpp:56:22 
INFO: [HLS 214-291] Loop 'VITIS_LOOP_57_8' is marked as complete unroll implied by the pipeline pragma (D:/Semester1/CEG5203/workspace/project-fpga/vitis2023/myip_v1_0_HLS.cpp:57:26)
INFO: [HLS 214-291] Loop 'VITIS_LOOP_43_5' is marked as complete unroll implied by the pipeline pragma (D:/Semester1/CEG5203/workspace/project-fpga/vitis2023/myip_v1_0_HLS.cpp:43:30)
INFO: [HLS 214-291] Loop 'VITIS_LOOP_44_6' is marked as complete unroll implied by the pipeline pragma (D:/Semester1/CEG5203/workspace/project-fpga/vitis2023/myip_v1_0_HLS.cpp:44:34)
INFO: [HLS 214-186] Unrolling loop 'VITIS_LOOP_57_8' (D:/Semester1/CEG5203/workspace/project-fpga/vitis2023/myip_v1_0_HLS.cpp:57:26) in function 'sobel_hls' completely with a factor of 50 (D:/Semester1/CEG5203/workspace/project-fpga/vitis2023/myip_v1_0_HLS.cpp:12:0)
INFO: [HLS 214-186] Unrolling loop 'VITIS_LOOP_43_5' (D:/Semester1/CEG5203/workspace/project-fpga/vitis2023/myip_v1_0_HLS.cpp:43:30) in function 'sobel_hls' completely with a factor of 3 (D:/Semester1/CEG5203/workspace/project-fpga/vitis2023/myip_v1_0_HLS.cpp:12:0)
INFO: [HLS 214-186] Unrolling loop 'VITIS_LOOP_44_6' (D:/Semester1/CEG5203/workspace/project-fpga/vitis2023/myip_v1_0_HLS.cpp:44:34) in function 'sobel_hls' completely with a factor of 3 (D:/Semester1/CEG5203/workspace/project-fpga/vitis2023/myip_v1_0_HLS.cpp:12:0)
INFO: [HLS 214-270] Inferring pragma 'array_partition type=cyclic factor=3 dim=1' for array 'frame_0' due to pipeline pragma (D:/Semester1/CEG5203/workspace/project-fpga/vitis2023/myip_v1_0_HLS.cpp:19:16)
INFO: [HLS 214-270] Inferring pragma 'array_partition type=cyclic factor=3 dim=1' for array 'frame_1' due to pipeline pragma (D:/Semester1/CEG5203/workspace/project-fpga/vitis2023/myip_v1_0_HLS.cpp:19:16)
INFO: [HLS 214-270] Inferring pragma 'array_partition type=cyclic factor=3 dim=1' for array 'frame_10' due to pipeline pragma (D:/Semester1/CEG5203/workspace/project-fpga/vitis2023/myip_v1_0_HLS.cpp:19:16)
INFO: [HLS 214-270] Inferring pragma 'array_partition type=cyclic factor=3 dim=1' for array 'frame_11' due to pipeline pragma (D:/Semester1/CEG5203/workspace/project-fpga/vitis2023/myip_v1_0_HLS.cpp:19:16)
INFO: [HLS 214-270] Inferring pragma 'array_partition type=cyclic factor=3 dim=1' for array 'frame_12' due to pipeline pragma (D:/Semester1/CEG5203/workspace/project-fpga/vitis2023/myip_v1_0_HLS.cpp:19:16)
INFO: [HLS 214-270] Inferring pragma 'array_partition type=cyclic factor=3 dim=1' for array 'frame_13' due to pipeline pragma (D:/Semester1/CEG5203/workspace/project-fpga/vitis2023/myip_v1_0_HLS.cpp:19:16)
INFO: [HLS 214-270] Inferring pragma 'array_partition type=cyclic factor=3 dim=1' for array 'frame_14' due to pipeline pragma (D:/Semester1/CEG5203/workspace/project-fpga/vitis2023/myip_v1_0_HLS.cpp:19:16)
INFO: [HLS 214-270] Inferring pragma 'array_partition type=cyclic factor=3 dim=1' for array 'frame_15' due to pipeline pragma (D:/Semester1/CEG5203/workspace/project-fpga/vitis2023/myip_v1_0_HLS.cpp:19:16)
INFO: [HLS 214-270] Inferring pragma 'array_partition type=cyclic factor=3 dim=1' for array 'frame_16' due to pipeline pragma (D:/Semester1/CEG5203/workspace/project-fpga/vitis2023/myip_v1_0_HLS.cpp:19:16)
INFO: [HLS 214-270] Inferring pragma 'array_partition type=cyclic factor=3 dim=1' for array 'frame_17' due to pipeline pragma (D:/Semester1/CEG5203/workspace/project-fpga/vitis2023/myip_v1_0_HLS.cpp:19:16)
INFO: [HLS 214-270] Inferring pragma 'array_partition type=cyclic factor=3 dim=1' for array 'frame_18' due to pipeline pragma (D:/Semester1/CEG5203/workspace/project-fpga/vitis2023/myip_v1_0_HLS.cpp:19:16)
INFO: [HLS 214-270] Inferring pragma 'array_partition type=cyclic factor=3 dim=1' for array 'frame_19' due to pipeline pragma (D:/Semester1/CEG5203/workspace/project-fpga/vitis2023/myip_v1_0_HLS.cpp:19:16)
INFO: [HLS 214-270] Inferring pragma 'array_partition type=cyclic factor=3 dim=1' for array 'frame_2' due to pipeline pragma (D:/Semester1/CEG5203/workspace/project-fpga/vitis2023/myip_v1_0_HLS.cpp:19:16)
INFO: [HLS 214-270] Inferring pragma 'array_partition type=cyclic factor=3 dim=1' for array 'frame_20' due to pipeline pragma (D:/Semester1/CEG5203/workspace/project-fpga/vitis2023/myip_v1_0_HLS.cpp:19:16)
INFO: [HLS 214-270] Inferring pragma 'array_partition type=cyclic factor=3 dim=1' for array 'frame_21' due to pipeline pragma (D:/Semester1/CEG5203/workspace/project-fpga/vitis2023/myip_v1_0_HLS.cpp:19:16)
INFO: [HLS 214-270] Inferring pragma 'array_partition type=cyclic factor=3 dim=1' for array 'frame_22' due to pipeline pragma (D:/Semester1/CEG5203/workspace/project-fpga/vitis2023/myip_v1_0_HLS.cpp:19:16)
INFO: [HLS 214-270] Inferring pragma 'array_partition type=cyclic factor=3 dim=1' for array 'frame_23' due to pipeline pragma (D:/Semester1/CEG5203/workspace/project-fpga/vitis2023/myip_v1_0_HLS.cpp:19:16)
INFO: [HLS 214-270] Inferring pragma 'array_partition type=cyclic factor=3 dim=1' for array 'frame_24' due to pipeline pragma (D:/Semester1/CEG5203/workspace/project-fpga/vitis2023/myip_v1_0_HLS.cpp:19:16)
INFO: [HLS 214-270] Inferring pragma 'array_partition type=cyclic factor=3 dim=1' for array 'frame_25' due to pipeline pragma (D:/Semester1/CEG5203/workspace/project-fpga/vitis2023/myip_v1_0_HLS.cpp:19:16)
INFO: [HLS 214-270] Inferring pragma 'array_partition type=cyclic factor=3 dim=1' for array 'frame_26' due to pipeline pragma (D:/Semester1/CEG5203/workspace/project-fpga/vitis2023/myip_v1_0_HLS.cpp:19:16)
INFO: [HLS 214-270] Inferring pragma 'array_partition type=cyclic factor=3 dim=1' for array 'frame_27' due to pipeline pragma (D:/Semester1/CEG5203/workspace/project-fpga/vitis2023/myip_v1_0_HLS.cpp:19:16)
INFO: [HLS 214-270] Inferring pragma 'array_partition type=cyclic factor=3 dim=1' for array 'frame_28' due to pipeline pragma (D:/Semester1/CEG5203/workspace/project-fpga/vitis2023/myip_v1_0_HLS.cpp:19:16)
INFO: [HLS 214-270] Inferring pragma 'array_partition type=cyclic factor=3 dim=1' for array 'frame_29' due to pipeline pragma (D:/Semester1/CEG5203/workspace/project-fpga/vitis2023/myip_v1_0_HLS.cpp:19:16)
INFO: [HLS 214-270] Inferring pragma 'array_partition type=cyclic factor=3 dim=1' for array 'frame_3' due to pipeline pragma (D:/Semester1/CEG5203/workspace/project-fpga/vitis2023/myip_v1_0_HLS.cpp:19:16)
INFO: [HLS 214-270] Inferring pragma 'array_partition type=cyclic factor=3 dim=1' for array 'frame_30' due to pipeline pragma (D:/Semester1/CEG5203/workspace/project-fpga/vitis2023/myip_v1_0_HLS.cpp:19:16)
INFO: [HLS 214-270] Inferring pragma 'array_partition type=cyclic factor=3 dim=1' for array 'frame_31' due to pipeline pragma (D:/Semester1/CEG5203/workspace/project-fpga/vitis2023/myip_v1_0_HLS.cpp:19:16)
INFO: [HLS 214-270] Inferring pragma 'array_partition type=cyclic factor=3 dim=1' for array 'frame_32' due to pipeline pragma (D:/Semester1/CEG5203/workspace/project-fpga/vitis2023/myip_v1_0_HLS.cpp:19:16)
INFO: [HLS 214-270] Inferring pragma 'array_partition type=cyclic factor=3 dim=1' for array 'frame_33' due to pipeline pragma (D:/Semester1/CEG5203/workspace/project-fpga/vitis2023/myip_v1_0_HLS.cpp:19:16)
INFO: [HLS 214-270] Inferring pragma 'array_partition type=cyclic factor=3 dim=1' for array 'frame_34' due to pipeline pragma (D:/Semester1/CEG5203/workspace/project-fpga/vitis2023/myip_v1_0_HLS.cpp:19:16)
INFO: [HLS 214-270] Inferring pragma 'array_partition type=cyclic factor=3 dim=1' for array 'frame_35' due to pipeline pragma (D:/Semester1/CEG5203/workspace/project-fpga/vitis2023/myip_v1_0_HLS.cpp:19:16)
INFO: [HLS 214-270] Inferring pragma 'array_partition type=cyclic factor=3 dim=1' for array 'frame_36' due to pipeline pragma (D:/Semester1/CEG5203/workspace/project-fpga/vitis2023/myip_v1_0_HLS.cpp:19:16)
INFO: [HLS 214-270] Inferring pragma 'array_partition type=cyclic factor=3 dim=1' for array 'frame_37' due to pipeline pragma (D:/Semester1/CEG5203/workspace/project-fpga/vitis2023/myip_v1_0_HLS.cpp:19:16)
INFO: [HLS 214-270] Inferring pragma 'array_partition type=cyclic factor=3 dim=1' for array 'frame_38' due to pipeline pragma (D:/Semester1/CEG5203/workspace/project-fpga/vitis2023/myip_v1_0_HLS.cpp:19:16)
INFO: [HLS 214-270] Inferring pragma 'array_partition type=cyclic factor=3 dim=1' for array 'frame_39' due to pipeline pragma (D:/Semester1/CEG5203/workspace/project-fpga/vitis2023/myip_v1_0_HLS.cpp:19:16)
INFO: [HLS 214-270] Inferring pragma 'array_partition type=cyclic factor=3 dim=1' for array 'frame_4' due to pipeline pragma (D:/Semester1/CEG5203/workspace/project-fpga/vitis2023/myip_v1_0_HLS.cpp:19:16)
INFO: [HLS 214-270] Inferring pragma 'array_partition type=cyclic factor=3 dim=1' for array 'frame_40' due to pipeline pragma (D:/Semester1/CEG5203/workspace/project-fpga/vitis2023/myip_v1_0_HLS.cpp:19:16)
INFO: [HLS 214-270] Inferring pragma 'array_partition type=cyclic factor=3 dim=1' for array 'frame_41' due to pipeline pragma (D:/Semester1/CEG5203/workspace/project-fpga/vitis2023/myip_v1_0_HLS.cpp:19:16)
INFO: [HLS 214-270] Inferring pragma 'array_partition type=cyclic factor=3 dim=1' for array 'frame_42' due to pipeline pragma (D:/Semester1/CEG5203/workspace/project-fpga/vitis2023/myip_v1_0_HLS.cpp:19:16)
INFO: [HLS 214-270] Inferring pragma 'array_partition type=cyclic factor=3 dim=1' for array 'frame_43' due to pipeline pragma (D:/Semester1/CEG5203/workspace/project-fpga/vitis2023/myip_v1_0_HLS.cpp:19:16)
INFO: [HLS 214-270] Inferring pragma 'array_partition type=cyclic factor=3 dim=1' for array 'frame_44' due to pipeline pragma (D:/Semester1/CEG5203/workspace/project-fpga/vitis2023/myip_v1_0_HLS.cpp:19:16)
INFO: [HLS 214-270] Inferring pragma 'array_partition type=cyclic factor=3 dim=1' for array 'frame_45' due to pipeline pragma (D:/Semester1/CEG5203/workspace/project-fpga/vitis2023/myip_v1_0_HLS.cpp:19:16)
INFO: [HLS 214-270] Inferring pragma 'array_partition type=cyclic factor=3 dim=1' for array 'frame_46' due to pipeline pragma (D:/Semester1/CEG5203/workspace/project-fpga/vitis2023/myip_v1_0_HLS.cpp:19:16)
INFO: [HLS 214-270] Inferring pragma 'array_partition type=cyclic factor=3 dim=1' for array 'frame_47' due to pipeline pragma (D:/Semester1/CEG5203/workspace/project-fpga/vitis2023/myip_v1_0_HLS.cpp:19:16)
INFO: [HLS 214-270] Inferring pragma 'array_partition type=cyclic factor=3 dim=1' for array 'frame_48' due to pipeline pragma (D:/Semester1/CEG5203/workspace/project-fpga/vitis2023/myip_v1_0_HLS.cpp:19:16)
INFO: [HLS 214-270] Inferring pragma 'array_partition type=cyclic factor=3 dim=1' for array 'frame_49' due to pipeline pragma (D:/Semester1/CEG5203/workspace/project-fpga/vitis2023/myip_v1_0_HLS.cpp:19:16)
INFO: [HLS 214-270] Inferring pragma 'array_partition type=cyclic factor=3 dim=1' for array 'frame_5' due to pipeline pragma (D:/Semester1/CEG5203/workspace/project-fpga/vitis2023/myip_v1_0_HLS.cpp:19:16)
INFO: [HLS 214-270] Inferring pragma 'array_partition type=cyclic factor=3 dim=1' for array 'frame_6' due to pipeline pragma (D:/Semester1/CEG5203/workspace/project-fpga/vitis2023/myip_v1_0_HLS.cpp:19:16)
INFO: [HLS 214-270] Inferring pragma 'array_partition type=cyclic factor=3 dim=1' for array 'frame_7' due to pipeline pragma (D:/Semester1/CEG5203/workspace/project-fpga/vitis2023/myip_v1_0_HLS.cpp:19:16)
INFO: [HLS 214-270] Inferring pragma 'array_partition type=cyclic factor=3 dim=1' for array 'frame_8' due to pipeline pragma (D:/Semester1/CEG5203/workspace/project-fpga/vitis2023/myip_v1_0_HLS.cpp:19:16)
INFO: [HLS 214-270] Inferring pragma 'array_partition type=cyclic factor=3 dim=1' for array 'frame_9' due to pipeline pragma (D:/Semester1/CEG5203/workspace/project-fpga/vitis2023/myip_v1_0_HLS.cpp:19:16)
INFO: [HLS 214-248] Applying array_partition to 'frame_0': Cyclic partitioning with factor 3 on dimension 1. (D:/Semester1/CEG5203/workspace/project-fpga/vitis2023/myip_v1_0_HLS.cpp:19:16)
INFO: [HLS 214-248] Applying array_partition to 'frame_1': Cyclic partitioning with factor 3 on dimension 1. (D:/Semester1/CEG5203/workspace/project-fpga/vitis2023/myip_v1_0_HLS.cpp:19:16)
INFO: [HLS 214-248] Applying array_partition to 'frame_2': Cyclic partitioning with factor 3 on dimension 1. (D:/Semester1/CEG5203/workspace/project-fpga/vitis2023/myip_v1_0_HLS.cpp:19:16)
INFO: [HLS 214-248] Applying array_partition to 'frame_3': Cyclic partitioning with factor 3 on dimension 1. (D:/Semester1/CEG5203/workspace/project-fpga/vitis2023/myip_v1_0_HLS.cpp:19:16)
INFO: [HLS 214-248] Applying array_partition to 'frame_4': Cyclic partitioning with factor 3 on dimension 1. (D:/Semester1/CEG5203/workspace/project-fpga/vitis2023/myip_v1_0_HLS.cpp:19:16)
INFO: [HLS 214-248] Applying array_partition to 'frame_5': Cyclic partitioning with factor 3 on dimension 1. (D:/Semester1/CEG5203/workspace/project-fpga/vitis2023/myip_v1_0_HLS.cpp:19:16)
INFO: [HLS 214-248] Applying array_partition to 'frame_6': Cyclic partitioning with factor 3 on dimension 1. (D:/Semester1/CEG5203/workspace/project-fpga/vitis2023/myip_v1_0_HLS.cpp:19:16)
INFO: [HLS 214-248] Applying array_partition to 'frame_7': Cyclic partitioning with factor 3 on dimension 1. (D:/Semester1/CEG5203/workspace/project-fpga/vitis2023/myip_v1_0_HLS.cpp:19:16)
INFO: [HLS 214-248] Applying array_partition to 'frame_8': Cyclic partitioning with factor 3 on dimension 1. (D:/Semester1/CEG5203/workspace/project-fpga/vitis2023/myip_v1_0_HLS.cpp:19:16)
INFO: [HLS 214-248] Applying array_partition to 'frame_9': Cyclic partitioning with factor 3 on dimension 1. (D:/Semester1/CEG5203/workspace/project-fpga/vitis2023/myip_v1_0_HLS.cpp:19:16)
INFO: [HLS 214-248] Applying array_partition to 'frame_10': Cyclic partitioning with factor 3 on dimension 1. (D:/Semester1/CEG5203/workspace/project-fpga/vitis2023/myip_v1_0_HLS.cpp:19:16)
INFO: [HLS 214-248] Applying array_partition to 'frame_11': Cyclic partitioning with factor 3 on dimension 1. (D:/Semester1/CEG5203/workspace/project-fpga/vitis2023/myip_v1_0_HLS.cpp:19:16)
INFO: [HLS 214-248] Applying array_partition to 'frame_12': Cyclic partitioning with factor 3 on dimension 1. (D:/Semester1/CEG5203/workspace/project-fpga/vitis2023/myip_v1_0_HLS.cpp:19:16)
INFO: [HLS 214-248] Applying array_partition to 'frame_13': Cyclic partitioning with factor 3 on dimension 1. (D:/Semester1/CEG5203/workspace/project-fpga/vitis2023/myip_v1_0_HLS.cpp:19:16)
INFO: [HLS 214-248] Applying array_partition to 'frame_14': Cyclic partitioning with factor 3 on dimension 1. (D:/Semester1/CEG5203/workspace/project-fpga/vitis2023/myip_v1_0_HLS.cpp:19:16)
INFO: [HLS 214-248] Applying array_partition to 'frame_15': Cyclic partitioning with factor 3 on dimension 1. (D:/Semester1/CEG5203/workspace/project-fpga/vitis2023/myip_v1_0_HLS.cpp:19:16)
INFO: [HLS 214-248] Applying array_partition to 'frame_16': Cyclic partitioning with factor 3 on dimension 1. (D:/Semester1/CEG5203/workspace/project-fpga/vitis2023/myip_v1_0_HLS.cpp:19:16)
INFO: [HLS 214-248] Applying array_partition to 'frame_17': Cyclic partitioning with factor 3 on dimension 1. (D:/Semester1/CEG5203/workspace/project-fpga/vitis2023/myip_v1_0_HLS.cpp:19:16)
INFO: [HLS 214-248] Applying array_partition to 'frame_18': Cyclic partitioning with factor 3 on dimension 1. (D:/Semester1/CEG5203/workspace/project-fpga/vitis2023/myip_v1_0_HLS.cpp:19:16)
INFO: [HLS 214-248] Applying array_partition to 'frame_19': Cyclic partitioning with factor 3 on dimension 1. (D:/Semester1/CEG5203/workspace/project-fpga/vitis2023/myip_v1_0_HLS.cpp:19:16)
INFO: [HLS 214-248] Applying array_partition to 'frame_20': Cyclic partitioning with factor 3 on dimension 1. (D:/Semester1/CEG5203/workspace/project-fpga/vitis2023/myip_v1_0_HLS.cpp:19:16)
INFO: [HLS 214-248] Applying array_partition to 'frame_21': Cyclic partitioning with factor 3 on dimension 1. (D:/Semester1/CEG5203/workspace/project-fpga/vitis2023/myip_v1_0_HLS.cpp:19:16)
INFO: [HLS 214-248] Applying array_partition to 'frame_22': Cyclic partitioning with factor 3 on dimension 1. (D:/Semester1/CEG5203/workspace/project-fpga/vitis2023/myip_v1_0_HLS.cpp:19:16)
INFO: [HLS 214-248] Applying array_partition to 'frame_23': Cyclic partitioning with factor 3 on dimension 1. (D:/Semester1/CEG5203/workspace/project-fpga/vitis2023/myip_v1_0_HLS.cpp:19:16)
INFO: [HLS 214-248] Applying array_partition to 'frame_24': Cyclic partitioning with factor 3 on dimension 1. (D:/Semester1/CEG5203/workspace/project-fpga/vitis2023/myip_v1_0_HLS.cpp:19:16)
INFO: [HLS 214-248] Applying array_partition to 'frame_25': Cyclic partitioning with factor 3 on dimension 1. (D:/Semester1/CEG5203/workspace/project-fpga/vitis2023/myip_v1_0_HLS.cpp:19:16)
INFO: [HLS 214-248] Applying array_partition to 'frame_26': Cyclic partitioning with factor 3 on dimension 1. (D:/Semester1/CEG5203/workspace/project-fpga/vitis2023/myip_v1_0_HLS.cpp:19:16)
INFO: [HLS 214-248] Applying array_partition to 'frame_27': Cyclic partitioning with factor 3 on dimension 1. (D:/Semester1/CEG5203/workspace/project-fpga/vitis2023/myip_v1_0_HLS.cpp:19:16)
INFO: [HLS 214-248] Applying array_partition to 'frame_28': Cyclic partitioning with factor 3 on dimension 1. (D:/Semester1/CEG5203/workspace/project-fpga/vitis2023/myip_v1_0_HLS.cpp:19:16)
INFO: [HLS 214-248] Applying array_partition to 'frame_29': Cyclic partitioning with factor 3 on dimension 1. (D:/Semester1/CEG5203/workspace/project-fpga/vitis2023/myip_v1_0_HLS.cpp:19:16)
INFO: [HLS 214-248] Applying array_partition to 'frame_30': Cyclic partitioning with factor 3 on dimension 1. (D:/Semester1/CEG5203/workspace/project-fpga/vitis2023/myip_v1_0_HLS.cpp:19:16)
INFO: [HLS 214-248] Applying array_partition to 'frame_31': Cyclic partitioning with factor 3 on dimension 1. (D:/Semester1/CEG5203/workspace/project-fpga/vitis2023/myip_v1_0_HLS.cpp:19:16)
INFO: [HLS 214-248] Applying array_partition to 'frame_32': Cyclic partitioning with factor 3 on dimension 1. (D:/Semester1/CEG5203/workspace/project-fpga/vitis2023/myip_v1_0_HLS.cpp:19:16)
INFO: [HLS 214-248] Applying array_partition to 'frame_33': Cyclic partitioning with factor 3 on dimension 1. (D:/Semester1/CEG5203/workspace/project-fpga/vitis2023/myip_v1_0_HLS.cpp:19:16)
INFO: [HLS 214-248] Applying array_partition to 'frame_34': Cyclic partitioning with factor 3 on dimension 1. (D:/Semester1/CEG5203/workspace/project-fpga/vitis2023/myip_v1_0_HLS.cpp:19:16)
INFO: [HLS 214-248] Applying array_partition to 'frame_35': Cyclic partitioning with factor 3 on dimension 1. (D:/Semester1/CEG5203/workspace/project-fpga/vitis2023/myip_v1_0_HLS.cpp:19:16)
INFO: [HLS 214-248] Applying array_partition to 'frame_36': Cyclic partitioning with factor 3 on dimension 1. (D:/Semester1/CEG5203/workspace/project-fpga/vitis2023/myip_v1_0_HLS.cpp:19:16)
INFO: [HLS 214-248] Applying array_partition to 'frame_37': Cyclic partitioning with factor 3 on dimension 1. (D:/Semester1/CEG5203/workspace/project-fpga/vitis2023/myip_v1_0_HLS.cpp:19:16)
INFO: [HLS 214-248] Applying array_partition to 'frame_38': Cyclic partitioning with factor 3 on dimension 1. (D:/Semester1/CEG5203/workspace/project-fpga/vitis2023/myip_v1_0_HLS.cpp:19:16)
INFO: [HLS 214-248] Applying array_partition to 'frame_39': Cyclic partitioning with factor 3 on dimension 1. (D:/Semester1/CEG5203/workspace/project-fpga/vitis2023/myip_v1_0_HLS.cpp:19:16)
INFO: [HLS 214-248] Applying array_partition to 'frame_40': Cyclic partitioning with factor 3 on dimension 1. (D:/Semester1/CEG5203/workspace/project-fpga/vitis2023/myip_v1_0_HLS.cpp:19:16)
INFO: [HLS 214-248] Applying array_partition to 'frame_41': Cyclic partitioning with factor 3 on dimension 1. (D:/Semester1/CEG5203/workspace/project-fpga/vitis2023/myip_v1_0_HLS.cpp:19:16)
INFO: [HLS 214-248] Applying array_partition to 'frame_42': Cyclic partitioning with factor 3 on dimension 1. (D:/Semester1/CEG5203/workspace/project-fpga/vitis2023/myip_v1_0_HLS.cpp:19:16)
INFO: [HLS 214-248] Applying array_partition to 'frame_43': Cyclic partitioning with factor 3 on dimension 1. (D:/Semester1/CEG5203/workspace/project-fpga/vitis2023/myip_v1_0_HLS.cpp:19:16)
INFO: [HLS 214-248] Applying array_partition to 'frame_44': Cyclic partitioning with factor 3 on dimension 1. (D:/Semester1/CEG5203/workspace/project-fpga/vitis2023/myip_v1_0_HLS.cpp:19:16)
INFO: [HLS 214-248] Applying array_partition to 'frame_45': Cyclic partitioning with factor 3 on dimension 1. (D:/Semester1/CEG5203/workspace/project-fpga/vitis2023/myip_v1_0_HLS.cpp:19:16)
INFO: [HLS 214-248] Applying array_partition to 'frame_46': Cyclic partitioning with factor 3 on dimension 1. (D:/Semester1/CEG5203/workspace/project-fpga/vitis2023/myip_v1_0_HLS.cpp:19:16)
INFO: [HLS 214-248] Applying array_partition to 'frame_47': Cyclic partitioning with factor 3 on dimension 1. (D:/Semester1/CEG5203/workspace/project-fpga/vitis2023/myip_v1_0_HLS.cpp:19:16)
INFO: [HLS 214-248] Applying array_partition to 'frame_48': Cyclic partitioning with factor 3 on dimension 1. (D:/Semester1/CEG5203/workspace/project-fpga/vitis2023/myip_v1_0_HLS.cpp:19:16)
INFO: [HLS 214-248] Applying array_partition to 'frame_49': Cyclic partitioning with factor 3 on dimension 1. (D:/Semester1/CEG5203/workspace/project-fpga/vitis2023/myip_v1_0_HLS.cpp:19:16)
INFO: [HLS 200-111] Finished Compiling Optimization and Transform: CPU user time: 1 seconds. CPU system time: 0 seconds. Elapsed time: 20.293 seconds; current allocated memory: 96.164 MB.
INFO: [HLS 200-111] Finished Checking Pragmas: CPU user time: 0 seconds. CPU system time: 0 seconds. Elapsed time: 0.001 seconds; current allocated memory: 96.172 MB.
INFO: [HLS 200-10] Starting code transformations ...
INFO: [HLS 200-111] Finished Standard Transforms: CPU user time: 0 seconds. CPU system time: 0 seconds. Elapsed time: 0.497 seconds; current allocated memory: 109.320 MB.
INFO: [HLS 200-10] Checking synthesizability ...
INFO: [HLS 200-111] Finished Checking Synthesizability: CPU user time: 0 seconds. CPU system time: 0 seconds. Elapsed time: 0.254 seconds; current allocated memory: 112.129 MB.
INFO: [HLS 200-111] Finished Loop, function and other optimizations: CPU user time: 2 seconds. CPU system time: 0 seconds. Elapsed time: 2.179 seconds; current allocated memory: 143.086 MB.
INFO: [HLS 200-2061] Successfully converted nested loops 'VITIS_LOOP_32_1'(D:/Semester1/CEG5203/workspace/project-fpga/vitis2023/myip_v1_0_HLS.cpp:32:22) and 'VITIS_LOOP_33_2'(D:/Semester1/CEG5203/workspace/project-fpga/vitis2023/myip_v1_0_HLS.cpp:33:26) in function 'sobel_hls' into perfectly nested loops.
INFO: [HLS 200-2061] Successfully converted nested loops 'VITIS_LOOP_40_3'(D:/Semester1/CEG5203/workspace/project-fpga/vitis2023/myip_v1_0_HLS.cpp:40:22) and 'VITIS_LOOP_41_4'(D:/Semester1/CEG5203/workspace/project-fpga/vitis2023/myip_v1_0_HLS.cpp:41:26) in function 'sobel_hls' into perfectly nested loops.
INFO: [XFORM 203-541] Flattening a loop nest 'VITIS_LOOP_32_1' (D:/Semester1/CEG5203/workspace/project-fpga/vitis2023/myip_v1_0_HLS.cpp:32:22) in function 'sobel_hls'.
INFO: [XFORM 203-541] Flattening a loop nest 'VITIS_LOOP_40_3' (D:/Semester1/CEG5203/workspace/project-fpga/vitis2023/myip_v1_0_HLS.cpp:40:22) in function 'sobel_hls'.
INFO: [HLS 200-111] Finished Architecture Synthesis: CPU user time: 1 seconds. CPU system time: 0 seconds. Elapsed time: 1.676 seconds; current allocated memory: 191.215 MB.
INFO: [HLS 200-10] Starting hardware synthesis ...
INFO: [HLS 200-10] Synthesizing 'sobel_hls' ...
INFO: [HLS 200-10] ----------------------------------------------------------------
INFO: [HLS 200-42] -- Implementing module 'sobel_hls_Pipeline_1' 
INFO: [HLS 200-10] ----------------------------------------------------------------
INFO: [SCHED 204-11] Starting scheduling ...
INFO: [SCHED 204-61] Pipelining loop 'Loop 1'.
INFO: [HLS 200-1470] Pipelining result : Target II = NA, Final II = 1, Depth = 2, loop 'Loop 1'
INFO: [SCHED 204-11] Finished scheduling.
INFO: [HLS 200-111] Finished Scheduling: CPU user time: 1 seconds. CPU system time: 0 seconds. Elapsed time: 0.372 seconds; current allocated memory: 198.195 MB.
INFO: [BIND 205-100] Starting micro-architecture generation ...
INFO: [BIND 205-101] Performing variable lifetime analysis.
INFO: [BIND 205-101] Exploring resource sharing.
INFO: [BIND 205-101] Binding ...
INFO: [BIND 205-100] Finished micro-architecture generation.
INFO: [HLS 200-111] Finished Binding: CPU user time: 0 seconds. CPU system time: 0 seconds. Elapsed time: 0.065 seconds; current allocated memory: 199.688 MB.
INFO: [HLS 200-10] ----------------------------------------------------------------
INFO: [HLS 200-42] -- Implementing module 'sobel_hls_Pipeline_VITIS_LOOP_32_1_VITIS_LOOP_33_2' 
INFO: [HLS 200-10] ----------------------------------------------------------------
INFO: [SCHED 204-11] Starting scheduling ...
INFO: [SCHED 204-61] Pipelining loop 'VITIS_LOOP_32_1_VITIS_LOOP_33_2'.
INFO: [HLS 200-1470] Pipelining result : Target II = NA, Final II = 1, Depth = 10, loop 'VITIS_LOOP_32_1_VITIS_LOOP_33_2'
INFO: [SCHED 204-11] Finished scheduling.
INFO: [HLS 200-111] Finished Scheduling: CPU user time: 0 seconds. CPU system time: 0 seconds. Elapsed time: 0.407 seconds; current allocated memory: 208.477 MB.
INFO: [BIND 205-100] Starting micro-architecture generation ...
INFO: [BIND 205-101] Performing variable lifetime analysis.
INFO: [BIND 205-101] Exploring resource sharing.
INFO: [BIND 205-101] Binding ...
INFO: [BIND 205-100] Finished micro-architecture generation.
INFO: [HLS 200-111] Finished Binding: CPU user time: 0 seconds. CPU system time: 0 seconds. Elapsed time: 0.131 seconds; current allocated memory: 208.512 MB.
INFO: [HLS 200-10] ----------------------------------------------------------------
INFO: [HLS 200-42] -- Implementing module 'sobel_hls_Pipeline_VITIS_LOOP_40_3_VITIS_LOOP_41_4' 
INFO: [HLS 200-10] ----------------------------------------------------------------
INFO: [SCHED 204-11] Starting scheduling ...
INFO: [SCHED 204-61] Pipelining loop 'VITIS_LOOP_40_3_VITIS_LOOP_41_4'.
INFO: [HLS 200-1470] Pipelining result : Target II = NA, Final II = 1, Depth = 13, loop 'VITIS_LOOP_40_3_VITIS_LOOP_41_4'
INFO: [SCHED 204-11] Finished scheduling.
INFO: [HLS 200-111] Finished Scheduling: CPU user time: 13 seconds. CPU system time: 0 seconds. Elapsed time: 13.56 seconds; current allocated memory: 249.184 MB.
INFO: [BIND 205-100] Starting micro-architecture generation ...
INFO: [BIND 205-101] Performing variable lifetime analysis.
INFO: [BIND 205-101] Exploring resource sharing.
INFO: [BIND 205-101] Binding ...
INFO: [BIND 205-100] Finished micro-architecture generation.
INFO: [HLS 200-111] Finished Binding: CPU user time: 0 seconds. CPU system time: 0 seconds. Elapsed time: 0.477 seconds; current allocated memory: 249.184 MB.
INFO: [HLS 200-10] ----------------------------------------------------------------
INFO: [HLS 200-42] -- Implementing module 'sobel_hls_Pipeline_VITIS_LOOP_56_7' 
INFO: [HLS 200-10] ----------------------------------------------------------------
INFO: [SCHED 204-11] Starting scheduling ...
INFO: [SCHED 204-61] Pipelining loop 'VITIS_LOOP_56_7'.
WARNING: [HLS 200-880] The II Violation in module 'sobel_hls_Pipeline_VITIS_LOOP_56_7' (loop 'VITIS_LOOP_56_7'): Unable to enforce a carried dependence constraint (II = 1, distance = 1, offset = 1) between axis write operation ('M_AXIS_V_data_V_write_ln60', D:/Semester1/CEG5203/workspace/project-fpga/vitis2023/myip_v1_0_HLS.cpp:60) on port 'M_AXIS_V_data_V' (D:/Semester1/CEG5203/workspace/project-fpga/vitis2023/myip_v1_0_HLS.cpp:60) and axis write operation ('M_AXIS_V_data_V_write_ln60', D:/Semester1/CEG5203/workspace/project-fpga/vitis2023/myip_v1_0_HLS.cpp:60) on port 'M_AXIS_V_data_V' (D:/Semester1/CEG5203/workspace/project-fpga/vitis2023/myip_v1_0_HLS.cpp:60).
Resolution: For help on HLS 200-880 see docs.xilinx.com/access/sources/dita/topic?Doc_Version=2023.2%20English&url=ug1448-hls-guidance&resourceid=200-880.html
WARNING: [HLS 200-880] The II Violation in module 'sobel_hls_Pipeline_VITIS_LOOP_56_7' (loop 'VITIS_LOOP_56_7'): Unable to enforce a carried dependence constraint (II = 2, distance = 1, offset = 1) between axis write operation ('M_AXIS_V_data_V_write_ln60', D:/Semester1/CEG5203/workspace/project-fpga/vitis2023/myip_v1_0_HLS.cpp:60) on port 'M_AXIS_V_data_V' (D:/Semester1/CEG5203/workspace/project-fpga/vitis2023/myip_v1_0_HLS.cpp:60) and axis write operation ('M_AXIS_V_data_V_write_ln60', D:/Semester1/CEG5203/workspace/project-fpga/vitis2023/myip_v1_0_HLS.cpp:60) on port 'M_AXIS_V_data_V' (D:/Semester1/CEG5203/workspace/project-fpga/vitis2023/myip_v1_0_HLS.cpp:60).
Resolution: For help on HLS 200-880 see docs.xilinx.com/access/sources/dita/topic?Doc_Version=2023.2%20English&url=ug1448-hls-guidance&resourceid=200-880.html
WARNING: [HLS 200-880] The II Violation in module 'sobel_hls_Pipeline_VITIS_LOOP_56_7' (loop 'VITIS_LOOP_56_7'): Unable to enforce a carried dependence constraint (II = 3, distance = 1, offset = 1) between axis write operation ('M_AXIS_V_data_V_write_ln60', D:/Semester1/CEG5203/workspace/project-fpga/vitis2023/myip_v1_0_HLS.cpp:60) on port 'M_AXIS_V_data_V' (D:/Semester1/CEG5203/workspace/project-fpga/vitis2023/myip_v1_0_HLS.cpp:60) and axis write operation ('M_AXIS_V_data_V_write_ln60', D:/Semester1/CEG5203/workspace/project-fpga/vitis2023/myip_v1_0_HLS.cpp:60) on port 'M_AXIS_V_data_V' (D:/Semester1/CEG5203/workspace/project-fpga/vitis2023/myip_v1_0_HLS.cpp:60).
Resolution: For help on HLS 200-880 see docs.xilinx.com/access/sources/dita/topic?Doc_Version=2023.2%20English&url=ug1448-hls-guidance&resourceid=200-880.html
WARNING: [HLS 200-880] The II Violation in module 'sobel_hls_Pipeline_VITIS_LOOP_56_7' (loop 'VITIS_LOOP_56_7'): Unable to enforce a carried dependence constraint (II = 4, distance = 1, offset = 1) between axis write operation ('M_AXIS_V_data_V_write_ln60', D:/Semester1/CEG5203/workspace/project-fpga/vitis2023/myip_v1_0_HLS.cpp:60) on port 'M_AXIS_V_data_V' (D:/Semester1/CEG5203/workspace/project-fpga/vitis2023/myip_v1_0_HLS.cpp:60) and axis write operation ('M_AXIS_V_data_V_write_ln60', D:/Semester1/CEG5203/workspace/project-fpga/vitis2023/myip_v1_0_HLS.cpp:60) on port 'M_AXIS_V_data_V' (D:/Semester1/CEG5203/workspace/project-fpga/vitis2023/myip_v1_0_HLS.cpp:60).
Resolution: For help on HLS 200-880 see docs.xilinx.com/access/sources/dita/topic?Doc_Version=2023.2%20English&url=ug1448-hls-guidance&resourceid=200-880.html
WARNING: [HLS 200-880] The II Violation in module 'sobel_hls_Pipeline_VITIS_LOOP_56_7' (loop 'VITIS_LOOP_56_7'): Unable to enforce a carried dependence constraint (II = 35, distance = 1, offset = 1) between axis write operation ('M_AXIS_V_data_V_write_ln60', D:/Semester1/CEG5203/workspace/project-fpga/vitis2023/myip_v1_0_HLS.cpp:60) on port 'M_AXIS_V_data_V' (D:/Semester1/CEG5203/workspace/project-fpga/vitis2023/myip_v1_0_HLS.cpp:60) and axis write operation ('M_AXIS_V_data_V_write_ln60', D:/Semester1/CEG5203/workspace/project-fpga/vitis2023/myip_v1_0_HLS.cpp:60) on port 'M_AXIS_V_data_V' (D:/Semester1/CEG5203/workspace/project-fpga/vitis2023/myip_v1_0_HLS.cpp:60).
Resolution: For help on HLS 200-880 see docs.xilinx.com/access/sources/dita/topic?Doc_Version=2023.2%20English&url=ug1448-hls-guidance&resourceid=200-880.html
WARNING: [HLS 200-880] The II Violation in module 'sobel_hls_Pipeline_VITIS_LOOP_56_7' (loop 'VITIS_LOOP_56_7'): Unable to enforce a carried dependence constraint (II = 43, distance = 1, offset = 1) between axis write operation ('M_AXIS_V_data_V_write_ln60', D:/Semester1/CEG5203/workspace/project-fpga/vitis2023/myip_v1_0_HLS.cpp:60) on port 'M_AXIS_V_data_V' (D:/Semester1/CEG5203/workspace/project-fpga/vitis2023/myip_v1_0_HLS.cpp:60) and axis write operation ('M_AXIS_V_data_V_write_ln60', D:/Semester1/CEG5203/workspace/project-fpga/vitis2023/myip_v1_0_HLS.cpp:60) on port 'M_AXIS_V_data_V' (D:/Semester1/CEG5203/workspace/project-fpga/vitis2023/myip_v1_0_HLS.cpp:60).
Resolution: For help on HLS 200-880 see docs.xilinx.com/access/sources/dita/topic?Doc_Version=2023.2%20English&url=ug1448-hls-guidance&resourceid=200-880.html
WARNING: [HLS 200-880] The II Violation in module 'sobel_hls_Pipeline_VITIS_LOOP_56_7' (loop 'VITIS_LOOP_56_7'): Unable to enforce a carried dependence constraint (II = 47, distance = 1, offset = 1) between axis write operation ('M_AXIS_V_data_V_write_ln60', D:/Semester1/CEG5203/workspace/project-fpga/vitis2023/myip_v1_0_HLS.cpp:60) on port 'M_AXIS_V_data_V' (D:/Semester1/CEG5203/workspace/project-fpga/vitis2023/myip_v1_0_HLS.cpp:60) and axis write operation ('M_AXIS_V_data_V_write_ln60', D:/Semester1/CEG5203/workspace/project-fpga/vitis2023/myip_v1_0_HLS.cpp:60) on port 'M_AXIS_V_data_V' (D:/Semester1/CEG5203/workspace/project-fpga/vitis2023/myip_v1_0_HLS.cpp:60).
Resolution: For help on HLS 200-880 see docs.xilinx.com/access/sources/dita/topic?Doc_Version=2023.2%20English&url=ug1448-hls-guidance&resourceid=200-880.html
WARNING: [HLS 200-880] The II Violation in module 'sobel_hls_Pipeline_VITIS_LOOP_56_7' (loop 'VITIS_LOOP_56_7'): Unable to enforce a carried dependence constraint (II = 49, distance = 1, offset = 1) between axis write operation ('M_AXIS_V_data_V_write_ln60', D:/Semester1/CEG5203/workspace/project-fpga/vitis2023/myip_v1_0_HLS.cpp:60) on port 'M_AXIS_V_data_V' (D:/Semester1/CEG5203/workspace/project-fpga/vitis2023/myip_v1_0_HLS.cpp:60) and axis write operation ('M_AXIS_V_data_V_write_ln60', D:/Semester1/CEG5203/workspace/project-fpga/vitis2023/myip_v1_0_HLS.cpp:60) on port 'M_AXIS_V_data_V' (D:/Semester1/CEG5203/workspace/project-fpga/vitis2023/myip_v1_0_HLS.cpp:60).
Resolution: For help on HLS 200-880 see docs.xilinx.com/access/sources/dita/topic?Doc_Version=2023.2%20English&url=ug1448-hls-guidance&resourceid=200-880.html
INFO: [HLS 200-1470] Pipelining result : Target II = NA, Final II = 50, Depth = 51, loop 'VITIS_LOOP_56_7'
INFO: [SCHED 204-11] Finished scheduling.
INFO: [HLS 200-111] Finished Scheduling: CPU user time: 1 seconds. CPU system time: 0 seconds. Elapsed time: 0.746 seconds; current allocated memory: 249.184 MB.
INFO: [BIND 205-100] Starting micro-architecture generation ...
INFO: [BIND 205-101] Performing variable lifetime analysis.
INFO: [BIND 205-101] Exploring resource sharing.
INFO: [BIND 205-101] Binding ...
INFO: [BIND 205-100] Finished micro-architecture generation.
INFO: [HLS 200-111] Finished Binding: CPU user time: 0 seconds. CPU system time: 0 seconds. Elapsed time: 0.072 seconds; current allocated memory: 249.184 MB.
INFO: [HLS 200-10] ----------------------------------------------------------------
INFO: [HLS 200-42] -- Implementing module 'sobel_hls' 
INFO: [HLS 200-10] ----------------------------------------------------------------
INFO: [SCHED 204-11] Starting scheduling ...
INFO: [SCHED 204-11] Finished scheduling.
INFO: [HLS 200-111] Finished Scheduling: CPU user time: 0 seconds. CPU system time: 0 seconds. Elapsed time: 1.652 seconds; current allocated memory: 249.184 MB.
INFO: [BIND 205-100] Starting micro-architecture generation ...
INFO: [BIND 205-101] Performing variable lifetime analysis.
INFO: [BIND 205-101] Exploring resource sharing.
INFO: [BIND 205-101] Binding ...
INFO: [BIND 205-100] Finished micro-architecture generation.
INFO: [HLS 200-111] Finished Binding: CPU user time: 0 seconds. CPU system time: 0 seconds. Elapsed time: 0.075 seconds; current allocated memory: 249.184 MB.
INFO: [HLS 200-10] ----------------------------------------------------------------
INFO: [HLS 200-10] -- Generating RTL for module 'sobel_hls_Pipeline_1' 
INFO: [HLS 200-10] ----------------------------------------------------------------
INFO: [HLS 200-1030] Apply Unified Pipeline Control on module 'sobel_hls_Pipeline_1' pipeline 'Loop 1' pipeline type 'loop pipeline'
INFO: [RTGEN 206-100] Finished creating RTL model for 'sobel_hls_Pipeline_1'.
INFO: [HLS 200-111] Finished Creating RTL model: CPU user time: 0 seconds. CPU system time: 0 seconds. Elapsed time: 0.128 seconds; current allocated memory: 249.184 MB.
INFO: [HLS 200-10] ----------------------------------------------------------------
INFO: [HLS 200-10] -- Generating RTL for module 'sobel_hls_Pipeline_VITIS_LOOP_32_1_VITIS_LOOP_33_2' 
INFO: [HLS 200-10] ----------------------------------------------------------------
INFO: [HLS 200-1030] Apply Unified Pipeline Control on module 'sobel_hls_Pipeline_VITIS_LOOP_32_1_VITIS_LOOP_33_2' pipeline 'VITIS_LOOP_32_1_VITIS_LOOP_33_2' pipeline type 'loop pipeline'
INFO: [RTGEN 206-100] Generating core module 'mul_6ns_8ns_13_1_1': 1 instance(s).
INFO: [RTGEN 206-100] Generating core module 'urem_6ns_3ns_2_10_1': 1 instance(s).
INFO: [RTGEN 206-100] Finished creating RTL model for 'sobel_hls_Pipeline_VITIS_LOOP_32_1_VITIS_LOOP_33_2'.
INFO: [HLS 200-111] Finished Creating RTL model: CPU user time: 0 seconds. CPU system time: 0 seconds. Elapsed time: 0.213 seconds; current allocated memory: 249.184 MB.
INFO: [HLS 200-10] ----------------------------------------------------------------
INFO: [HLS 200-10] -- Generating RTL for module 'sobel_hls_Pipeline_VITIS_LOOP_40_3_VITIS_LOOP_41_4' 
INFO: [HLS 200-10] ----------------------------------------------------------------
INFO: [HLS 200-1030] Apply Unified Pipeline Control on module 'sobel_hls_Pipeline_VITIS_LOOP_40_3_VITIS_LOOP_41_4' pipeline 'VITIS_LOOP_40_3_VITIS_LOOP_41_4' pipeline type 'loop pipeline'
INFO: [RTGEN 206-100] Generating core module 'mul_6ns_8ns_13_1_1': 3 instance(s).
INFO: [RTGEN 206-100] Generating core module 'sparsemux_101_6_8_1_1': 3 instance(s).
INFO: [RTGEN 206-100] Generating core module 'sparsemux_7_2_8_1_1': 150 instance(s).
INFO: [RTGEN 206-100] Generating core module 'sparsemux_97_6_8_1_1': 5 instance(s).
INFO: [RTGEN 206-100] Generating core module 'urem_6ns_3ns_2_10_1': 1 instance(s).
INFO: [RTGEN 206-100] Finished creating RTL model for 'sobel_hls_Pipeline_VITIS_LOOP_40_3_VITIS_LOOP_41_4'.
INFO: [HLS 200-111] Finished Creating RTL model: CPU user time: 1 seconds. CPU system time: 1 seconds. Elapsed time: 1.38 seconds; current allocated memory: 263.051 MB.
INFO: [HLS 200-10] ----------------------------------------------------------------
INFO: [HLS 200-10] -- Generating RTL for module 'sobel_hls_Pipeline_VITIS_LOOP_56_7' 
INFO: [HLS 200-10] ----------------------------------------------------------------
INFO: [HLS 200-1030] Apply Unified Pipeline Control on module 'sobel_hls_Pipeline_VITIS_LOOP_56_7' pipeline 'VITIS_LOOP_56_7' pipeline type 'loop pipeline'
INFO: [RTGEN 206-100] Finished creating RTL model for 'sobel_hls_Pipeline_VITIS_LOOP_56_7'.
INFO: [HLS 200-111] Finished Creating RTL model: CPU user time: 1 seconds. CPU system time: 1 seconds. Elapsed time: 2.277 seconds; current allocated memory: 288.938 MB.
INFO: [HLS 200-10] ----------------------------------------------------------------
INFO: [HLS 200-10] -- Generating RTL for module 'sobel_hls' 
INFO: [HLS 200-10] ----------------------------------------------------------------
WARNING: [RTGEN 206-101] Design contains AXI ports. Reset is fixed to synchronous and active low.
INFO: [RTGEN 206-500] Setting interface mode on port 'sobel_hls/S_AXIS_V_data_V' to 'axis' (register, both mode).
INFO: [RTGEN 206-500] Setting interface mode on port 'sobel_hls/S_AXIS_V_keep_V' to 'axis' (register, both mode).
INFO: [RTGEN 206-500] Setting interface mode on port 'sobel_hls/S_AXIS_V_strb_V' to 'axis' (register, both mode).
INFO: [RTGEN 206-500] Setting interface mode on port 'sobel_hls/S_AXIS_V_last_V' to 'axis' (register, both mode).
INFO: [RTGEN 206-500] Setting interface mode on port 'sobel_hls/M_AXIS_V_data_V' to 'axis' (register, both mode).
INFO: [RTGEN 206-500] Setting interface mode on port 'sobel_hls/M_AXIS_V_keep_V' to 'axis' (register, both mode).
INFO: [RTGEN 206-500] Setting interface mode on port 'sobel_hls/M_AXIS_V_strb_V' to 'axis' (register, both mode).
INFO: [RTGEN 206-500] Setting interface mode on port 'sobel_hls/M_AXIS_V_last_V' to 'axis' (register, both mode).
INFO: [RTGEN 206-500] Setting interface mode on function 'sobel_hls' to 'ap_ctrl_none'.
INFO: [RTGEN 206-100] Finished creating RTL model for 'sobel_hls'.
INFO: [RTMG 210-278] Implementing memory 'sobel_hls_frame_RAM_AUTO_1R1W' using auto RAMs.
INFO: [RTMG 210-278] Implementing memory 'sobel_hls_output_RAM_AUTO_1R1W' using auto RAMs.
INFO: [RTMG 210-278] Implementing memory 'sobel_hls_output_1_RAM_AUTO_1R1W' using auto RAMs.
INFO: [HLS 200-111] Finished Creating RTL model: CPU user time: 0 seconds. CPU system time: 0 seconds. Elapsed time: 0.555 seconds; current allocated memory: 301.180 MB.
INFO: [HLS 200-111] Finished Generating all RTL models: CPU user time: 0 seconds. CPU system time: 0 seconds. Elapsed time: 0.865 seconds; current allocated memory: 312.668 MB.
INFO: [HLS 200-111] Finished Updating report files: CPU user time: 1 seconds. CPU system time: 1 seconds. Elapsed time: 0.775 seconds; current allocated memory: 318.695 MB.
INFO: [VHDL 208-304] Generating VHDL RTL for sobel_hls.
INFO: [VLOG 209-307] Generating Verilog RTL for sobel_hls.
INFO: [HLS 200-790] **** Loop Constraint Status: All loop constraints were NOT satisfied.
INFO: [HLS 200-789] **** Estimated Fmax: 150.59 MHz
INFO: [HLS 200-111] Finished Command csynth_design CPU user time: 22 seconds. CPU system time: 3 seconds. Elapsed time: 53.981 seconds; current allocated memory: 230.469 MB.
INFO: [HLS 200-1510] Running: close_project 
INFO: [HLS 200-112] Total CPU user time: 23 seconds. Total CPU system time: 4 seconds. Total elapsed time: 55.738 seconds; peak allocated memory: 319.379 MB.
INFO: [Common 17-206] Exiting vitis_hls at Fri Nov  8 20:48:00 2024...
INFO: [v++ 60-791] Total elapsed time: 0h 1m 0s
