Transmitting Image...
Receiving Image...
Checking results...
Test Passed
INFO [HLS SIM]: The maximum depth reached by any hls::stream() instance in the design is 7225

D:\Semester1\CEG5203\workspace\project-fpga\vitis2023\myip_v1_0_HLS\sobel_hls\hls\sim\verilog>set PATH= 

D:\Semester1\CEG5203\workspace\project-fpga\vitis2023\myip_v1_0_HLS\sobel_hls\hls\sim\verilog>call D:/Program/Xilinx/Vivado/2023.2/bin/xelab xil_defaultlib.apatb_sobel_hls_top glbl -Oenable_linking_all_libraries  -prj sobel_hls.prj -L smartconnect_v1_0 -L axi_protocol_checker_v1_1_12 -L axi_protocol_checker_v1_1_13 -L axis_protocol_checker_v1_1_11 -L axis_protocol_checker_v1_1_12 -L xil_defaultlib -L unisims_ver -L xpm  -L floating_point_v7_1_16 -L floating_point_v7_0_21 --lib "ieee_proposed=./ieee_proposed" -s sobel_hls  
ECHO 处于关闭状态。
ECHO 处于关闭状态。
Vivado Simulator v2023.2
Copyright 1986-2022 Xilinx, Inc. All Rights Reserved.
Copyright 2022-2023 Advanced Micro Devices, Inc. All Rights Reserved.
Running: D:/Program/Xilinx/Vivado/2023.2/bin/unwrapped/win64.o/xelab.exe xil_defaultlib.apatb_sobel_hls_top glbl -Oenable_linking_all_libraries -prj sobel_hls.prj -L smartconnect_v1_0 -L axi_protocol_checker_v1_1_12 -L axi_protocol_checker_v1_1_13 -L axis_protocol_checker_v1_1_11 -L axis_protocol_checker_v1_1_12 -L xil_defaultlib -L unisims_ver -L xpm -L floating_point_v7_1_16 -L floating_point_v7_0_21 --lib ieee_proposed=./ieee_proposed -s sobel_hls 
Multi-threading is on. Using 10 slave threads.
INFO: [VRFC 10-2263] Analyzing SystemVerilog file "D:/Semester1/CEG5203/workspace/project-fpga/vitis2023/myip_v1_0_HLS/sobel_hls/hls/sim/verilog/glbl.v" into library work
INFO: [VRFC 10-311] analyzing module glbl
INFO: [VRFC 10-2263] Analyzing SystemVerilog file "D:/Semester1/CEG5203/workspace/project-fpga/vitis2023/myip_v1_0_HLS/sobel_hls/hls/sim/verilog/AESL_axi_s_M_AXIS.v" into library xil_defaultlib
INFO: [VRFC 10-311] analyzing module AESL_axi_s_M_AXIS
INFO: [VRFC 10-2263] Analyzing SystemVerilog file "D:/Semester1/CEG5203/workspace/project-fpga/vitis2023/myip_v1_0_HLS/sobel_hls/hls/sim/verilog/AESL_axi_s_S_AXIS.v" into library xil_defaultlib
INFO: [VRFC 10-311] analyzing module AESL_axi_s_S_AXIS
INFO: [VRFC 10-2263] Analyzing SystemVerilog file "D:/Semester1/CEG5203/workspace/project-fpga/vitis2023/myip_v1_0_HLS/sobel_hls/hls/sim/verilog/AESL_deadlock_idx0_monitor.v" into library xil_defaultlib
INFO: [VRFC 10-311] analyzing module AESL_deadlock_idx0_monitor
INFO: [VRFC 10-2263] Analyzing SystemVerilog file "D:/Semester1/CEG5203/workspace/project-fpga/vitis2023/myip_v1_0_HLS/sobel_hls/hls/sim/verilog/AESL_deadlock_kernel_monitor_top.v" into library xil_defaultlib
INFO: [VRFC 10-311] analyzing module AESL_deadlock_kernel_monitor_top
INFO: [VRFC 10-2263] Analyzing SystemVerilog file "D:/Semester1/CEG5203/workspace/project-fpga/vitis2023/myip_v1_0_HLS/sobel_hls/hls/sim/verilog/AESL_fifo.v" into library xil_defaultlib
INFO: [VRFC 10-311] analyzing module fifo
INFO: [VRFC 10-2263] Analyzing SystemVerilog file "D:/Semester1/CEG5203/workspace/project-fpga/vitis2023/myip_v1_0_HLS/sobel_hls/hls/sim/verilog/sobel_hls.autotb.v" into library xil_defaultlib
INFO: [VRFC 10-311] analyzing module apatb_sobel_hls_top
INFO: [VRFC 10-2263] Analyzing SystemVerilog file "D:/Semester1/CEG5203/workspace/project-fpga/vitis2023/myip_v1_0_HLS/sobel_hls/hls/sim/verilog/sobel_hls.v" into library xil_defaultlib
INFO: [VRFC 10-311] analyzing module sobel_hls
INFO: [VRFC 10-2263] Analyzing SystemVerilog file "D:/Semester1/CEG5203/workspace/project-fpga/vitis2023/myip_v1_0_HLS/sobel_hls/hls/sim/verilog/sobel_hls_flow_control_loop_pipe_sequential_init.v" into library xil_defaultlib
INFO: [VRFC 10-311] analyzing module sobel_hls_flow_control_loop_pipe_sequential_init
INFO: [VRFC 10-2263] Analyzing SystemVerilog file "D:/Semester1/CEG5203/workspace/project-fpga/vitis2023/myip_v1_0_HLS/sobel_hls/hls/sim/verilog/sobel_hls_frame_RAM_AUTO_1R1W.v" into library xil_defaultlib
INFO: [VRFC 10-311] analyzing module sobel_hls_frame_RAM_AUTO_1R1W
INFO: [VRFC 10-2263] Analyzing SystemVerilog file "D:/Semester1/CEG5203/workspace/project-fpga/vitis2023/myip_v1_0_HLS/sobel_hls/hls/sim/verilog/sobel_hls_mul_7ns_9ns_15_1_1.v" into library xil_defaultlib
INFO: [VRFC 10-311] analyzing module sobel_hls_mul_7ns_9ns_15_1_1
INFO: [VRFC 10-2263] Analyzing SystemVerilog file "D:/Semester1/CEG5203/workspace/project-fpga/vitis2023/myip_v1_0_HLS/sobel_hls/hls/sim/verilog/sobel_hls_output_1_RAM_AUTO_1R1W.v" into library xil_defaultlib
INFO: [VRFC 10-311] analyzing module sobel_hls_output_1_RAM_AUTO_1R1W
INFO: [VRFC 10-2263] Analyzing SystemVerilog file "D:/Semester1/CEG5203/workspace/project-fpga/vitis2023/myip_v1_0_HLS/sobel_hls/hls/sim/verilog/sobel_hls_output_RAM_AUTO_1R1W.v" into library xil_defaultlib
INFO: [VRFC 10-311] analyzing module sobel_hls_output_RAM_AUTO_1R1W
INFO: [VRFC 10-2263] Analyzing SystemVerilog file "D:/Semester1/CEG5203/workspace/project-fpga/vitis2023/myip_v1_0_HLS/sobel_hls/hls/sim/verilog/sobel_hls_regslice_both.v" into library xil_defaultlib
INFO: [VRFC 10-311] analyzing module sobel_hls_regslice_both
INFO: [VRFC 10-311] analyzing module sobel_hls_regslice_both_w1
INFO: [VRFC 10-2263] Analyzing SystemVerilog file "D:/Semester1/CEG5203/workspace/project-fpga/vitis2023/myip_v1_0_HLS/sobel_hls/hls/sim/verilog/sobel_hls_sobel_hls_Pipeline_1.v" into library xil_defaultlib
INFO: [VRFC 10-311] analyzing module sobel_hls_sobel_hls_Pipeline_1
INFO: [VRFC 10-2263] Analyzing SystemVerilog file "D:/Semester1/CEG5203/workspace/project-fpga/vitis2023/myip_v1_0_HLS/sobel_hls/hls/sim/verilog/sobel_hls_sobel_hls_Pipeline_VITIS_LOOP_32_1_VITIS_LOOP_33_2.v" into library xil_defaultlib
INFO: [VRFC 10-311] analyzing module sobel_hls_sobel_hls_Pipeline_VITIS_LOOP_32_1_VITIS_LOOP_33_2
INFO: [VRFC 10-2263] Analyzing SystemVerilog file "D:/Semester1/CEG5203/workspace/project-fpga/vitis2023/myip_v1_0_HLS/sobel_hls/hls/sim/verilog/sobel_hls_sobel_hls_Pipeline_VITIS_LOOP_40_3_VITIS_LOOP_41_4.v" into library xil_defaultlib
INFO: [VRFC 10-311] analyzing module sobel_hls_sobel_hls_Pipeline_VITIS_LOOP_40_3_VITIS_LOOP_41_4
INFO: [VRFC 10-2263] Analyzing SystemVerilog file "D:/Semester1/CEG5203/workspace/project-fpga/vitis2023/myip_v1_0_HLS/sobel_hls/hls/sim/verilog/sobel_hls_sobel_hls_Pipeline_VITIS_LOOP_56_7_VITIS_LOOP_57_8.v" into library xil_defaultlib
INFO: [VRFC 10-311] analyzing module sobel_hls_sobel_hls_Pipeline_VITIS_LOOP_56_7_VITIS_LOOP_57_8
INFO: [VRFC 10-2263] Analyzing SystemVerilog file "D:/Semester1/CEG5203/workspace/project-fpga/vitis2023/myip_v1_0_HLS/sobel_hls/hls/sim/verilog/sobel_hls_sparsemux_167_7_8_1_1.v" into library xil_defaultlib
INFO: [VRFC 10-311] analyzing module sobel_hls_sparsemux_167_7_8_1_1
INFO: [VRFC 10-2263] Analyzing SystemVerilog file "D:/Semester1/CEG5203/workspace/project-fpga/vitis2023/myip_v1_0_HLS/sobel_hls/hls/sim/verilog/sobel_hls_sparsemux_171_7_8_1_1.v" into library xil_defaultlib
INFO: [VRFC 10-311] analyzing module sobel_hls_sparsemux_171_7_8_1_1
INFO: [VRFC 10-2263] Analyzing SystemVerilog file "D:/Semester1/CEG5203/workspace/project-fpga/vitis2023/myip_v1_0_HLS/sobel_hls/hls/sim/verilog/sobel_hls_sparsemux_7_2_8_1_1.v" into library xil_defaultlib
INFO: [VRFC 10-311] analyzing module sobel_hls_sparsemux_7_2_8_1_1
INFO: [VRFC 10-2263] Analyzing SystemVerilog file "D:/Semester1/CEG5203/workspace/project-fpga/vitis2023/myip_v1_0_HLS/sobel_hls/hls/sim/verilog/sobel_hls_urem_7ns_3ns_2_11_1.v" into library xil_defaultlib
INFO: [VRFC 10-311] analyzing module sobel_hls_urem_7ns_3ns_2_11_1_divider
INFO: [VRFC 10-311] analyzing module sobel_hls_urem_7ns_3ns_2_11_1
INFO: [VRFC 10-2263] Analyzing SystemVerilog file "D:/Semester1/CEG5203/workspace/project-fpga/vitis2023/myip_v1_0_HLS/sobel_hls/hls/sim/verilog/dataflow_monitor.sv" into library xil_defaultlib
INFO: [VRFC 10-311] analyzing module dataflow_monitor
Starting static elaboration
Pass Through NonSizing Optimizer
Completed static elaboration
Starting simulation data flow analysis
Completed simulation data flow analysis
Time Resolution for simulation is 1ps
Compiling package xil_defaultlib.$unit_dataflow_monitor_sv
Compiling module xil_defaultlib.sobel_hls_frame_RAM_AUTO_1R1W
Compiling module xil_defaultlib.sobel_hls_output_RAM_AUTO_1R1W
Compiling module xil_defaultlib.sobel_hls_output_1_RAM_AUTO_1R1W
Compiling module xil_defaultlib.sobel_hls_flow_control_loop_pipe...
Compiling module xil_defaultlib.sobel_hls_sobel_hls_Pipeline_1
Compiling module xil_defaultlib.sobel_hls_mul_7ns_9ns_15_1_1(NUM...
Compiling module xil_defaultlib.sobel_hls_urem_7ns_3ns_2_11_1_di...
Compiling module xil_defaultlib.sobel_hls_urem_7ns_3ns_2_11_1(NU...
Compiling module xil_defaultlib.sobel_hls_sobel_hls_Pipeline_VIT...
Compiling module xil_defaultlib.sobel_hls_sparsemux_7_2_8_1_1(di...
Compiling module xil_defaultlib.sobel_hls_sparsemux_171_7_8_1_1(...
Compiling module xil_defaultlib.sobel_hls_sparsemux_167_7_8_1_1(...
Compiling module xil_defaultlib.sobel_hls_sobel_hls_Pipeline_VIT...
Compiling module xil_defaultlib.sobel_hls_sobel_hls_Pipeline_VIT...
Compiling module xil_defaultlib.sobel_hls_regslice_both
Compiling module xil_defaultlib.sobel_hls_regslice_both(DataWidt...
Compiling module xil_defaultlib.sobel_hls_regslice_both(DataWidt...
Compiling module xil_defaultlib.sobel_hls
Compiling module xil_defaultlib.fifo(DEPTH=7225,WIDTH=32)
Compiling module xil_defaultlib.fifo(DEPTH=7225,WIDTH=4)
Compiling module xil_defaultlib.fifo(DEPTH=7225,WIDTH=1)
Compiling module xil_defaultlib.AESL_axi_s_S_AXIS
Compiling module xil_defaultlib.AESL_axi_s_M_AXIS
Compiling module xil_defaultlib.AESL_deadlock_idx0_monitor
Compiling module xil_defaultlib.AESL_deadlock_kernel_monitor_top...
Compiling module xil_defaultlib.nodf_module_intf
Compiling module xil_defaultlib.upc_loop_intf(FSM_WIDTH=1)
Compiling module xil_defaultlib.dataflow_monitor_1
Compiling module xil_defaultlib.apatb_sobel_hls_top
Compiling module work.glbl
Built simulation snapshot sobel_hls
ECHO 处于关闭状态。
ECHO 处于关闭状态。

****** xsim v2023.2 (64-bit)
  **** SW Build 4029153 on Fri Oct 13 20:14:34 MDT 2023
  **** IP Build 4028589 on Sat Oct 14 00:45:43 MDT 2023
  **** SharedData Build 4025554 on Tue Oct 10 17:18:54 MDT 2023
    ** Copyright 1986-2022 Xilinx, Inc. All Rights Reserved.
    ** Copyright 2022-2023 Advanced Micro Devices, Inc. All Rights Reserved.

source xsim.dir/sobel_hls/xsim_script.tcl
# xsim {sobel_hls} -autoloadwcfg -tclbatch {sobel_hls.tcl}
Time resolution is 1 ps
source sobel_hls.tcl
## run all
////////////////////////////////////////////////////////////////////////////////////
// Inter-Transaction Progress: Completed Transaction / Total Transaction
// Intra-Transaction Progress: Measured Latency / Latency Estimation * 100%
//
// RTL Simulation : "Inter-Transaction Progress" ["Intra-Transaction Progress"] @ "Simulation Time"
////////////////////////////////////////////////////////////////////////////////////
// RTL Simulation : 0 / 1 [0.00%] @ "125000"
// RTL Simulation : 1 / 1 [100.00%] @ "286085000"
////////////////////////////////////////////////////////////////////////////////////
$finish called at time : 286145 ns : File "D:/Semester1/CEG5203/workspace/project-fpga/vitis2023/myip_v1_0_HLS/sobel_hls/hls/sim/verilog/sobel_hls.autotb.v" Line 250
## quit
INFO: [Common 17-206] Exiting xsim at Sat Nov  9 11:22:15 2024...
Transmitting Image...
Receiving Image...
Checking results...
Test Passed
INFO [HLS SIM]: The maximum depth reached by any hls::stream() instance in the design is 7225
