

================================================================
== Vitis HLS Report for 'sobel_hls_Pipeline_1'
================================================================
* Date:           Sat Nov  9 10:50:39 2024

* Version:        2023.2 (Build 4023990 on Oct 11 2023)
* Project:        sobel_hls
* Solution:       hls (Vivado IP Flow Target)
* Product family: zynquplus
* Target device:  xck26-sfvc784-2LV-c


================================================================
== Performance Estimates
================================================================
+ Timing: 
    * Summary: 
    +--------+----------+----------+------------+
    |  Clock |  Target  | Estimated| Uncertainty|
    +--------+----------+----------+------------+
    |ap_clk  |  10.00 ns|  2.370 ns|     2.70 ns|
    +--------+----------+----------+------------+

+ Latency: 
    * Summary: 
    +---------+---------+-----------+-----------+------+------+---------+
    |  Latency (cycles) |   Latency (absolute)  |   Interval  | Pipeline|
    |   min   |   max   |    min    |    max    |  min |  max |   Type  |
    +---------+---------+-----------+-----------+------+------+---------+
    |     7227|     7227|  72.270 us|  72.270 us|  7227|  7227|       no|
    +---------+---------+-----------+-----------+------+------+---------+

    + Detail: 
        * Instance: 
        N/A

        * Loop: 
        +----------+---------+---------+----------+-----------+-----------+------+----------+
        |          |  Latency (cycles) | Iteration|  Initiation Interval  | Trip |          |
        | Loop Name|   min   |   max   |  Latency |  achieved |   target  | Count| Pipelined|
        +----------+---------+---------+----------+-----------+-----------+------+----------+
        |- Loop 1  |     7225|     7225|         1|          1|          1|  7225|       yes|
        +----------+---------+---------+----------+-----------+-----------+------+----------+

============================================================
+ Verbose Summary: Synthesis Manager
============================================================
InlineROM: 1
ExposeGlobal: 0
============================================================
+ Verbose Summary: CDFG Model
============================================================
IsTopModel: 0
ResetActiveHigh: 1
IsCombinational: 0
IsDatapathOnly: 0
HasWiredReturn: 1
HasMFsm: 2
HasVarLatency: 1
IsPipeline: 0
IsRtlPipelined: 0
IsInstanceOverlapped: 0
IsDontTouch: 0
HasImplIP: 0
IsGatedGlobalClock: 0

+ Individual pipeline summary: 
  * Pipeline-0: initiation interval (II) = 1, depth = 2


============================================================
+ Verbose Summary: Schedule
============================================================
* Number of FSM states : 2
* Pipeline : 1
  Pipeline-0 : II = 1, D = 2, States = { 1 2 }
* Dataflow Pipeline: 0

* FSM state transitions: 
1 --> 2 
2 --> 

* FSM state operations: 

State 1 <SV = 0> <Delay = 0.42>
ST_1 : Operation 4 [1/1] (0.00ns)   --->   "%phi_urem = alloca i32 1"   --->   Operation 4 'alloca' 'phi_urem' <Predicate = true> <Delay = 0.00>
ST_1 : Operation 5 [1/1] (0.00ns)   --->   "%phi_mul = alloca i32 1"   --->   Operation 5 'alloca' 'phi_mul' <Predicate = true> <Delay = 0.00>
ST_1 : Operation 6 [1/1] (0.00ns)   --->   "%empty = alloca i32 1"   --->   Operation 6 'alloca' 'empty' <Predicate = true> <Delay = 0.00>
ST_1 : Operation 7 [1/1] (0.42ns)   --->   "%store_ln0 = store i13 0, i13 %empty"   --->   Operation 7 'store' 'store_ln0' <Predicate = true> <Delay = 0.42>
ST_1 : Operation 8 [1/1] (0.42ns)   --->   "%store_ln0 = store i27 0, i27 %phi_mul"   --->   Operation 8 'store' 'store_ln0' <Predicate = true> <Delay = 0.42>
ST_1 : Operation 9 [1/1] (0.42ns)   --->   "%store_ln0 = store i13 0, i13 %phi_urem"   --->   Operation 9 'store' 'store_ln0' <Predicate = true> <Delay = 0.42>
ST_1 : Operation 10 [1/1] (0.00ns)   --->   "%br_ln0 = br void %memset.loop"   --->   Operation 10 'br' 'br_ln0' <Predicate = true> <Delay = 0.00>

State 2 <SV = 1> <Delay = 2.37>
ST_2 : Operation 11 [1/1] (0.00ns)   --->   "%phi_urem_load = load i13 %phi_urem"   --->   Operation 11 'load' 'phi_urem_load' <Predicate = true> <Delay = 0.00>
ST_2 : Operation 12 [1/1] (0.00ns)   --->   "%p_load = load i13 %empty"   --->   Operation 12 'load' 'p_load' <Predicate = true> <Delay = 0.00>
ST_2 : Operation 13 [1/1] (0.82ns)   --->   "%exitcond1407 = icmp_eq  i13 %p_load, i13 7225"   --->   Operation 13 'icmp' 'exitcond1407' <Predicate = true> <Delay = 0.82> <CoreInst = "Cmp">   --->   Core 9 'Cmp' <Latency = 0> <II = 1> <Delay = 0.82> <FuncUnit> <Opcode : 'icmp'> <InPorts = 2> <OutPorts = 1>
ST_2 : Operation 14 [1/1] (0.82ns)   --->   "%empty_15 = add i13 %p_load, i13 1"   --->   Operation 14 'add' 'empty_15' <Predicate = true> <Delay = 0.82> <CoreInst = "Adder">   --->   Core 1 'Adder' <Latency = 0> <II = 1> <Delay = 0.82> <FuncUnit> <Opcode : 'add' 'sub'> <InPorts = 2> <OutPorts = 1>
ST_2 : Operation 15 [1/1] (0.00ns)   --->   "%br_ln0 = br i1 %exitcond1407, void %memset.loop.split, void %for.inc.preheader.exitStub"   --->   Operation 15 'br' 'br_ln0' <Predicate = true> <Delay = 0.00>
ST_2 : Operation 16 [1/1] (0.00ns)   --->   "%phi_mul_load = load i27 %phi_mul"   --->   Operation 16 'load' 'phi_mul_load' <Predicate = (!exitcond1407)> <Delay = 0.00>
ST_2 : Operation 17 [1/1] (0.00ns)   --->   "%specpipeline_ln0 = specpipeline void @_ssdm_op_SpecPipeline, i32 4294967295, i32 0, i32 0, i32 0, void @empty_1"   --->   Operation 17 'specpipeline' 'specpipeline_ln0' <Predicate = (!exitcond1407)> <Delay = 0.00>
ST_2 : Operation 18 [1/1] (0.00ns)   --->   "%speclooptripcount_ln0 = speclooptripcount void @_ssdm_op_SpecLoopTripCount, i64 7225, i64 7225, i64 7225"   --->   Operation 18 'speclooptripcount' 'speclooptripcount_ln0' <Predicate = (!exitcond1407)> <Delay = 0.00>
ST_2 : Operation 19 [1/1] (0.96ns)   --->   "%next_mul = add i27 %phi_mul_load, i27 12337"   --->   Operation 19 'add' 'next_mul' <Predicate = (!exitcond1407)> <Delay = 0.96> <CoreInst = "Adder">   --->   Core 1 'Adder' <Latency = 0> <II = 1> <Delay = 0.96> <FuncUnit> <Opcode : 'add' 'sub'> <InPorts = 2> <OutPorts = 1>
ST_2 : Operation 20 [1/1] (0.00ns)   --->   "%tmp = partselect i7 @_ssdm_op_PartSelect.i7.i27.i32.i32, i27 %phi_mul_load, i32 20, i32 26"   --->   Operation 20 'partselect' 'tmp' <Predicate = (!exitcond1407)> <Delay = 0.00>
ST_2 : Operation 21 [1/1] (0.00ns)   --->   "%p_cast5 = zext i7 %tmp"   --->   Operation 21 'zext' 'p_cast5' <Predicate = (!exitcond1407)> <Delay = 0.00>
ST_2 : Operation 22 [1/1] (0.00ns)   --->   "%empty_17 = trunc i13 %phi_urem_load"   --->   Operation 22 'trunc' 'empty_17' <Predicate = (!exitcond1407)> <Delay = 0.00>
ST_2 : Operation 23 [1/1] (0.00ns)   --->   "%output_addr = getelementptr i1 %output_r, i64 0, i64 %p_cast5"   --->   Operation 23 'getelementptr' 'output_addr' <Predicate = (!exitcond1407)> <Delay = 0.00>
ST_2 : Operation 24 [1/1] (0.00ns)   --->   "%output_1_addr = getelementptr i8 %output_1, i64 0, i64 %p_cast5"   --->   Operation 24 'getelementptr' 'output_1_addr' <Predicate = (!exitcond1407)> <Delay = 0.00>
ST_2 : Operation 25 [1/1] (0.00ns)   --->   "%output_2_addr = getelementptr i8 %output_2, i64 0, i64 %p_cast5"   --->   Operation 25 'getelementptr' 'output_2_addr' <Predicate = (!exitcond1407)> <Delay = 0.00>
ST_2 : Operation 26 [1/1] (0.00ns)   --->   "%output_3_addr = getelementptr i8 %output_3, i64 0, i64 %p_cast5"   --->   Operation 26 'getelementptr' 'output_3_addr' <Predicate = (!exitcond1407)> <Delay = 0.00>
ST_2 : Operation 27 [1/1] (0.00ns)   --->   "%output_4_addr = getelementptr i8 %output_4, i64 0, i64 %p_cast5"   --->   Operation 27 'getelementptr' 'output_4_addr' <Predicate = (!exitcond1407)> <Delay = 0.00>
ST_2 : Operation 28 [1/1] (0.00ns)   --->   "%output_5_addr = getelementptr i8 %output_5, i64 0, i64 %p_cast5"   --->   Operation 28 'getelementptr' 'output_5_addr' <Predicate = (!exitcond1407)> <Delay = 0.00>
ST_2 : Operation 29 [1/1] (0.00ns)   --->   "%output_6_addr = getelementptr i8 %output_6, i64 0, i64 %p_cast5"   --->   Operation 29 'getelementptr' 'output_6_addr' <Predicate = (!exitcond1407)> <Delay = 0.00>
ST_2 : Operation 30 [1/1] (0.00ns)   --->   "%output_7_addr = getelementptr i8 %output_7, i64 0, i64 %p_cast5"   --->   Operation 30 'getelementptr' 'output_7_addr' <Predicate = (!exitcond1407)> <Delay = 0.00>
ST_2 : Operation 31 [1/1] (0.00ns)   --->   "%output_8_addr = getelementptr i8 %output_8, i64 0, i64 %p_cast5"   --->   Operation 31 'getelementptr' 'output_8_addr' <Predicate = (!exitcond1407)> <Delay = 0.00>
ST_2 : Operation 32 [1/1] (0.00ns)   --->   "%output_9_addr = getelementptr i8 %output_9, i64 0, i64 %p_cast5"   --->   Operation 32 'getelementptr' 'output_9_addr' <Predicate = (!exitcond1407)> <Delay = 0.00>
ST_2 : Operation 33 [1/1] (0.00ns)   --->   "%output_10_addr = getelementptr i8 %output_10, i64 0, i64 %p_cast5"   --->   Operation 33 'getelementptr' 'output_10_addr' <Predicate = (!exitcond1407)> <Delay = 0.00>
ST_2 : Operation 34 [1/1] (0.00ns)   --->   "%output_11_addr = getelementptr i8 %output_11, i64 0, i64 %p_cast5"   --->   Operation 34 'getelementptr' 'output_11_addr' <Predicate = (!exitcond1407)> <Delay = 0.00>
ST_2 : Operation 35 [1/1] (0.00ns)   --->   "%output_12_addr = getelementptr i8 %output_12, i64 0, i64 %p_cast5"   --->   Operation 35 'getelementptr' 'output_12_addr' <Predicate = (!exitcond1407)> <Delay = 0.00>
ST_2 : Operation 36 [1/1] (0.00ns)   --->   "%output_13_addr = getelementptr i8 %output_13, i64 0, i64 %p_cast5"   --->   Operation 36 'getelementptr' 'output_13_addr' <Predicate = (!exitcond1407)> <Delay = 0.00>
ST_2 : Operation 37 [1/1] (0.00ns)   --->   "%output_14_addr = getelementptr i8 %output_14, i64 0, i64 %p_cast5"   --->   Operation 37 'getelementptr' 'output_14_addr' <Predicate = (!exitcond1407)> <Delay = 0.00>
ST_2 : Operation 38 [1/1] (0.00ns)   --->   "%output_15_addr = getelementptr i8 %output_15, i64 0, i64 %p_cast5"   --->   Operation 38 'getelementptr' 'output_15_addr' <Predicate = (!exitcond1407)> <Delay = 0.00>
ST_2 : Operation 39 [1/1] (0.00ns)   --->   "%output_16_addr = getelementptr i8 %output_16, i64 0, i64 %p_cast5"   --->   Operation 39 'getelementptr' 'output_16_addr' <Predicate = (!exitcond1407)> <Delay = 0.00>
ST_2 : Operation 40 [1/1] (0.00ns)   --->   "%output_17_addr = getelementptr i8 %output_17, i64 0, i64 %p_cast5"   --->   Operation 40 'getelementptr' 'output_17_addr' <Predicate = (!exitcond1407)> <Delay = 0.00>
ST_2 : Operation 41 [1/1] (0.00ns)   --->   "%output_18_addr = getelementptr i8 %output_18, i64 0, i64 %p_cast5"   --->   Operation 41 'getelementptr' 'output_18_addr' <Predicate = (!exitcond1407)> <Delay = 0.00>
ST_2 : Operation 42 [1/1] (0.00ns)   --->   "%output_19_addr = getelementptr i8 %output_19, i64 0, i64 %p_cast5"   --->   Operation 42 'getelementptr' 'output_19_addr' <Predicate = (!exitcond1407)> <Delay = 0.00>
ST_2 : Operation 43 [1/1] (0.00ns)   --->   "%output_20_addr = getelementptr i8 %output_20, i64 0, i64 %p_cast5"   --->   Operation 43 'getelementptr' 'output_20_addr' <Predicate = (!exitcond1407)> <Delay = 0.00>
ST_2 : Operation 44 [1/1] (0.00ns)   --->   "%output_21_addr = getelementptr i8 %output_21, i64 0, i64 %p_cast5"   --->   Operation 44 'getelementptr' 'output_21_addr' <Predicate = (!exitcond1407)> <Delay = 0.00>
ST_2 : Operation 45 [1/1] (0.00ns)   --->   "%output_22_addr = getelementptr i8 %output_22, i64 0, i64 %p_cast5"   --->   Operation 45 'getelementptr' 'output_22_addr' <Predicate = (!exitcond1407)> <Delay = 0.00>
ST_2 : Operation 46 [1/1] (0.00ns)   --->   "%output_23_addr = getelementptr i8 %output_23, i64 0, i64 %p_cast5"   --->   Operation 46 'getelementptr' 'output_23_addr' <Predicate = (!exitcond1407)> <Delay = 0.00>
ST_2 : Operation 47 [1/1] (0.00ns)   --->   "%output_24_addr = getelementptr i8 %output_24, i64 0, i64 %p_cast5"   --->   Operation 47 'getelementptr' 'output_24_addr' <Predicate = (!exitcond1407)> <Delay = 0.00>
ST_2 : Operation 48 [1/1] (0.00ns)   --->   "%output_25_addr = getelementptr i8 %output_25, i64 0, i64 %p_cast5"   --->   Operation 48 'getelementptr' 'output_25_addr' <Predicate = (!exitcond1407)> <Delay = 0.00>
ST_2 : Operation 49 [1/1] (0.00ns)   --->   "%output_26_addr = getelementptr i8 %output_26, i64 0, i64 %p_cast5"   --->   Operation 49 'getelementptr' 'output_26_addr' <Predicate = (!exitcond1407)> <Delay = 0.00>
ST_2 : Operation 50 [1/1] (0.00ns)   --->   "%output_27_addr = getelementptr i8 %output_27, i64 0, i64 %p_cast5"   --->   Operation 50 'getelementptr' 'output_27_addr' <Predicate = (!exitcond1407)> <Delay = 0.00>
ST_2 : Operation 51 [1/1] (0.00ns)   --->   "%output_28_addr = getelementptr i8 %output_28, i64 0, i64 %p_cast5"   --->   Operation 51 'getelementptr' 'output_28_addr' <Predicate = (!exitcond1407)> <Delay = 0.00>
ST_2 : Operation 52 [1/1] (0.00ns)   --->   "%output_29_addr = getelementptr i8 %output_29, i64 0, i64 %p_cast5"   --->   Operation 52 'getelementptr' 'output_29_addr' <Predicate = (!exitcond1407)> <Delay = 0.00>
ST_2 : Operation 53 [1/1] (0.00ns)   --->   "%output_30_addr = getelementptr i8 %output_30, i64 0, i64 %p_cast5"   --->   Operation 53 'getelementptr' 'output_30_addr' <Predicate = (!exitcond1407)> <Delay = 0.00>
ST_2 : Operation 54 [1/1] (0.00ns)   --->   "%output_31_addr = getelementptr i8 %output_31, i64 0, i64 %p_cast5"   --->   Operation 54 'getelementptr' 'output_31_addr' <Predicate = (!exitcond1407)> <Delay = 0.00>
ST_2 : Operation 55 [1/1] (0.00ns)   --->   "%output_32_addr = getelementptr i8 %output_32, i64 0, i64 %p_cast5"   --->   Operation 55 'getelementptr' 'output_32_addr' <Predicate = (!exitcond1407)> <Delay = 0.00>
ST_2 : Operation 56 [1/1] (0.00ns)   --->   "%output_33_addr = getelementptr i8 %output_33, i64 0, i64 %p_cast5"   --->   Operation 56 'getelementptr' 'output_33_addr' <Predicate = (!exitcond1407)> <Delay = 0.00>
ST_2 : Operation 57 [1/1] (0.00ns)   --->   "%output_34_addr = getelementptr i8 %output_34, i64 0, i64 %p_cast5"   --->   Operation 57 'getelementptr' 'output_34_addr' <Predicate = (!exitcond1407)> <Delay = 0.00>
ST_2 : Operation 58 [1/1] (0.00ns)   --->   "%output_35_addr = getelementptr i8 %output_35, i64 0, i64 %p_cast5"   --->   Operation 58 'getelementptr' 'output_35_addr' <Predicate = (!exitcond1407)> <Delay = 0.00>
ST_2 : Operation 59 [1/1] (0.00ns)   --->   "%output_36_addr = getelementptr i8 %output_36, i64 0, i64 %p_cast5"   --->   Operation 59 'getelementptr' 'output_36_addr' <Predicate = (!exitcond1407)> <Delay = 0.00>
ST_2 : Operation 60 [1/1] (0.00ns)   --->   "%output_37_addr = getelementptr i8 %output_37, i64 0, i64 %p_cast5"   --->   Operation 60 'getelementptr' 'output_37_addr' <Predicate = (!exitcond1407)> <Delay = 0.00>
ST_2 : Operation 61 [1/1] (0.00ns)   --->   "%output_38_addr = getelementptr i8 %output_38, i64 0, i64 %p_cast5"   --->   Operation 61 'getelementptr' 'output_38_addr' <Predicate = (!exitcond1407)> <Delay = 0.00>
ST_2 : Operation 62 [1/1] (0.00ns)   --->   "%output_39_addr = getelementptr i8 %output_39, i64 0, i64 %p_cast5"   --->   Operation 62 'getelementptr' 'output_39_addr' <Predicate = (!exitcond1407)> <Delay = 0.00>
ST_2 : Operation 63 [1/1] (0.00ns)   --->   "%output_40_addr = getelementptr i8 %output_40, i64 0, i64 %p_cast5"   --->   Operation 63 'getelementptr' 'output_40_addr' <Predicate = (!exitcond1407)> <Delay = 0.00>
ST_2 : Operation 64 [1/1] (0.00ns)   --->   "%output_41_addr = getelementptr i8 %output_41, i64 0, i64 %p_cast5"   --->   Operation 64 'getelementptr' 'output_41_addr' <Predicate = (!exitcond1407)> <Delay = 0.00>
ST_2 : Operation 65 [1/1] (0.00ns)   --->   "%output_42_addr = getelementptr i8 %output_42, i64 0, i64 %p_cast5"   --->   Operation 65 'getelementptr' 'output_42_addr' <Predicate = (!exitcond1407)> <Delay = 0.00>
ST_2 : Operation 66 [1/1] (0.00ns)   --->   "%output_43_addr = getelementptr i8 %output_43, i64 0, i64 %p_cast5"   --->   Operation 66 'getelementptr' 'output_43_addr' <Predicate = (!exitcond1407)> <Delay = 0.00>
ST_2 : Operation 67 [1/1] (0.00ns)   --->   "%output_44_addr = getelementptr i8 %output_44, i64 0, i64 %p_cast5"   --->   Operation 67 'getelementptr' 'output_44_addr' <Predicate = (!exitcond1407)> <Delay = 0.00>
ST_2 : Operation 68 [1/1] (0.00ns)   --->   "%output_45_addr = getelementptr i8 %output_45, i64 0, i64 %p_cast5"   --->   Operation 68 'getelementptr' 'output_45_addr' <Predicate = (!exitcond1407)> <Delay = 0.00>
ST_2 : Operation 69 [1/1] (0.00ns)   --->   "%output_46_addr = getelementptr i8 %output_46, i64 0, i64 %p_cast5"   --->   Operation 69 'getelementptr' 'output_46_addr' <Predicate = (!exitcond1407)> <Delay = 0.00>
ST_2 : Operation 70 [1/1] (0.00ns)   --->   "%output_47_addr = getelementptr i8 %output_47, i64 0, i64 %p_cast5"   --->   Operation 70 'getelementptr' 'output_47_addr' <Predicate = (!exitcond1407)> <Delay = 0.00>
ST_2 : Operation 71 [1/1] (0.00ns)   --->   "%output_48_addr = getelementptr i8 %output_48, i64 0, i64 %p_cast5"   --->   Operation 71 'getelementptr' 'output_48_addr' <Predicate = (!exitcond1407)> <Delay = 0.00>
ST_2 : Operation 72 [1/1] (0.00ns)   --->   "%output_49_addr = getelementptr i8 %output_49, i64 0, i64 %p_cast5"   --->   Operation 72 'getelementptr' 'output_49_addr' <Predicate = (!exitcond1407)> <Delay = 0.00>
ST_2 : Operation 73 [1/1] (0.00ns)   --->   "%output_50_addr = getelementptr i8 %output_50, i64 0, i64 %p_cast5"   --->   Operation 73 'getelementptr' 'output_50_addr' <Predicate = (!exitcond1407)> <Delay = 0.00>
ST_2 : Operation 74 [1/1] (0.00ns)   --->   "%output_51_addr = getelementptr i8 %output_51, i64 0, i64 %p_cast5"   --->   Operation 74 'getelementptr' 'output_51_addr' <Predicate = (!exitcond1407)> <Delay = 0.00>
ST_2 : Operation 75 [1/1] (0.00ns)   --->   "%output_52_addr = getelementptr i8 %output_52, i64 0, i64 %p_cast5"   --->   Operation 75 'getelementptr' 'output_52_addr' <Predicate = (!exitcond1407)> <Delay = 0.00>
ST_2 : Operation 76 [1/1] (0.00ns)   --->   "%output_53_addr = getelementptr i8 %output_53, i64 0, i64 %p_cast5"   --->   Operation 76 'getelementptr' 'output_53_addr' <Predicate = (!exitcond1407)> <Delay = 0.00>
ST_2 : Operation 77 [1/1] (0.00ns)   --->   "%output_54_addr = getelementptr i8 %output_54, i64 0, i64 %p_cast5"   --->   Operation 77 'getelementptr' 'output_54_addr' <Predicate = (!exitcond1407)> <Delay = 0.00>
ST_2 : Operation 78 [1/1] (0.00ns)   --->   "%output_55_addr = getelementptr i8 %output_55, i64 0, i64 %p_cast5"   --->   Operation 78 'getelementptr' 'output_55_addr' <Predicate = (!exitcond1407)> <Delay = 0.00>
ST_2 : Operation 79 [1/1] (0.00ns)   --->   "%output_56_addr = getelementptr i8 %output_56, i64 0, i64 %p_cast5"   --->   Operation 79 'getelementptr' 'output_56_addr' <Predicate = (!exitcond1407)> <Delay = 0.00>
ST_2 : Operation 80 [1/1] (0.00ns)   --->   "%output_57_addr = getelementptr i8 %output_57, i64 0, i64 %p_cast5"   --->   Operation 80 'getelementptr' 'output_57_addr' <Predicate = (!exitcond1407)> <Delay = 0.00>
ST_2 : Operation 81 [1/1] (0.00ns)   --->   "%output_58_addr = getelementptr i8 %output_58, i64 0, i64 %p_cast5"   --->   Operation 81 'getelementptr' 'output_58_addr' <Predicate = (!exitcond1407)> <Delay = 0.00>
ST_2 : Operation 82 [1/1] (0.00ns)   --->   "%output_59_addr = getelementptr i8 %output_59, i64 0, i64 %p_cast5"   --->   Operation 82 'getelementptr' 'output_59_addr' <Predicate = (!exitcond1407)> <Delay = 0.00>
ST_2 : Operation 83 [1/1] (0.00ns)   --->   "%output_60_addr = getelementptr i8 %output_60, i64 0, i64 %p_cast5"   --->   Operation 83 'getelementptr' 'output_60_addr' <Predicate = (!exitcond1407)> <Delay = 0.00>
ST_2 : Operation 84 [1/1] (0.00ns)   --->   "%output_61_addr = getelementptr i8 %output_61, i64 0, i64 %p_cast5"   --->   Operation 84 'getelementptr' 'output_61_addr' <Predicate = (!exitcond1407)> <Delay = 0.00>
ST_2 : Operation 85 [1/1] (0.00ns)   --->   "%output_62_addr = getelementptr i8 %output_62, i64 0, i64 %p_cast5"   --->   Operation 85 'getelementptr' 'output_62_addr' <Predicate = (!exitcond1407)> <Delay = 0.00>
ST_2 : Operation 86 [1/1] (0.00ns)   --->   "%output_63_addr = getelementptr i8 %output_63, i64 0, i64 %p_cast5"   --->   Operation 86 'getelementptr' 'output_63_addr' <Predicate = (!exitcond1407)> <Delay = 0.00>
ST_2 : Operation 87 [1/1] (0.00ns)   --->   "%output_64_addr = getelementptr i8 %output_64, i64 0, i64 %p_cast5"   --->   Operation 87 'getelementptr' 'output_64_addr' <Predicate = (!exitcond1407)> <Delay = 0.00>
ST_2 : Operation 88 [1/1] (0.00ns)   --->   "%output_65_addr = getelementptr i8 %output_65, i64 0, i64 %p_cast5"   --->   Operation 88 'getelementptr' 'output_65_addr' <Predicate = (!exitcond1407)> <Delay = 0.00>
ST_2 : Operation 89 [1/1] (0.00ns)   --->   "%output_66_addr = getelementptr i8 %output_66, i64 0, i64 %p_cast5"   --->   Operation 89 'getelementptr' 'output_66_addr' <Predicate = (!exitcond1407)> <Delay = 0.00>
ST_2 : Operation 90 [1/1] (0.00ns)   --->   "%output_67_addr = getelementptr i8 %output_67, i64 0, i64 %p_cast5"   --->   Operation 90 'getelementptr' 'output_67_addr' <Predicate = (!exitcond1407)> <Delay = 0.00>
ST_2 : Operation 91 [1/1] (0.00ns)   --->   "%output_68_addr = getelementptr i8 %output_68, i64 0, i64 %p_cast5"   --->   Operation 91 'getelementptr' 'output_68_addr' <Predicate = (!exitcond1407)> <Delay = 0.00>
ST_2 : Operation 92 [1/1] (0.00ns)   --->   "%output_69_addr = getelementptr i8 %output_69, i64 0, i64 %p_cast5"   --->   Operation 92 'getelementptr' 'output_69_addr' <Predicate = (!exitcond1407)> <Delay = 0.00>
ST_2 : Operation 93 [1/1] (0.00ns)   --->   "%output_70_addr = getelementptr i8 %output_70, i64 0, i64 %p_cast5"   --->   Operation 93 'getelementptr' 'output_70_addr' <Predicate = (!exitcond1407)> <Delay = 0.00>
ST_2 : Operation 94 [1/1] (0.00ns)   --->   "%output_71_addr = getelementptr i8 %output_71, i64 0, i64 %p_cast5"   --->   Operation 94 'getelementptr' 'output_71_addr' <Predicate = (!exitcond1407)> <Delay = 0.00>
ST_2 : Operation 95 [1/1] (0.00ns)   --->   "%output_72_addr = getelementptr i8 %output_72, i64 0, i64 %p_cast5"   --->   Operation 95 'getelementptr' 'output_72_addr' <Predicate = (!exitcond1407)> <Delay = 0.00>
ST_2 : Operation 96 [1/1] (0.00ns)   --->   "%output_73_addr = getelementptr i8 %output_73, i64 0, i64 %p_cast5"   --->   Operation 96 'getelementptr' 'output_73_addr' <Predicate = (!exitcond1407)> <Delay = 0.00>
ST_2 : Operation 97 [1/1] (0.00ns)   --->   "%output_74_addr = getelementptr i8 %output_74, i64 0, i64 %p_cast5"   --->   Operation 97 'getelementptr' 'output_74_addr' <Predicate = (!exitcond1407)> <Delay = 0.00>
ST_2 : Operation 98 [1/1] (0.00ns)   --->   "%output_75_addr = getelementptr i8 %output_75, i64 0, i64 %p_cast5"   --->   Operation 98 'getelementptr' 'output_75_addr' <Predicate = (!exitcond1407)> <Delay = 0.00>
ST_2 : Operation 99 [1/1] (0.00ns)   --->   "%output_76_addr = getelementptr i8 %output_76, i64 0, i64 %p_cast5"   --->   Operation 99 'getelementptr' 'output_76_addr' <Predicate = (!exitcond1407)> <Delay = 0.00>
ST_2 : Operation 100 [1/1] (0.00ns)   --->   "%output_77_addr = getelementptr i8 %output_77, i64 0, i64 %p_cast5"   --->   Operation 100 'getelementptr' 'output_77_addr' <Predicate = (!exitcond1407)> <Delay = 0.00>
ST_2 : Operation 101 [1/1] (0.00ns)   --->   "%output_78_addr = getelementptr i8 %output_78, i64 0, i64 %p_cast5"   --->   Operation 101 'getelementptr' 'output_78_addr' <Predicate = (!exitcond1407)> <Delay = 0.00>
ST_2 : Operation 102 [1/1] (0.00ns)   --->   "%output_79_addr = getelementptr i8 %output_79, i64 0, i64 %p_cast5"   --->   Operation 102 'getelementptr' 'output_79_addr' <Predicate = (!exitcond1407)> <Delay = 0.00>
ST_2 : Operation 103 [1/1] (0.00ns)   --->   "%output_80_addr = getelementptr i8 %output_80, i64 0, i64 %p_cast5"   --->   Operation 103 'getelementptr' 'output_80_addr' <Predicate = (!exitcond1407)> <Delay = 0.00>
ST_2 : Operation 104 [1/1] (0.00ns)   --->   "%output_81_addr = getelementptr i8 %output_81, i64 0, i64 %p_cast5"   --->   Operation 104 'getelementptr' 'output_81_addr' <Predicate = (!exitcond1407)> <Delay = 0.00>
ST_2 : Operation 105 [1/1] (0.00ns)   --->   "%output_82_addr = getelementptr i8 %output_82, i64 0, i64 %p_cast5"   --->   Operation 105 'getelementptr' 'output_82_addr' <Predicate = (!exitcond1407)> <Delay = 0.00>
ST_2 : Operation 106 [1/1] (0.00ns)   --->   "%output_83_addr = getelementptr i8 %output_83, i64 0, i64 %p_cast5"   --->   Operation 106 'getelementptr' 'output_83_addr' <Predicate = (!exitcond1407)> <Delay = 0.00>
ST_2 : Operation 107 [1/1] (0.00ns)   --->   "%output_84_addr = getelementptr i1 %output_84, i64 0, i64 %p_cast5"   --->   Operation 107 'getelementptr' 'output_84_addr' <Predicate = (!exitcond1407)> <Delay = 0.00>
ST_2 : Operation 108 [1/1] (0.75ns)   --->   "%switch_ln0 = switch i7 %empty_17, void %.case.84, i7 0, void %.case.0, i7 1, void %.case.1, i7 2, void %.case.2, i7 3, void %.case.3, i7 4, void %.case.4, i7 5, void %.case.5, i7 6, void %.case.6, i7 7, void %.case.7, i7 8, void %.case.8, i7 9, void %.case.9, i7 10, void %.case.10, i7 11, void %.case.11, i7 12, void %.case.12, i7 13, void %.case.13, i7 14, void %.case.14, i7 15, void %.case.15, i7 16, void %.case.16, i7 17, void %.case.17, i7 18, void %.case.18, i7 19, void %.case.19, i7 20, void %.case.20, i7 21, void %.case.21, i7 22, void %.case.22, i7 23, void %.case.23, i7 24, void %.case.24, i7 25, void %.case.25, i7 26, void %.case.26, i7 27, void %.case.27, i7 28, void %.case.28, i7 29, void %.case.29, i7 30, void %.case.30, i7 31, void %.case.31, i7 32, void %.case.32, i7 33, void %.case.33, i7 34, void %.case.34, i7 35, void %.case.35, i7 36, void %.case.36, i7 37, void %.case.37, i7 38, void %.case.38, i7 39, void %.case.39, i7 40, void %.case.40, i7 41, void %.case.41, i7 42, void %.case.42, i7 43, void %.case.43, i7 44, void %.case.44, i7 45, void %.case.45, i7 46, void %.case.46, i7 47, void %.case.47, i7 48, void %.case.48, i7 49, void %.case.49, i7 50, void %.case.50, i7 51, void %.case.51, i7 52, void %.case.52, i7 53, void %.case.53, i7 54, void %.case.54, i7 55, void %.case.55, i7 56, void %.case.56, i7 57, void %.case.57, i7 58, void %.case.58, i7 59, void %.case.59, i7 60, void %.case.60, i7 61, void %.case.61, i7 62, void %.case.62, i7 63, void %.case.63, i7 64, void %.case.64, i7 65, void %.case.65, i7 66, void %.case.66, i7 67, void %.case.67, i7 68, void %.case.68, i7 69, void %.case.69, i7 70, void %.case.70, i7 71, void %.case.71, i7 72, void %.case.72, i7 73, void %.case.73, i7 74, void %.case.74, i7 75, void %.case.75, i7 76, void %.case.76, i7 77, void %.case.77, i7 78, void %.case.78, i7 79, void %.case.79, i7 80, void %.case.80, i7 81, void %.case.81, i7 82, void %.case.82, i7 83, void %.case.83"   --->   Operation 108 'switch' 'switch_ln0' <Predicate = (!exitcond1407)> <Delay = 0.75>
ST_2 : Operation 109 [1/1] (0.67ns)   --->   "%store_ln0 = store i8 0, i7 %output_83_addr"   --->   Operation 109 'store' 'store_ln0' <Predicate = (!exitcond1407 & empty_17 == 83)> <Delay = 0.67> <CoreInst = "RAM">   --->   Core 83 'RAM' <Latency = 1> <II = 1> <Delay = 0.67> <Storage> <Opcode : 'load' 'store'> <Ports = 2> <Width = 8> <Depth = 85> <RAM>
ST_2 : Operation 110 [1/1] (0.00ns)   --->   "%br_ln0 = br void %.exit"   --->   Operation 110 'br' 'br_ln0' <Predicate = (!exitcond1407 & empty_17 == 83)> <Delay = 0.00>
ST_2 : Operation 111 [1/1] (0.67ns)   --->   "%store_ln0 = store i8 0, i7 %output_82_addr"   --->   Operation 111 'store' 'store_ln0' <Predicate = (!exitcond1407 & empty_17 == 82)> <Delay = 0.67> <CoreInst = "RAM">   --->   Core 83 'RAM' <Latency = 1> <II = 1> <Delay = 0.67> <Storage> <Opcode : 'load' 'store'> <Ports = 2> <Width = 8> <Depth = 85> <RAM>
ST_2 : Operation 112 [1/1] (0.00ns)   --->   "%br_ln0 = br void %.exit"   --->   Operation 112 'br' 'br_ln0' <Predicate = (!exitcond1407 & empty_17 == 82)> <Delay = 0.00>
ST_2 : Operation 113 [1/1] (0.67ns)   --->   "%store_ln0 = store i8 0, i7 %output_81_addr"   --->   Operation 113 'store' 'store_ln0' <Predicate = (!exitcond1407 & empty_17 == 81)> <Delay = 0.67> <CoreInst = "RAM">   --->   Core 83 'RAM' <Latency = 1> <II = 1> <Delay = 0.67> <Storage> <Opcode : 'load' 'store'> <Ports = 2> <Width = 8> <Depth = 85> <RAM>
ST_2 : Operation 114 [1/1] (0.00ns)   --->   "%br_ln0 = br void %.exit"   --->   Operation 114 'br' 'br_ln0' <Predicate = (!exitcond1407 & empty_17 == 81)> <Delay = 0.00>
ST_2 : Operation 115 [1/1] (0.67ns)   --->   "%store_ln0 = store i8 0, i7 %output_80_addr"   --->   Operation 115 'store' 'store_ln0' <Predicate = (!exitcond1407 & empty_17 == 80)> <Delay = 0.67> <CoreInst = "RAM">   --->   Core 83 'RAM' <Latency = 1> <II = 1> <Delay = 0.67> <Storage> <Opcode : 'load' 'store'> <Ports = 2> <Width = 8> <Depth = 85> <RAM>
ST_2 : Operation 116 [1/1] (0.00ns)   --->   "%br_ln0 = br void %.exit"   --->   Operation 116 'br' 'br_ln0' <Predicate = (!exitcond1407 & empty_17 == 80)> <Delay = 0.00>
ST_2 : Operation 117 [1/1] (0.67ns)   --->   "%store_ln0 = store i8 0, i7 %output_79_addr"   --->   Operation 117 'store' 'store_ln0' <Predicate = (!exitcond1407 & empty_17 == 79)> <Delay = 0.67> <CoreInst = "RAM">   --->   Core 83 'RAM' <Latency = 1> <II = 1> <Delay = 0.67> <Storage> <Opcode : 'load' 'store'> <Ports = 2> <Width = 8> <Depth = 85> <RAM>
ST_2 : Operation 118 [1/1] (0.00ns)   --->   "%br_ln0 = br void %.exit"   --->   Operation 118 'br' 'br_ln0' <Predicate = (!exitcond1407 & empty_17 == 79)> <Delay = 0.00>
ST_2 : Operation 119 [1/1] (0.67ns)   --->   "%store_ln0 = store i8 0, i7 %output_78_addr"   --->   Operation 119 'store' 'store_ln0' <Predicate = (!exitcond1407 & empty_17 == 78)> <Delay = 0.67> <CoreInst = "RAM">   --->   Core 83 'RAM' <Latency = 1> <II = 1> <Delay = 0.67> <Storage> <Opcode : 'load' 'store'> <Ports = 2> <Width = 8> <Depth = 85> <RAM>
ST_2 : Operation 120 [1/1] (0.00ns)   --->   "%br_ln0 = br void %.exit"   --->   Operation 120 'br' 'br_ln0' <Predicate = (!exitcond1407 & empty_17 == 78)> <Delay = 0.00>
ST_2 : Operation 121 [1/1] (0.67ns)   --->   "%store_ln0 = store i8 0, i7 %output_77_addr"   --->   Operation 121 'store' 'store_ln0' <Predicate = (!exitcond1407 & empty_17 == 77)> <Delay = 0.67> <CoreInst = "RAM">   --->   Core 83 'RAM' <Latency = 1> <II = 1> <Delay = 0.67> <Storage> <Opcode : 'load' 'store'> <Ports = 2> <Width = 8> <Depth = 85> <RAM>
ST_2 : Operation 122 [1/1] (0.00ns)   --->   "%br_ln0 = br void %.exit"   --->   Operation 122 'br' 'br_ln0' <Predicate = (!exitcond1407 & empty_17 == 77)> <Delay = 0.00>
ST_2 : Operation 123 [1/1] (0.67ns)   --->   "%store_ln0 = store i8 0, i7 %output_76_addr"   --->   Operation 123 'store' 'store_ln0' <Predicate = (!exitcond1407 & empty_17 == 76)> <Delay = 0.67> <CoreInst = "RAM">   --->   Core 83 'RAM' <Latency = 1> <II = 1> <Delay = 0.67> <Storage> <Opcode : 'load' 'store'> <Ports = 2> <Width = 8> <Depth = 85> <RAM>
ST_2 : Operation 124 [1/1] (0.00ns)   --->   "%br_ln0 = br void %.exit"   --->   Operation 124 'br' 'br_ln0' <Predicate = (!exitcond1407 & empty_17 == 76)> <Delay = 0.00>
ST_2 : Operation 125 [1/1] (0.67ns)   --->   "%store_ln0 = store i8 0, i7 %output_75_addr"   --->   Operation 125 'store' 'store_ln0' <Predicate = (!exitcond1407 & empty_17 == 75)> <Delay = 0.67> <CoreInst = "RAM">   --->   Core 83 'RAM' <Latency = 1> <II = 1> <Delay = 0.67> <Storage> <Opcode : 'load' 'store'> <Ports = 2> <Width = 8> <Depth = 85> <RAM>
ST_2 : Operation 126 [1/1] (0.00ns)   --->   "%br_ln0 = br void %.exit"   --->   Operation 126 'br' 'br_ln0' <Predicate = (!exitcond1407 & empty_17 == 75)> <Delay = 0.00>
ST_2 : Operation 127 [1/1] (0.67ns)   --->   "%store_ln0 = store i8 0, i7 %output_74_addr"   --->   Operation 127 'store' 'store_ln0' <Predicate = (!exitcond1407 & empty_17 == 74)> <Delay = 0.67> <CoreInst = "RAM">   --->   Core 83 'RAM' <Latency = 1> <II = 1> <Delay = 0.67> <Storage> <Opcode : 'load' 'store'> <Ports = 2> <Width = 8> <Depth = 85> <RAM>
ST_2 : Operation 128 [1/1] (0.00ns)   --->   "%br_ln0 = br void %.exit"   --->   Operation 128 'br' 'br_ln0' <Predicate = (!exitcond1407 & empty_17 == 74)> <Delay = 0.00>
ST_2 : Operation 129 [1/1] (0.67ns)   --->   "%store_ln0 = store i8 0, i7 %output_73_addr"   --->   Operation 129 'store' 'store_ln0' <Predicate = (!exitcond1407 & empty_17 == 73)> <Delay = 0.67> <CoreInst = "RAM">   --->   Core 83 'RAM' <Latency = 1> <II = 1> <Delay = 0.67> <Storage> <Opcode : 'load' 'store'> <Ports = 2> <Width = 8> <Depth = 85> <RAM>
ST_2 : Operation 130 [1/1] (0.00ns)   --->   "%br_ln0 = br void %.exit"   --->   Operation 130 'br' 'br_ln0' <Predicate = (!exitcond1407 & empty_17 == 73)> <Delay = 0.00>
ST_2 : Operation 131 [1/1] (0.67ns)   --->   "%store_ln0 = store i8 0, i7 %output_72_addr"   --->   Operation 131 'store' 'store_ln0' <Predicate = (!exitcond1407 & empty_17 == 72)> <Delay = 0.67> <CoreInst = "RAM">   --->   Core 83 'RAM' <Latency = 1> <II = 1> <Delay = 0.67> <Storage> <Opcode : 'load' 'store'> <Ports = 2> <Width = 8> <Depth = 85> <RAM>
ST_2 : Operation 132 [1/1] (0.00ns)   --->   "%br_ln0 = br void %.exit"   --->   Operation 132 'br' 'br_ln0' <Predicate = (!exitcond1407 & empty_17 == 72)> <Delay = 0.00>
ST_2 : Operation 133 [1/1] (0.67ns)   --->   "%store_ln0 = store i8 0, i7 %output_71_addr"   --->   Operation 133 'store' 'store_ln0' <Predicate = (!exitcond1407 & empty_17 == 71)> <Delay = 0.67> <CoreInst = "RAM">   --->   Core 83 'RAM' <Latency = 1> <II = 1> <Delay = 0.67> <Storage> <Opcode : 'load' 'store'> <Ports = 2> <Width = 8> <Depth = 85> <RAM>
ST_2 : Operation 134 [1/1] (0.00ns)   --->   "%br_ln0 = br void %.exit"   --->   Operation 134 'br' 'br_ln0' <Predicate = (!exitcond1407 & empty_17 == 71)> <Delay = 0.00>
ST_2 : Operation 135 [1/1] (0.67ns)   --->   "%store_ln0 = store i8 0, i7 %output_70_addr"   --->   Operation 135 'store' 'store_ln0' <Predicate = (!exitcond1407 & empty_17 == 70)> <Delay = 0.67> <CoreInst = "RAM">   --->   Core 83 'RAM' <Latency = 1> <II = 1> <Delay = 0.67> <Storage> <Opcode : 'load' 'store'> <Ports = 2> <Width = 8> <Depth = 85> <RAM>
ST_2 : Operation 136 [1/1] (0.00ns)   --->   "%br_ln0 = br void %.exit"   --->   Operation 136 'br' 'br_ln0' <Predicate = (!exitcond1407 & empty_17 == 70)> <Delay = 0.00>
ST_2 : Operation 137 [1/1] (0.67ns)   --->   "%store_ln0 = store i8 0, i7 %output_69_addr"   --->   Operation 137 'store' 'store_ln0' <Predicate = (!exitcond1407 & empty_17 == 69)> <Delay = 0.67> <CoreInst = "RAM">   --->   Core 83 'RAM' <Latency = 1> <II = 1> <Delay = 0.67> <Storage> <Opcode : 'load' 'store'> <Ports = 2> <Width = 8> <Depth = 85> <RAM>
ST_2 : Operation 138 [1/1] (0.00ns)   --->   "%br_ln0 = br void %.exit"   --->   Operation 138 'br' 'br_ln0' <Predicate = (!exitcond1407 & empty_17 == 69)> <Delay = 0.00>
ST_2 : Operation 139 [1/1] (0.67ns)   --->   "%store_ln0 = store i8 0, i7 %output_68_addr"   --->   Operation 139 'store' 'store_ln0' <Predicate = (!exitcond1407 & empty_17 == 68)> <Delay = 0.67> <CoreInst = "RAM">   --->   Core 83 'RAM' <Latency = 1> <II = 1> <Delay = 0.67> <Storage> <Opcode : 'load' 'store'> <Ports = 2> <Width = 8> <Depth = 85> <RAM>
ST_2 : Operation 140 [1/1] (0.00ns)   --->   "%br_ln0 = br void %.exit"   --->   Operation 140 'br' 'br_ln0' <Predicate = (!exitcond1407 & empty_17 == 68)> <Delay = 0.00>
ST_2 : Operation 141 [1/1] (0.67ns)   --->   "%store_ln0 = store i8 0, i7 %output_67_addr"   --->   Operation 141 'store' 'store_ln0' <Predicate = (!exitcond1407 & empty_17 == 67)> <Delay = 0.67> <CoreInst = "RAM">   --->   Core 83 'RAM' <Latency = 1> <II = 1> <Delay = 0.67> <Storage> <Opcode : 'load' 'store'> <Ports = 2> <Width = 8> <Depth = 85> <RAM>
ST_2 : Operation 142 [1/1] (0.00ns)   --->   "%br_ln0 = br void %.exit"   --->   Operation 142 'br' 'br_ln0' <Predicate = (!exitcond1407 & empty_17 == 67)> <Delay = 0.00>
ST_2 : Operation 143 [1/1] (0.67ns)   --->   "%store_ln0 = store i8 0, i7 %output_66_addr"   --->   Operation 143 'store' 'store_ln0' <Predicate = (!exitcond1407 & empty_17 == 66)> <Delay = 0.67> <CoreInst = "RAM">   --->   Core 83 'RAM' <Latency = 1> <II = 1> <Delay = 0.67> <Storage> <Opcode : 'load' 'store'> <Ports = 2> <Width = 8> <Depth = 85> <RAM>
ST_2 : Operation 144 [1/1] (0.00ns)   --->   "%br_ln0 = br void %.exit"   --->   Operation 144 'br' 'br_ln0' <Predicate = (!exitcond1407 & empty_17 == 66)> <Delay = 0.00>
ST_2 : Operation 145 [1/1] (0.67ns)   --->   "%store_ln0 = store i8 0, i7 %output_65_addr"   --->   Operation 145 'store' 'store_ln0' <Predicate = (!exitcond1407 & empty_17 == 65)> <Delay = 0.67> <CoreInst = "RAM">   --->   Core 83 'RAM' <Latency = 1> <II = 1> <Delay = 0.67> <Storage> <Opcode : 'load' 'store'> <Ports = 2> <Width = 8> <Depth = 85> <RAM>
ST_2 : Operation 146 [1/1] (0.00ns)   --->   "%br_ln0 = br void %.exit"   --->   Operation 146 'br' 'br_ln0' <Predicate = (!exitcond1407 & empty_17 == 65)> <Delay = 0.00>
ST_2 : Operation 147 [1/1] (0.67ns)   --->   "%store_ln0 = store i8 0, i7 %output_64_addr"   --->   Operation 147 'store' 'store_ln0' <Predicate = (!exitcond1407 & empty_17 == 64)> <Delay = 0.67> <CoreInst = "RAM">   --->   Core 83 'RAM' <Latency = 1> <II = 1> <Delay = 0.67> <Storage> <Opcode : 'load' 'store'> <Ports = 2> <Width = 8> <Depth = 85> <RAM>
ST_2 : Operation 148 [1/1] (0.00ns)   --->   "%br_ln0 = br void %.exit"   --->   Operation 148 'br' 'br_ln0' <Predicate = (!exitcond1407 & empty_17 == 64)> <Delay = 0.00>
ST_2 : Operation 149 [1/1] (0.67ns)   --->   "%store_ln0 = store i8 0, i7 %output_63_addr"   --->   Operation 149 'store' 'store_ln0' <Predicate = (!exitcond1407 & empty_17 == 63)> <Delay = 0.67> <CoreInst = "RAM">   --->   Core 83 'RAM' <Latency = 1> <II = 1> <Delay = 0.67> <Storage> <Opcode : 'load' 'store'> <Ports = 2> <Width = 8> <Depth = 85> <RAM>
ST_2 : Operation 150 [1/1] (0.00ns)   --->   "%br_ln0 = br void %.exit"   --->   Operation 150 'br' 'br_ln0' <Predicate = (!exitcond1407 & empty_17 == 63)> <Delay = 0.00>
ST_2 : Operation 151 [1/1] (0.67ns)   --->   "%store_ln0 = store i8 0, i7 %output_62_addr"   --->   Operation 151 'store' 'store_ln0' <Predicate = (!exitcond1407 & empty_17 == 62)> <Delay = 0.67> <CoreInst = "RAM">   --->   Core 83 'RAM' <Latency = 1> <II = 1> <Delay = 0.67> <Storage> <Opcode : 'load' 'store'> <Ports = 2> <Width = 8> <Depth = 85> <RAM>
ST_2 : Operation 152 [1/1] (0.00ns)   --->   "%br_ln0 = br void %.exit"   --->   Operation 152 'br' 'br_ln0' <Predicate = (!exitcond1407 & empty_17 == 62)> <Delay = 0.00>
ST_2 : Operation 153 [1/1] (0.67ns)   --->   "%store_ln0 = store i8 0, i7 %output_61_addr"   --->   Operation 153 'store' 'store_ln0' <Predicate = (!exitcond1407 & empty_17 == 61)> <Delay = 0.67> <CoreInst = "RAM">   --->   Core 83 'RAM' <Latency = 1> <II = 1> <Delay = 0.67> <Storage> <Opcode : 'load' 'store'> <Ports = 2> <Width = 8> <Depth = 85> <RAM>
ST_2 : Operation 154 [1/1] (0.00ns)   --->   "%br_ln0 = br void %.exit"   --->   Operation 154 'br' 'br_ln0' <Predicate = (!exitcond1407 & empty_17 == 61)> <Delay = 0.00>
ST_2 : Operation 155 [1/1] (0.67ns)   --->   "%store_ln0 = store i8 0, i7 %output_60_addr"   --->   Operation 155 'store' 'store_ln0' <Predicate = (!exitcond1407 & empty_17 == 60)> <Delay = 0.67> <CoreInst = "RAM">   --->   Core 83 'RAM' <Latency = 1> <II = 1> <Delay = 0.67> <Storage> <Opcode : 'load' 'store'> <Ports = 2> <Width = 8> <Depth = 85> <RAM>
ST_2 : Operation 156 [1/1] (0.00ns)   --->   "%br_ln0 = br void %.exit"   --->   Operation 156 'br' 'br_ln0' <Predicate = (!exitcond1407 & empty_17 == 60)> <Delay = 0.00>
ST_2 : Operation 157 [1/1] (0.67ns)   --->   "%store_ln0 = store i8 0, i7 %output_59_addr"   --->   Operation 157 'store' 'store_ln0' <Predicate = (!exitcond1407 & empty_17 == 59)> <Delay = 0.67> <CoreInst = "RAM">   --->   Core 83 'RAM' <Latency = 1> <II = 1> <Delay = 0.67> <Storage> <Opcode : 'load' 'store'> <Ports = 2> <Width = 8> <Depth = 85> <RAM>
ST_2 : Operation 158 [1/1] (0.00ns)   --->   "%br_ln0 = br void %.exit"   --->   Operation 158 'br' 'br_ln0' <Predicate = (!exitcond1407 & empty_17 == 59)> <Delay = 0.00>
ST_2 : Operation 159 [1/1] (0.67ns)   --->   "%store_ln0 = store i8 0, i7 %output_58_addr"   --->   Operation 159 'store' 'store_ln0' <Predicate = (!exitcond1407 & empty_17 == 58)> <Delay = 0.67> <CoreInst = "RAM">   --->   Core 83 'RAM' <Latency = 1> <II = 1> <Delay = 0.67> <Storage> <Opcode : 'load' 'store'> <Ports = 2> <Width = 8> <Depth = 85> <RAM>
ST_2 : Operation 160 [1/1] (0.00ns)   --->   "%br_ln0 = br void %.exit"   --->   Operation 160 'br' 'br_ln0' <Predicate = (!exitcond1407 & empty_17 == 58)> <Delay = 0.00>
ST_2 : Operation 161 [1/1] (0.67ns)   --->   "%store_ln0 = store i8 0, i7 %output_57_addr"   --->   Operation 161 'store' 'store_ln0' <Predicate = (!exitcond1407 & empty_17 == 57)> <Delay = 0.67> <CoreInst = "RAM">   --->   Core 83 'RAM' <Latency = 1> <II = 1> <Delay = 0.67> <Storage> <Opcode : 'load' 'store'> <Ports = 2> <Width = 8> <Depth = 85> <RAM>
ST_2 : Operation 162 [1/1] (0.00ns)   --->   "%br_ln0 = br void %.exit"   --->   Operation 162 'br' 'br_ln0' <Predicate = (!exitcond1407 & empty_17 == 57)> <Delay = 0.00>
ST_2 : Operation 163 [1/1] (0.67ns)   --->   "%store_ln0 = store i8 0, i7 %output_56_addr"   --->   Operation 163 'store' 'store_ln0' <Predicate = (!exitcond1407 & empty_17 == 56)> <Delay = 0.67> <CoreInst = "RAM">   --->   Core 83 'RAM' <Latency = 1> <II = 1> <Delay = 0.67> <Storage> <Opcode : 'load' 'store'> <Ports = 2> <Width = 8> <Depth = 85> <RAM>
ST_2 : Operation 164 [1/1] (0.00ns)   --->   "%br_ln0 = br void %.exit"   --->   Operation 164 'br' 'br_ln0' <Predicate = (!exitcond1407 & empty_17 == 56)> <Delay = 0.00>
ST_2 : Operation 165 [1/1] (0.67ns)   --->   "%store_ln0 = store i8 0, i7 %output_55_addr"   --->   Operation 165 'store' 'store_ln0' <Predicate = (!exitcond1407 & empty_17 == 55)> <Delay = 0.67> <CoreInst = "RAM">   --->   Core 83 'RAM' <Latency = 1> <II = 1> <Delay = 0.67> <Storage> <Opcode : 'load' 'store'> <Ports = 2> <Width = 8> <Depth = 85> <RAM>
ST_2 : Operation 166 [1/1] (0.00ns)   --->   "%br_ln0 = br void %.exit"   --->   Operation 166 'br' 'br_ln0' <Predicate = (!exitcond1407 & empty_17 == 55)> <Delay = 0.00>
ST_2 : Operation 167 [1/1] (0.67ns)   --->   "%store_ln0 = store i8 0, i7 %output_54_addr"   --->   Operation 167 'store' 'store_ln0' <Predicate = (!exitcond1407 & empty_17 == 54)> <Delay = 0.67> <CoreInst = "RAM">   --->   Core 83 'RAM' <Latency = 1> <II = 1> <Delay = 0.67> <Storage> <Opcode : 'load' 'store'> <Ports = 2> <Width = 8> <Depth = 85> <RAM>
ST_2 : Operation 168 [1/1] (0.00ns)   --->   "%br_ln0 = br void %.exit"   --->   Operation 168 'br' 'br_ln0' <Predicate = (!exitcond1407 & empty_17 == 54)> <Delay = 0.00>
ST_2 : Operation 169 [1/1] (0.67ns)   --->   "%store_ln0 = store i8 0, i7 %output_53_addr"   --->   Operation 169 'store' 'store_ln0' <Predicate = (!exitcond1407 & empty_17 == 53)> <Delay = 0.67> <CoreInst = "RAM">   --->   Core 83 'RAM' <Latency = 1> <II = 1> <Delay = 0.67> <Storage> <Opcode : 'load' 'store'> <Ports = 2> <Width = 8> <Depth = 85> <RAM>
ST_2 : Operation 170 [1/1] (0.00ns)   --->   "%br_ln0 = br void %.exit"   --->   Operation 170 'br' 'br_ln0' <Predicate = (!exitcond1407 & empty_17 == 53)> <Delay = 0.00>
ST_2 : Operation 171 [1/1] (0.67ns)   --->   "%store_ln0 = store i8 0, i7 %output_52_addr"   --->   Operation 171 'store' 'store_ln0' <Predicate = (!exitcond1407 & empty_17 == 52)> <Delay = 0.67> <CoreInst = "RAM">   --->   Core 83 'RAM' <Latency = 1> <II = 1> <Delay = 0.67> <Storage> <Opcode : 'load' 'store'> <Ports = 2> <Width = 8> <Depth = 85> <RAM>
ST_2 : Operation 172 [1/1] (0.00ns)   --->   "%br_ln0 = br void %.exit"   --->   Operation 172 'br' 'br_ln0' <Predicate = (!exitcond1407 & empty_17 == 52)> <Delay = 0.00>
ST_2 : Operation 173 [1/1] (0.67ns)   --->   "%store_ln0 = store i8 0, i7 %output_51_addr"   --->   Operation 173 'store' 'store_ln0' <Predicate = (!exitcond1407 & empty_17 == 51)> <Delay = 0.67> <CoreInst = "RAM">   --->   Core 83 'RAM' <Latency = 1> <II = 1> <Delay = 0.67> <Storage> <Opcode : 'load' 'store'> <Ports = 2> <Width = 8> <Depth = 85> <RAM>
ST_2 : Operation 174 [1/1] (0.00ns)   --->   "%br_ln0 = br void %.exit"   --->   Operation 174 'br' 'br_ln0' <Predicate = (!exitcond1407 & empty_17 == 51)> <Delay = 0.00>
ST_2 : Operation 175 [1/1] (0.67ns)   --->   "%store_ln0 = store i8 0, i7 %output_50_addr"   --->   Operation 175 'store' 'store_ln0' <Predicate = (!exitcond1407 & empty_17 == 50)> <Delay = 0.67> <CoreInst = "RAM">   --->   Core 83 'RAM' <Latency = 1> <II = 1> <Delay = 0.67> <Storage> <Opcode : 'load' 'store'> <Ports = 2> <Width = 8> <Depth = 85> <RAM>
ST_2 : Operation 176 [1/1] (0.00ns)   --->   "%br_ln0 = br void %.exit"   --->   Operation 176 'br' 'br_ln0' <Predicate = (!exitcond1407 & empty_17 == 50)> <Delay = 0.00>
ST_2 : Operation 177 [1/1] (0.67ns)   --->   "%store_ln0 = store i8 0, i7 %output_49_addr"   --->   Operation 177 'store' 'store_ln0' <Predicate = (!exitcond1407 & empty_17 == 49)> <Delay = 0.67> <CoreInst = "RAM">   --->   Core 83 'RAM' <Latency = 1> <II = 1> <Delay = 0.67> <Storage> <Opcode : 'load' 'store'> <Ports = 2> <Width = 8> <Depth = 85> <RAM>
ST_2 : Operation 178 [1/1] (0.00ns)   --->   "%br_ln0 = br void %.exit"   --->   Operation 178 'br' 'br_ln0' <Predicate = (!exitcond1407 & empty_17 == 49)> <Delay = 0.00>
ST_2 : Operation 179 [1/1] (0.67ns)   --->   "%store_ln0 = store i8 0, i7 %output_48_addr"   --->   Operation 179 'store' 'store_ln0' <Predicate = (!exitcond1407 & empty_17 == 48)> <Delay = 0.67> <CoreInst = "RAM">   --->   Core 83 'RAM' <Latency = 1> <II = 1> <Delay = 0.67> <Storage> <Opcode : 'load' 'store'> <Ports = 2> <Width = 8> <Depth = 85> <RAM>
ST_2 : Operation 180 [1/1] (0.00ns)   --->   "%br_ln0 = br void %.exit"   --->   Operation 180 'br' 'br_ln0' <Predicate = (!exitcond1407 & empty_17 == 48)> <Delay = 0.00>
ST_2 : Operation 181 [1/1] (0.67ns)   --->   "%store_ln0 = store i8 0, i7 %output_47_addr"   --->   Operation 181 'store' 'store_ln0' <Predicate = (!exitcond1407 & empty_17 == 47)> <Delay = 0.67> <CoreInst = "RAM">   --->   Core 83 'RAM' <Latency = 1> <II = 1> <Delay = 0.67> <Storage> <Opcode : 'load' 'store'> <Ports = 2> <Width = 8> <Depth = 85> <RAM>
ST_2 : Operation 182 [1/1] (0.00ns)   --->   "%br_ln0 = br void %.exit"   --->   Operation 182 'br' 'br_ln0' <Predicate = (!exitcond1407 & empty_17 == 47)> <Delay = 0.00>
ST_2 : Operation 183 [1/1] (0.67ns)   --->   "%store_ln0 = store i8 0, i7 %output_46_addr"   --->   Operation 183 'store' 'store_ln0' <Predicate = (!exitcond1407 & empty_17 == 46)> <Delay = 0.67> <CoreInst = "RAM">   --->   Core 83 'RAM' <Latency = 1> <II = 1> <Delay = 0.67> <Storage> <Opcode : 'load' 'store'> <Ports = 2> <Width = 8> <Depth = 85> <RAM>
ST_2 : Operation 184 [1/1] (0.00ns)   --->   "%br_ln0 = br void %.exit"   --->   Operation 184 'br' 'br_ln0' <Predicate = (!exitcond1407 & empty_17 == 46)> <Delay = 0.00>
ST_2 : Operation 185 [1/1] (0.67ns)   --->   "%store_ln0 = store i8 0, i7 %output_45_addr"   --->   Operation 185 'store' 'store_ln0' <Predicate = (!exitcond1407 & empty_17 == 45)> <Delay = 0.67> <CoreInst = "RAM">   --->   Core 83 'RAM' <Latency = 1> <II = 1> <Delay = 0.67> <Storage> <Opcode : 'load' 'store'> <Ports = 2> <Width = 8> <Depth = 85> <RAM>
ST_2 : Operation 186 [1/1] (0.00ns)   --->   "%br_ln0 = br void %.exit"   --->   Operation 186 'br' 'br_ln0' <Predicate = (!exitcond1407 & empty_17 == 45)> <Delay = 0.00>
ST_2 : Operation 187 [1/1] (0.67ns)   --->   "%store_ln0 = store i8 0, i7 %output_44_addr"   --->   Operation 187 'store' 'store_ln0' <Predicate = (!exitcond1407 & empty_17 == 44)> <Delay = 0.67> <CoreInst = "RAM">   --->   Core 83 'RAM' <Latency = 1> <II = 1> <Delay = 0.67> <Storage> <Opcode : 'load' 'store'> <Ports = 2> <Width = 8> <Depth = 85> <RAM>
ST_2 : Operation 188 [1/1] (0.00ns)   --->   "%br_ln0 = br void %.exit"   --->   Operation 188 'br' 'br_ln0' <Predicate = (!exitcond1407 & empty_17 == 44)> <Delay = 0.00>
ST_2 : Operation 189 [1/1] (0.67ns)   --->   "%store_ln0 = store i8 0, i7 %output_43_addr"   --->   Operation 189 'store' 'store_ln0' <Predicate = (!exitcond1407 & empty_17 == 43)> <Delay = 0.67> <CoreInst = "RAM">   --->   Core 83 'RAM' <Latency = 1> <II = 1> <Delay = 0.67> <Storage> <Opcode : 'load' 'store'> <Ports = 2> <Width = 8> <Depth = 85> <RAM>
ST_2 : Operation 190 [1/1] (0.00ns)   --->   "%br_ln0 = br void %.exit"   --->   Operation 190 'br' 'br_ln0' <Predicate = (!exitcond1407 & empty_17 == 43)> <Delay = 0.00>
ST_2 : Operation 191 [1/1] (0.67ns)   --->   "%store_ln0 = store i8 0, i7 %output_42_addr"   --->   Operation 191 'store' 'store_ln0' <Predicate = (!exitcond1407 & empty_17 == 42)> <Delay = 0.67> <CoreInst = "RAM">   --->   Core 83 'RAM' <Latency = 1> <II = 1> <Delay = 0.67> <Storage> <Opcode : 'load' 'store'> <Ports = 2> <Width = 8> <Depth = 85> <RAM>
ST_2 : Operation 192 [1/1] (0.00ns)   --->   "%br_ln0 = br void %.exit"   --->   Operation 192 'br' 'br_ln0' <Predicate = (!exitcond1407 & empty_17 == 42)> <Delay = 0.00>
ST_2 : Operation 193 [1/1] (0.67ns)   --->   "%store_ln0 = store i8 0, i7 %output_41_addr"   --->   Operation 193 'store' 'store_ln0' <Predicate = (!exitcond1407 & empty_17 == 41)> <Delay = 0.67> <CoreInst = "RAM">   --->   Core 83 'RAM' <Latency = 1> <II = 1> <Delay = 0.67> <Storage> <Opcode : 'load' 'store'> <Ports = 2> <Width = 8> <Depth = 85> <RAM>
ST_2 : Operation 194 [1/1] (0.00ns)   --->   "%br_ln0 = br void %.exit"   --->   Operation 194 'br' 'br_ln0' <Predicate = (!exitcond1407 & empty_17 == 41)> <Delay = 0.00>
ST_2 : Operation 195 [1/1] (0.67ns)   --->   "%store_ln0 = store i8 0, i7 %output_40_addr"   --->   Operation 195 'store' 'store_ln0' <Predicate = (!exitcond1407 & empty_17 == 40)> <Delay = 0.67> <CoreInst = "RAM">   --->   Core 83 'RAM' <Latency = 1> <II = 1> <Delay = 0.67> <Storage> <Opcode : 'load' 'store'> <Ports = 2> <Width = 8> <Depth = 85> <RAM>
ST_2 : Operation 196 [1/1] (0.00ns)   --->   "%br_ln0 = br void %.exit"   --->   Operation 196 'br' 'br_ln0' <Predicate = (!exitcond1407 & empty_17 == 40)> <Delay = 0.00>
ST_2 : Operation 197 [1/1] (0.67ns)   --->   "%store_ln0 = store i8 0, i7 %output_39_addr"   --->   Operation 197 'store' 'store_ln0' <Predicate = (!exitcond1407 & empty_17 == 39)> <Delay = 0.67> <CoreInst = "RAM">   --->   Core 83 'RAM' <Latency = 1> <II = 1> <Delay = 0.67> <Storage> <Opcode : 'load' 'store'> <Ports = 2> <Width = 8> <Depth = 85> <RAM>
ST_2 : Operation 198 [1/1] (0.00ns)   --->   "%br_ln0 = br void %.exit"   --->   Operation 198 'br' 'br_ln0' <Predicate = (!exitcond1407 & empty_17 == 39)> <Delay = 0.00>
ST_2 : Operation 199 [1/1] (0.67ns)   --->   "%store_ln0 = store i8 0, i7 %output_38_addr"   --->   Operation 199 'store' 'store_ln0' <Predicate = (!exitcond1407 & empty_17 == 38)> <Delay = 0.67> <CoreInst = "RAM">   --->   Core 83 'RAM' <Latency = 1> <II = 1> <Delay = 0.67> <Storage> <Opcode : 'load' 'store'> <Ports = 2> <Width = 8> <Depth = 85> <RAM>
ST_2 : Operation 200 [1/1] (0.00ns)   --->   "%br_ln0 = br void %.exit"   --->   Operation 200 'br' 'br_ln0' <Predicate = (!exitcond1407 & empty_17 == 38)> <Delay = 0.00>
ST_2 : Operation 201 [1/1] (0.67ns)   --->   "%store_ln0 = store i8 0, i7 %output_37_addr"   --->   Operation 201 'store' 'store_ln0' <Predicate = (!exitcond1407 & empty_17 == 37)> <Delay = 0.67> <CoreInst = "RAM">   --->   Core 83 'RAM' <Latency = 1> <II = 1> <Delay = 0.67> <Storage> <Opcode : 'load' 'store'> <Ports = 2> <Width = 8> <Depth = 85> <RAM>
ST_2 : Operation 202 [1/1] (0.00ns)   --->   "%br_ln0 = br void %.exit"   --->   Operation 202 'br' 'br_ln0' <Predicate = (!exitcond1407 & empty_17 == 37)> <Delay = 0.00>
ST_2 : Operation 203 [1/1] (0.67ns)   --->   "%store_ln0 = store i8 0, i7 %output_36_addr"   --->   Operation 203 'store' 'store_ln0' <Predicate = (!exitcond1407 & empty_17 == 36)> <Delay = 0.67> <CoreInst = "RAM">   --->   Core 83 'RAM' <Latency = 1> <II = 1> <Delay = 0.67> <Storage> <Opcode : 'load' 'store'> <Ports = 2> <Width = 8> <Depth = 85> <RAM>
ST_2 : Operation 204 [1/1] (0.00ns)   --->   "%br_ln0 = br void %.exit"   --->   Operation 204 'br' 'br_ln0' <Predicate = (!exitcond1407 & empty_17 == 36)> <Delay = 0.00>
ST_2 : Operation 205 [1/1] (0.67ns)   --->   "%store_ln0 = store i8 0, i7 %output_35_addr"   --->   Operation 205 'store' 'store_ln0' <Predicate = (!exitcond1407 & empty_17 == 35)> <Delay = 0.67> <CoreInst = "RAM">   --->   Core 83 'RAM' <Latency = 1> <II = 1> <Delay = 0.67> <Storage> <Opcode : 'load' 'store'> <Ports = 2> <Width = 8> <Depth = 85> <RAM>
ST_2 : Operation 206 [1/1] (0.00ns)   --->   "%br_ln0 = br void %.exit"   --->   Operation 206 'br' 'br_ln0' <Predicate = (!exitcond1407 & empty_17 == 35)> <Delay = 0.00>
ST_2 : Operation 207 [1/1] (0.67ns)   --->   "%store_ln0 = store i8 0, i7 %output_34_addr"   --->   Operation 207 'store' 'store_ln0' <Predicate = (!exitcond1407 & empty_17 == 34)> <Delay = 0.67> <CoreInst = "RAM">   --->   Core 83 'RAM' <Latency = 1> <II = 1> <Delay = 0.67> <Storage> <Opcode : 'load' 'store'> <Ports = 2> <Width = 8> <Depth = 85> <RAM>
ST_2 : Operation 208 [1/1] (0.00ns)   --->   "%br_ln0 = br void %.exit"   --->   Operation 208 'br' 'br_ln0' <Predicate = (!exitcond1407 & empty_17 == 34)> <Delay = 0.00>
ST_2 : Operation 209 [1/1] (0.67ns)   --->   "%store_ln0 = store i8 0, i7 %output_33_addr"   --->   Operation 209 'store' 'store_ln0' <Predicate = (!exitcond1407 & empty_17 == 33)> <Delay = 0.67> <CoreInst = "RAM">   --->   Core 83 'RAM' <Latency = 1> <II = 1> <Delay = 0.67> <Storage> <Opcode : 'load' 'store'> <Ports = 2> <Width = 8> <Depth = 85> <RAM>
ST_2 : Operation 210 [1/1] (0.00ns)   --->   "%br_ln0 = br void %.exit"   --->   Operation 210 'br' 'br_ln0' <Predicate = (!exitcond1407 & empty_17 == 33)> <Delay = 0.00>
ST_2 : Operation 211 [1/1] (0.67ns)   --->   "%store_ln0 = store i8 0, i7 %output_32_addr"   --->   Operation 211 'store' 'store_ln0' <Predicate = (!exitcond1407 & empty_17 == 32)> <Delay = 0.67> <CoreInst = "RAM">   --->   Core 83 'RAM' <Latency = 1> <II = 1> <Delay = 0.67> <Storage> <Opcode : 'load' 'store'> <Ports = 2> <Width = 8> <Depth = 85> <RAM>
ST_2 : Operation 212 [1/1] (0.00ns)   --->   "%br_ln0 = br void %.exit"   --->   Operation 212 'br' 'br_ln0' <Predicate = (!exitcond1407 & empty_17 == 32)> <Delay = 0.00>
ST_2 : Operation 213 [1/1] (0.67ns)   --->   "%store_ln0 = store i8 0, i7 %output_31_addr"   --->   Operation 213 'store' 'store_ln0' <Predicate = (!exitcond1407 & empty_17 == 31)> <Delay = 0.67> <CoreInst = "RAM">   --->   Core 83 'RAM' <Latency = 1> <II = 1> <Delay = 0.67> <Storage> <Opcode : 'load' 'store'> <Ports = 2> <Width = 8> <Depth = 85> <RAM>
ST_2 : Operation 214 [1/1] (0.00ns)   --->   "%br_ln0 = br void %.exit"   --->   Operation 214 'br' 'br_ln0' <Predicate = (!exitcond1407 & empty_17 == 31)> <Delay = 0.00>
ST_2 : Operation 215 [1/1] (0.67ns)   --->   "%store_ln0 = store i8 0, i7 %output_30_addr"   --->   Operation 215 'store' 'store_ln0' <Predicate = (!exitcond1407 & empty_17 == 30)> <Delay = 0.67> <CoreInst = "RAM">   --->   Core 83 'RAM' <Latency = 1> <II = 1> <Delay = 0.67> <Storage> <Opcode : 'load' 'store'> <Ports = 2> <Width = 8> <Depth = 85> <RAM>
ST_2 : Operation 216 [1/1] (0.00ns)   --->   "%br_ln0 = br void %.exit"   --->   Operation 216 'br' 'br_ln0' <Predicate = (!exitcond1407 & empty_17 == 30)> <Delay = 0.00>
ST_2 : Operation 217 [1/1] (0.67ns)   --->   "%store_ln0 = store i8 0, i7 %output_29_addr"   --->   Operation 217 'store' 'store_ln0' <Predicate = (!exitcond1407 & empty_17 == 29)> <Delay = 0.67> <CoreInst = "RAM">   --->   Core 83 'RAM' <Latency = 1> <II = 1> <Delay = 0.67> <Storage> <Opcode : 'load' 'store'> <Ports = 2> <Width = 8> <Depth = 85> <RAM>
ST_2 : Operation 218 [1/1] (0.00ns)   --->   "%br_ln0 = br void %.exit"   --->   Operation 218 'br' 'br_ln0' <Predicate = (!exitcond1407 & empty_17 == 29)> <Delay = 0.00>
ST_2 : Operation 219 [1/1] (0.67ns)   --->   "%store_ln0 = store i8 0, i7 %output_28_addr"   --->   Operation 219 'store' 'store_ln0' <Predicate = (!exitcond1407 & empty_17 == 28)> <Delay = 0.67> <CoreInst = "RAM">   --->   Core 83 'RAM' <Latency = 1> <II = 1> <Delay = 0.67> <Storage> <Opcode : 'load' 'store'> <Ports = 2> <Width = 8> <Depth = 85> <RAM>
ST_2 : Operation 220 [1/1] (0.00ns)   --->   "%br_ln0 = br void %.exit"   --->   Operation 220 'br' 'br_ln0' <Predicate = (!exitcond1407 & empty_17 == 28)> <Delay = 0.00>
ST_2 : Operation 221 [1/1] (0.67ns)   --->   "%store_ln0 = store i8 0, i7 %output_27_addr"   --->   Operation 221 'store' 'store_ln0' <Predicate = (!exitcond1407 & empty_17 == 27)> <Delay = 0.67> <CoreInst = "RAM">   --->   Core 83 'RAM' <Latency = 1> <II = 1> <Delay = 0.67> <Storage> <Opcode : 'load' 'store'> <Ports = 2> <Width = 8> <Depth = 85> <RAM>
ST_2 : Operation 222 [1/1] (0.00ns)   --->   "%br_ln0 = br void %.exit"   --->   Operation 222 'br' 'br_ln0' <Predicate = (!exitcond1407 & empty_17 == 27)> <Delay = 0.00>
ST_2 : Operation 223 [1/1] (0.67ns)   --->   "%store_ln0 = store i8 0, i7 %output_26_addr"   --->   Operation 223 'store' 'store_ln0' <Predicate = (!exitcond1407 & empty_17 == 26)> <Delay = 0.67> <CoreInst = "RAM">   --->   Core 83 'RAM' <Latency = 1> <II = 1> <Delay = 0.67> <Storage> <Opcode : 'load' 'store'> <Ports = 2> <Width = 8> <Depth = 85> <RAM>
ST_2 : Operation 224 [1/1] (0.00ns)   --->   "%br_ln0 = br void %.exit"   --->   Operation 224 'br' 'br_ln0' <Predicate = (!exitcond1407 & empty_17 == 26)> <Delay = 0.00>
ST_2 : Operation 225 [1/1] (0.67ns)   --->   "%store_ln0 = store i8 0, i7 %output_25_addr"   --->   Operation 225 'store' 'store_ln0' <Predicate = (!exitcond1407 & empty_17 == 25)> <Delay = 0.67> <CoreInst = "RAM">   --->   Core 83 'RAM' <Latency = 1> <II = 1> <Delay = 0.67> <Storage> <Opcode : 'load' 'store'> <Ports = 2> <Width = 8> <Depth = 85> <RAM>
ST_2 : Operation 226 [1/1] (0.00ns)   --->   "%br_ln0 = br void %.exit"   --->   Operation 226 'br' 'br_ln0' <Predicate = (!exitcond1407 & empty_17 == 25)> <Delay = 0.00>
ST_2 : Operation 227 [1/1] (0.67ns)   --->   "%store_ln0 = store i8 0, i7 %output_24_addr"   --->   Operation 227 'store' 'store_ln0' <Predicate = (!exitcond1407 & empty_17 == 24)> <Delay = 0.67> <CoreInst = "RAM">   --->   Core 83 'RAM' <Latency = 1> <II = 1> <Delay = 0.67> <Storage> <Opcode : 'load' 'store'> <Ports = 2> <Width = 8> <Depth = 85> <RAM>
ST_2 : Operation 228 [1/1] (0.00ns)   --->   "%br_ln0 = br void %.exit"   --->   Operation 228 'br' 'br_ln0' <Predicate = (!exitcond1407 & empty_17 == 24)> <Delay = 0.00>
ST_2 : Operation 229 [1/1] (0.67ns)   --->   "%store_ln0 = store i8 0, i7 %output_23_addr"   --->   Operation 229 'store' 'store_ln0' <Predicate = (!exitcond1407 & empty_17 == 23)> <Delay = 0.67> <CoreInst = "RAM">   --->   Core 83 'RAM' <Latency = 1> <II = 1> <Delay = 0.67> <Storage> <Opcode : 'load' 'store'> <Ports = 2> <Width = 8> <Depth = 85> <RAM>
ST_2 : Operation 230 [1/1] (0.00ns)   --->   "%br_ln0 = br void %.exit"   --->   Operation 230 'br' 'br_ln0' <Predicate = (!exitcond1407 & empty_17 == 23)> <Delay = 0.00>
ST_2 : Operation 231 [1/1] (0.67ns)   --->   "%store_ln0 = store i8 0, i7 %output_22_addr"   --->   Operation 231 'store' 'store_ln0' <Predicate = (!exitcond1407 & empty_17 == 22)> <Delay = 0.67> <CoreInst = "RAM">   --->   Core 83 'RAM' <Latency = 1> <II = 1> <Delay = 0.67> <Storage> <Opcode : 'load' 'store'> <Ports = 2> <Width = 8> <Depth = 85> <RAM>
ST_2 : Operation 232 [1/1] (0.00ns)   --->   "%br_ln0 = br void %.exit"   --->   Operation 232 'br' 'br_ln0' <Predicate = (!exitcond1407 & empty_17 == 22)> <Delay = 0.00>
ST_2 : Operation 233 [1/1] (0.67ns)   --->   "%store_ln0 = store i8 0, i7 %output_21_addr"   --->   Operation 233 'store' 'store_ln0' <Predicate = (!exitcond1407 & empty_17 == 21)> <Delay = 0.67> <CoreInst = "RAM">   --->   Core 83 'RAM' <Latency = 1> <II = 1> <Delay = 0.67> <Storage> <Opcode : 'load' 'store'> <Ports = 2> <Width = 8> <Depth = 85> <RAM>
ST_2 : Operation 234 [1/1] (0.00ns)   --->   "%br_ln0 = br void %.exit"   --->   Operation 234 'br' 'br_ln0' <Predicate = (!exitcond1407 & empty_17 == 21)> <Delay = 0.00>
ST_2 : Operation 235 [1/1] (0.67ns)   --->   "%store_ln0 = store i8 0, i7 %output_20_addr"   --->   Operation 235 'store' 'store_ln0' <Predicate = (!exitcond1407 & empty_17 == 20)> <Delay = 0.67> <CoreInst = "RAM">   --->   Core 83 'RAM' <Latency = 1> <II = 1> <Delay = 0.67> <Storage> <Opcode : 'load' 'store'> <Ports = 2> <Width = 8> <Depth = 85> <RAM>
ST_2 : Operation 236 [1/1] (0.00ns)   --->   "%br_ln0 = br void %.exit"   --->   Operation 236 'br' 'br_ln0' <Predicate = (!exitcond1407 & empty_17 == 20)> <Delay = 0.00>
ST_2 : Operation 237 [1/1] (0.67ns)   --->   "%store_ln0 = store i8 0, i7 %output_19_addr"   --->   Operation 237 'store' 'store_ln0' <Predicate = (!exitcond1407 & empty_17 == 19)> <Delay = 0.67> <CoreInst = "RAM">   --->   Core 83 'RAM' <Latency = 1> <II = 1> <Delay = 0.67> <Storage> <Opcode : 'load' 'store'> <Ports = 2> <Width = 8> <Depth = 85> <RAM>
ST_2 : Operation 238 [1/1] (0.00ns)   --->   "%br_ln0 = br void %.exit"   --->   Operation 238 'br' 'br_ln0' <Predicate = (!exitcond1407 & empty_17 == 19)> <Delay = 0.00>
ST_2 : Operation 239 [1/1] (0.67ns)   --->   "%store_ln0 = store i8 0, i7 %output_18_addr"   --->   Operation 239 'store' 'store_ln0' <Predicate = (!exitcond1407 & empty_17 == 18)> <Delay = 0.67> <CoreInst = "RAM">   --->   Core 83 'RAM' <Latency = 1> <II = 1> <Delay = 0.67> <Storage> <Opcode : 'load' 'store'> <Ports = 2> <Width = 8> <Depth = 85> <RAM>
ST_2 : Operation 240 [1/1] (0.00ns)   --->   "%br_ln0 = br void %.exit"   --->   Operation 240 'br' 'br_ln0' <Predicate = (!exitcond1407 & empty_17 == 18)> <Delay = 0.00>
ST_2 : Operation 241 [1/1] (0.67ns)   --->   "%store_ln0 = store i8 0, i7 %output_17_addr"   --->   Operation 241 'store' 'store_ln0' <Predicate = (!exitcond1407 & empty_17 == 17)> <Delay = 0.67> <CoreInst = "RAM">   --->   Core 83 'RAM' <Latency = 1> <II = 1> <Delay = 0.67> <Storage> <Opcode : 'load' 'store'> <Ports = 2> <Width = 8> <Depth = 85> <RAM>
ST_2 : Operation 242 [1/1] (0.00ns)   --->   "%br_ln0 = br void %.exit"   --->   Operation 242 'br' 'br_ln0' <Predicate = (!exitcond1407 & empty_17 == 17)> <Delay = 0.00>
ST_2 : Operation 243 [1/1] (0.67ns)   --->   "%store_ln0 = store i8 0, i7 %output_16_addr"   --->   Operation 243 'store' 'store_ln0' <Predicate = (!exitcond1407 & empty_17 == 16)> <Delay = 0.67> <CoreInst = "RAM">   --->   Core 83 'RAM' <Latency = 1> <II = 1> <Delay = 0.67> <Storage> <Opcode : 'load' 'store'> <Ports = 2> <Width = 8> <Depth = 85> <RAM>
ST_2 : Operation 244 [1/1] (0.00ns)   --->   "%br_ln0 = br void %.exit"   --->   Operation 244 'br' 'br_ln0' <Predicate = (!exitcond1407 & empty_17 == 16)> <Delay = 0.00>
ST_2 : Operation 245 [1/1] (0.67ns)   --->   "%store_ln0 = store i8 0, i7 %output_15_addr"   --->   Operation 245 'store' 'store_ln0' <Predicate = (!exitcond1407 & empty_17 == 15)> <Delay = 0.67> <CoreInst = "RAM">   --->   Core 83 'RAM' <Latency = 1> <II = 1> <Delay = 0.67> <Storage> <Opcode : 'load' 'store'> <Ports = 2> <Width = 8> <Depth = 85> <RAM>
ST_2 : Operation 246 [1/1] (0.00ns)   --->   "%br_ln0 = br void %.exit"   --->   Operation 246 'br' 'br_ln0' <Predicate = (!exitcond1407 & empty_17 == 15)> <Delay = 0.00>
ST_2 : Operation 247 [1/1] (0.67ns)   --->   "%store_ln0 = store i8 0, i7 %output_14_addr"   --->   Operation 247 'store' 'store_ln0' <Predicate = (!exitcond1407 & empty_17 == 14)> <Delay = 0.67> <CoreInst = "RAM">   --->   Core 83 'RAM' <Latency = 1> <II = 1> <Delay = 0.67> <Storage> <Opcode : 'load' 'store'> <Ports = 2> <Width = 8> <Depth = 85> <RAM>
ST_2 : Operation 248 [1/1] (0.00ns)   --->   "%br_ln0 = br void %.exit"   --->   Operation 248 'br' 'br_ln0' <Predicate = (!exitcond1407 & empty_17 == 14)> <Delay = 0.00>
ST_2 : Operation 249 [1/1] (0.67ns)   --->   "%store_ln0 = store i8 0, i7 %output_13_addr"   --->   Operation 249 'store' 'store_ln0' <Predicate = (!exitcond1407 & empty_17 == 13)> <Delay = 0.67> <CoreInst = "RAM">   --->   Core 83 'RAM' <Latency = 1> <II = 1> <Delay = 0.67> <Storage> <Opcode : 'load' 'store'> <Ports = 2> <Width = 8> <Depth = 85> <RAM>
ST_2 : Operation 250 [1/1] (0.00ns)   --->   "%br_ln0 = br void %.exit"   --->   Operation 250 'br' 'br_ln0' <Predicate = (!exitcond1407 & empty_17 == 13)> <Delay = 0.00>
ST_2 : Operation 251 [1/1] (0.67ns)   --->   "%store_ln0 = store i8 0, i7 %output_12_addr"   --->   Operation 251 'store' 'store_ln0' <Predicate = (!exitcond1407 & empty_17 == 12)> <Delay = 0.67> <CoreInst = "RAM">   --->   Core 83 'RAM' <Latency = 1> <II = 1> <Delay = 0.67> <Storage> <Opcode : 'load' 'store'> <Ports = 2> <Width = 8> <Depth = 85> <RAM>
ST_2 : Operation 252 [1/1] (0.00ns)   --->   "%br_ln0 = br void %.exit"   --->   Operation 252 'br' 'br_ln0' <Predicate = (!exitcond1407 & empty_17 == 12)> <Delay = 0.00>
ST_2 : Operation 253 [1/1] (0.67ns)   --->   "%store_ln0 = store i8 0, i7 %output_11_addr"   --->   Operation 253 'store' 'store_ln0' <Predicate = (!exitcond1407 & empty_17 == 11)> <Delay = 0.67> <CoreInst = "RAM">   --->   Core 83 'RAM' <Latency = 1> <II = 1> <Delay = 0.67> <Storage> <Opcode : 'load' 'store'> <Ports = 2> <Width = 8> <Depth = 85> <RAM>
ST_2 : Operation 254 [1/1] (0.00ns)   --->   "%br_ln0 = br void %.exit"   --->   Operation 254 'br' 'br_ln0' <Predicate = (!exitcond1407 & empty_17 == 11)> <Delay = 0.00>
ST_2 : Operation 255 [1/1] (0.67ns)   --->   "%store_ln0 = store i8 0, i7 %output_10_addr"   --->   Operation 255 'store' 'store_ln0' <Predicate = (!exitcond1407 & empty_17 == 10)> <Delay = 0.67> <CoreInst = "RAM">   --->   Core 83 'RAM' <Latency = 1> <II = 1> <Delay = 0.67> <Storage> <Opcode : 'load' 'store'> <Ports = 2> <Width = 8> <Depth = 85> <RAM>
ST_2 : Operation 256 [1/1] (0.00ns)   --->   "%br_ln0 = br void %.exit"   --->   Operation 256 'br' 'br_ln0' <Predicate = (!exitcond1407 & empty_17 == 10)> <Delay = 0.00>
ST_2 : Operation 257 [1/1] (0.67ns)   --->   "%store_ln0 = store i8 0, i7 %output_9_addr"   --->   Operation 257 'store' 'store_ln0' <Predicate = (!exitcond1407 & empty_17 == 9)> <Delay = 0.67> <CoreInst = "RAM">   --->   Core 83 'RAM' <Latency = 1> <II = 1> <Delay = 0.67> <Storage> <Opcode : 'load' 'store'> <Ports = 2> <Width = 8> <Depth = 85> <RAM>
ST_2 : Operation 258 [1/1] (0.00ns)   --->   "%br_ln0 = br void %.exit"   --->   Operation 258 'br' 'br_ln0' <Predicate = (!exitcond1407 & empty_17 == 9)> <Delay = 0.00>
ST_2 : Operation 259 [1/1] (0.67ns)   --->   "%store_ln0 = store i8 0, i7 %output_8_addr"   --->   Operation 259 'store' 'store_ln0' <Predicate = (!exitcond1407 & empty_17 == 8)> <Delay = 0.67> <CoreInst = "RAM">   --->   Core 83 'RAM' <Latency = 1> <II = 1> <Delay = 0.67> <Storage> <Opcode : 'load' 'store'> <Ports = 2> <Width = 8> <Depth = 85> <RAM>
ST_2 : Operation 260 [1/1] (0.00ns)   --->   "%br_ln0 = br void %.exit"   --->   Operation 260 'br' 'br_ln0' <Predicate = (!exitcond1407 & empty_17 == 8)> <Delay = 0.00>
ST_2 : Operation 261 [1/1] (0.67ns)   --->   "%store_ln0 = store i8 0, i7 %output_7_addr"   --->   Operation 261 'store' 'store_ln0' <Predicate = (!exitcond1407 & empty_17 == 7)> <Delay = 0.67> <CoreInst = "RAM">   --->   Core 83 'RAM' <Latency = 1> <II = 1> <Delay = 0.67> <Storage> <Opcode : 'load' 'store'> <Ports = 2> <Width = 8> <Depth = 85> <RAM>
ST_2 : Operation 262 [1/1] (0.00ns)   --->   "%br_ln0 = br void %.exit"   --->   Operation 262 'br' 'br_ln0' <Predicate = (!exitcond1407 & empty_17 == 7)> <Delay = 0.00>
ST_2 : Operation 263 [1/1] (0.67ns)   --->   "%store_ln0 = store i8 0, i7 %output_6_addr"   --->   Operation 263 'store' 'store_ln0' <Predicate = (!exitcond1407 & empty_17 == 6)> <Delay = 0.67> <CoreInst = "RAM">   --->   Core 83 'RAM' <Latency = 1> <II = 1> <Delay = 0.67> <Storage> <Opcode : 'load' 'store'> <Ports = 2> <Width = 8> <Depth = 85> <RAM>
ST_2 : Operation 264 [1/1] (0.00ns)   --->   "%br_ln0 = br void %.exit"   --->   Operation 264 'br' 'br_ln0' <Predicate = (!exitcond1407 & empty_17 == 6)> <Delay = 0.00>
ST_2 : Operation 265 [1/1] (0.67ns)   --->   "%store_ln0 = store i8 0, i7 %output_5_addr"   --->   Operation 265 'store' 'store_ln0' <Predicate = (!exitcond1407 & empty_17 == 5)> <Delay = 0.67> <CoreInst = "RAM">   --->   Core 83 'RAM' <Latency = 1> <II = 1> <Delay = 0.67> <Storage> <Opcode : 'load' 'store'> <Ports = 2> <Width = 8> <Depth = 85> <RAM>
ST_2 : Operation 266 [1/1] (0.00ns)   --->   "%br_ln0 = br void %.exit"   --->   Operation 266 'br' 'br_ln0' <Predicate = (!exitcond1407 & empty_17 == 5)> <Delay = 0.00>
ST_2 : Operation 267 [1/1] (0.67ns)   --->   "%store_ln0 = store i8 0, i7 %output_4_addr"   --->   Operation 267 'store' 'store_ln0' <Predicate = (!exitcond1407 & empty_17 == 4)> <Delay = 0.67> <CoreInst = "RAM">   --->   Core 83 'RAM' <Latency = 1> <II = 1> <Delay = 0.67> <Storage> <Opcode : 'load' 'store'> <Ports = 2> <Width = 8> <Depth = 85> <RAM>
ST_2 : Operation 268 [1/1] (0.00ns)   --->   "%br_ln0 = br void %.exit"   --->   Operation 268 'br' 'br_ln0' <Predicate = (!exitcond1407 & empty_17 == 4)> <Delay = 0.00>
ST_2 : Operation 269 [1/1] (0.67ns)   --->   "%store_ln0 = store i8 0, i7 %output_3_addr"   --->   Operation 269 'store' 'store_ln0' <Predicate = (!exitcond1407 & empty_17 == 3)> <Delay = 0.67> <CoreInst = "RAM">   --->   Core 83 'RAM' <Latency = 1> <II = 1> <Delay = 0.67> <Storage> <Opcode : 'load' 'store'> <Ports = 2> <Width = 8> <Depth = 85> <RAM>
ST_2 : Operation 270 [1/1] (0.00ns)   --->   "%br_ln0 = br void %.exit"   --->   Operation 270 'br' 'br_ln0' <Predicate = (!exitcond1407 & empty_17 == 3)> <Delay = 0.00>
ST_2 : Operation 271 [1/1] (0.67ns)   --->   "%store_ln0 = store i8 0, i7 %output_2_addr"   --->   Operation 271 'store' 'store_ln0' <Predicate = (!exitcond1407 & empty_17 == 2)> <Delay = 0.67> <CoreInst = "RAM">   --->   Core 83 'RAM' <Latency = 1> <II = 1> <Delay = 0.67> <Storage> <Opcode : 'load' 'store'> <Ports = 2> <Width = 8> <Depth = 85> <RAM>
ST_2 : Operation 272 [1/1] (0.00ns)   --->   "%br_ln0 = br void %.exit"   --->   Operation 272 'br' 'br_ln0' <Predicate = (!exitcond1407 & empty_17 == 2)> <Delay = 0.00>
ST_2 : Operation 273 [1/1] (0.67ns)   --->   "%store_ln0 = store i8 0, i7 %output_1_addr"   --->   Operation 273 'store' 'store_ln0' <Predicate = (!exitcond1407 & empty_17 == 1)> <Delay = 0.67> <CoreInst = "RAM">   --->   Core 83 'RAM' <Latency = 1> <II = 1> <Delay = 0.67> <Storage> <Opcode : 'load' 'store'> <Ports = 2> <Width = 8> <Depth = 85> <RAM>
ST_2 : Operation 274 [1/1] (0.00ns)   --->   "%br_ln0 = br void %.exit"   --->   Operation 274 'br' 'br_ln0' <Predicate = (!exitcond1407 & empty_17 == 1)> <Delay = 0.00>
ST_2 : Operation 275 [1/1] (0.67ns)   --->   "%store_ln0 = store i1 0, i7 %output_addr"   --->   Operation 275 'store' 'store_ln0' <Predicate = (!exitcond1407 & empty_17 == 0)> <Delay = 0.67> <CoreInst = "RAM">   --->   Core 83 'RAM' <Latency = 1> <II = 1> <Delay = 0.67> <Storage> <Opcode : 'load' 'store'> <Ports = 2> <Width = 1> <Depth = 85> <RAM>
ST_2 : Operation 276 [1/1] (0.00ns)   --->   "%br_ln0 = br void %.exit"   --->   Operation 276 'br' 'br_ln0' <Predicate = (!exitcond1407 & empty_17 == 0)> <Delay = 0.00>
ST_2 : Operation 277 [1/1] (0.67ns)   --->   "%store_ln0 = store i1 0, i7 %output_84_addr"   --->   Operation 277 'store' 'store_ln0' <Predicate = (!exitcond1407 & empty_17 != 0 & empty_17 != 1 & empty_17 != 2 & empty_17 != 3 & empty_17 != 4 & empty_17 != 5 & empty_17 != 6 & empty_17 != 7 & empty_17 != 8 & empty_17 != 9 & empty_17 != 10 & empty_17 != 11 & empty_17 != 12 & empty_17 != 13 & empty_17 != 14 & empty_17 != 15 & empty_17 != 16 & empty_17 != 17 & empty_17 != 18 & empty_17 != 19 & empty_17 != 20 & empty_17 != 21 & empty_17 != 22 & empty_17 != 23 & empty_17 != 24 & empty_17 != 25 & empty_17 != 26 & empty_17 != 27 & empty_17 != 28 & empty_17 != 29 & empty_17 != 30 & empty_17 != 31 & empty_17 != 32 & empty_17 != 33 & empty_17 != 34 & empty_17 != 35 & empty_17 != 36 & empty_17 != 37 & empty_17 != 38 & empty_17 != 39 & empty_17 != 40 & empty_17 != 41 & empty_17 != 42 & empty_17 != 43 & empty_17 != 44 & empty_17 != 45 & empty_17 != 46 & empty_17 != 47 & empty_17 != 48 & empty_17 != 49 & empty_17 != 50 & empty_17 != 51 & empty_17 != 52 & empty_17 != 53 & empty_17 != 54 & empty_17 != 55 & empty_17 != 56 & empty_17 != 57 & empty_17 != 58 & empty_17 != 59 & empty_17 != 60 & empty_17 != 61 & empty_17 != 62 & empty_17 != 63 & empty_17 != 64 & empty_17 != 65 & empty_17 != 66 & empty_17 != 67 & empty_17 != 68 & empty_17 != 69 & empty_17 != 70 & empty_17 != 71 & empty_17 != 72 & empty_17 != 73 & empty_17 != 74 & empty_17 != 75 & empty_17 != 76 & empty_17 != 77 & empty_17 != 78 & empty_17 != 79 & empty_17 != 80 & empty_17 != 81 & empty_17 != 82 & empty_17 != 83)> <Delay = 0.67> <CoreInst = "RAM">   --->   Core 83 'RAM' <Latency = 1> <II = 1> <Delay = 0.67> <Storage> <Opcode : 'load' 'store'> <Ports = 2> <Width = 1> <Depth = 85> <RAM>
ST_2 : Operation 278 [1/1] (0.00ns)   --->   "%br_ln0 = br void %.exit"   --->   Operation 278 'br' 'br_ln0' <Predicate = (!exitcond1407 & empty_17 != 0 & empty_17 != 1 & empty_17 != 2 & empty_17 != 3 & empty_17 != 4 & empty_17 != 5 & empty_17 != 6 & empty_17 != 7 & empty_17 != 8 & empty_17 != 9 & empty_17 != 10 & empty_17 != 11 & empty_17 != 12 & empty_17 != 13 & empty_17 != 14 & empty_17 != 15 & empty_17 != 16 & empty_17 != 17 & empty_17 != 18 & empty_17 != 19 & empty_17 != 20 & empty_17 != 21 & empty_17 != 22 & empty_17 != 23 & empty_17 != 24 & empty_17 != 25 & empty_17 != 26 & empty_17 != 27 & empty_17 != 28 & empty_17 != 29 & empty_17 != 30 & empty_17 != 31 & empty_17 != 32 & empty_17 != 33 & empty_17 != 34 & empty_17 != 35 & empty_17 != 36 & empty_17 != 37 & empty_17 != 38 & empty_17 != 39 & empty_17 != 40 & empty_17 != 41 & empty_17 != 42 & empty_17 != 43 & empty_17 != 44 & empty_17 != 45 & empty_17 != 46 & empty_17 != 47 & empty_17 != 48 & empty_17 != 49 & empty_17 != 50 & empty_17 != 51 & empty_17 != 52 & empty_17 != 53 & empty_17 != 54 & empty_17 != 55 & empty_17 != 56 & empty_17 != 57 & empty_17 != 58 & empty_17 != 59 & empty_17 != 60 & empty_17 != 61 & empty_17 != 62 & empty_17 != 63 & empty_17 != 64 & empty_17 != 65 & empty_17 != 66 & empty_17 != 67 & empty_17 != 68 & empty_17 != 69 & empty_17 != 70 & empty_17 != 71 & empty_17 != 72 & empty_17 != 73 & empty_17 != 74 & empty_17 != 75 & empty_17 != 76 & empty_17 != 77 & empty_17 != 78 & empty_17 != 79 & empty_17 != 80 & empty_17 != 81 & empty_17 != 82 & empty_17 != 83)> <Delay = 0.00>
ST_2 : Operation 279 [1/1] (0.82ns)   --->   "%next_urem = add i13 %phi_urem_load, i13 1"   --->   Operation 279 'add' 'next_urem' <Predicate = (!exitcond1407)> <Delay = 0.82> <CoreInst = "Adder">   --->   Core 1 'Adder' <Latency = 0> <II = 1> <Delay = 0.82> <FuncUnit> <Opcode : 'add' 'sub'> <InPorts = 2> <OutPorts = 1>
ST_2 : Operation 280 [1/1] (0.82ns)   --->   "%empty_16 = icmp_ult  i13 %next_urem, i13 85"   --->   Operation 280 'icmp' 'empty_16' <Predicate = (!exitcond1407)> <Delay = 0.82> <CoreInst = "Cmp">   --->   Core 9 'Cmp' <Latency = 0> <II = 1> <Delay = 0.82> <FuncUnit> <Opcode : 'icmp'> <InPorts = 2> <OutPorts = 1>
ST_2 : Operation 281 [1/1] (0.30ns)   --->   "%idx_urem = select i1 %empty_16, i13 %next_urem, i13 0"   --->   Operation 281 'select' 'idx_urem' <Predicate = (!exitcond1407)> <Delay = 0.30> <CoreInst = "Sel">   --->   Core 73 'Sel' <Latency = 0> <II = 1> <Delay = 0.30> <FuncUnit> <Opcode : 'select'> <InPorts = 3> <OutPorts = 1>
ST_2 : Operation 282 [1/1] (0.42ns)   --->   "%store_ln0 = store i13 %empty_15, i13 %empty"   --->   Operation 282 'store' 'store_ln0' <Predicate = (!exitcond1407)> <Delay = 0.42>
ST_2 : Operation 283 [1/1] (0.42ns)   --->   "%store_ln0 = store i27 %next_mul, i27 %phi_mul"   --->   Operation 283 'store' 'store_ln0' <Predicate = (!exitcond1407)> <Delay = 0.42>
ST_2 : Operation 284 [1/1] (0.42ns)   --->   "%store_ln0 = store i13 %idx_urem, i13 %phi_urem"   --->   Operation 284 'store' 'store_ln0' <Predicate = (!exitcond1407)> <Delay = 0.42>
ST_2 : Operation 285 [1/1] (0.00ns)   --->   "%br_ln0 = br void %memset.loop"   --->   Operation 285 'br' 'br_ln0' <Predicate = (!exitcond1407)> <Delay = 0.00>
ST_2 : Operation 286 [1/1] (0.00ns)   --->   "%ret_ln0 = ret"   --->   Operation 286 'ret' 'ret_ln0' <Predicate = (exitcond1407)> <Delay = 0.00>


============================================================
+ Verbose Summary: Timing violations
============================================================
Target clock period: 10.000ns, clock uncertainty: 2.700ns.

 <State 1>: 0.427ns
The critical path consists of the following:
	'alloca' operation 13 bit ('empty') [88]  (0.000 ns)
	'store' operation 0 bit ('store_ln0') of constant 0 on local variable 'empty' [89]  (0.427 ns)

 <State 2>: 2.370ns
The critical path consists of the following:
	'load' operation 13 bit ('phi_urem_load') on local variable 'phi_urem' [94]  (0.000 ns)
	'add' operation 13 bit ('next_urem') [449]  (0.820 ns)
	'icmp' operation 1 bit ('empty_16') [450]  (0.820 ns)
	'select' operation 13 bit ('idx_urem') [451]  (0.303 ns)
	'store' operation 0 bit ('store_ln0') of variable 'idx_urem' on local variable 'phi_urem' [454]  (0.427 ns)


============================================================
+ Verbose Summary: Binding
============================================================
N/A
* FSMD analyzer results:
  - Output states:
 - Input state : 
  - Chain level:
	State 1
	State 2


============================================================
+ Verbose Summary: Datapath Resource usage 
============================================================
N/A
