Copyright 1986-2022 Xilinx, Inc. All Rights Reserved. Copyright 2022-2023 Advanced Micro Devices, Inc. All Rights Reserved.
---------------------------------------------------------------------------------------------------------------------------------------------
| Tool Version : Vivado v.2023.2 (win64) Build 4029153 Fri Oct 13 20:14:34 MDT 2023
| Date         : Fri Nov  8 22:19:03 2024
| Host         : THX_HP running 64-bit major release  (build 9200)
| Command      : upgrade_ip
| Device       : xck26-sfvc784-2LV-c
---------------------------------------------------------------------------------------------------------------------------------------------

Upgrade Log for IP 'design_1_sobel_hls_0_0'

1. Summary
----------

SUCCESS in the upgrade of design_1_sobel_hls_0_0 (xilinx.com:hls:sobel_hls:1.0) from (Rev. 2113814100) to (Rev. 2113814177)






Copyright 1986-2022 Xilinx, Inc. All Rights Reserved. Copyright 2022-2023 Advanced Micro Devices, Inc. All Rights Reserved.
---------------------------------------------------------------------------------------------------------------------------------------------
| Tool Version : Vivado v.2023.2 (win64) Build 4029153 Fri Oct 13 20:14:34 MDT 2023
| Date         : Fri Nov  8 21:01:39 2024
| Host         : THX_HP running 64-bit major release  (build 9200)
| Command      : upgrade_ip
| Device       : xck26-sfvc784-2LV-c
---------------------------------------------------------------------------------------------------------------------------------------------

Upgrade Log for IP 'design_1_sobel_hls_0_0'

1. Summary
----------

SUCCESS in the upgrade of design_1_sobel_hls_0_0 (xilinx.com:hls:sobel_hls:1.0) from (Rev. 2113813866) to (Rev. 2113814100)






Copyright 1986-2022 Xilinx, Inc. All Rights Reserved. Copyright 2022-2023 Advanced Micro Devices, Inc. All Rights Reserved.
---------------------------------------------------------------------------------------------------------------------------------------------
| Tool Version : Vivado v.2023.2 (win64) Build 4029153 Fri Oct 13 20:14:34 MDT 2023
| Date         : Fri Nov  8 17:08:31 2024
| Host         : THX_HP running 64-bit major release  (build 9200)
| Command      : upgrade_ip
| Device       : xck26-sfvc784-2LV-c
---------------------------------------------------------------------------------------------------------------------------------------------

Upgrade Log for IP 'design_1_sobel_hls_0_0'

1. Summary
----------

SUCCESS in the upgrade of design_1_sobel_hls_0_0 (xilinx.com:hls:sobel_hls:1.0) from (Rev. 2113813664) to (Rev. 2113813866)






Copyright 1986-2022 Xilinx, Inc. All Rights Reserved. Copyright 2022-2023 Advanced Micro Devices, Inc. All Rights Reserved.
---------------------------------------------------------------------------------------------------------------------------------------------
| Tool Version : Vivado v.2023.2 (win64) Build 4029153 Fri Oct 13 20:14:34 MDT 2023
| Date         : Fri Nov  8 13:46:26 2024
| Host         : THX_HP running 64-bit major release  (build 9200)
| Command      : upgrade_ip
| Device       : xck26-sfvc784-2LV-c
---------------------------------------------------------------------------------------------------------------------------------------------

Upgrade Log for IP 'design_1_sobel_hls_0_0'

1. Summary
----------

SUCCESS in the upgrade of design_1_sobel_hls_0_0 (xilinx.com:hls:sobel_hls:1.0) from (Rev. 2113812505) to (Rev. 2113813664)

