================================================================
== Design Size Report
================================================================

* Total Instructions per Compilation Phase
+---------------+-----------------------------+--------------+----------------------------------------------------------------------------------------+
| Phase         | Step                        | Instructions | Description                                                                            |
+---------------+-----------------------------+--------------+----------------------------------------------------------------------------------------+
| Compile/Link  |                             |   377        | After all functions are compiled and linked into a single design                       |
|               |                             |              |                                                                                        |
| Unroll/Inline |                             |              | After user unroll and inline pragmas are applied                                       |
|               | (1) unroll                  |   170        | user unroll pragmas are applied                                                        |
|               | (2) simplification          |   136        | simplification of applied user unroll pragmas                                          |
|               | (3) inline                  |   126        | user inline pragmas are applied                                                        |
|               | (4) simplification          |   126        | simplification of applied user inline pragmas                                          |
|               |                             |              |                                                                                        |
| Array/Struct  |                             |              | After user array partition and struct aggregate/disaggregate pragmas are applied       |
|               | (1) array partition         |   454        | user array partition pragmas are applied                                               |
|               | (2) simplification          |   452        | simplification of applied user array partition & struct aggregate/disaggregate pragmas |
|               | (3) aggregate/disaggregate  |   452        | user struct aggregate/disaggregate pragmas are applied                                 |
|               | (4) array reshape           |   450        | apply array reshape pragmas                                                            |
|               | (5) access patterns         |   475        | array access pattern optmizations                                                      |
|               |                             |              |                                                                                        |
| Performance   |                             |              | After transformations are applied to meet performance pragma targets                   |
|               | (1) loop simplification     |   470        | loop and instruction simplification                                                    |
|               | (2) parallelization         |   704        | loops are unrolled or pipelined to meet performance targets                            |
|               | (3) array partition         | 2,554        | arrays are partitioned to meet performance targets                                     |
|               | (4) simplification          | 1,840        | simplification of design after performance transformations                             |
|               |                             |              |                                                                                        |
| HW Transforms |                             |              | After hardware transfomations                                                          |
|               | (1) lowering                | 1,831        | initial conversion to HW specific instructions                                         |
|               | (2) optimizations           | 1,847        | high level synthesis optimizations                                                     |
+---------------+-----------------------------+--------------+----------------------------------------------------------------------------------------+

* Instructions per Function for each Compilation Phase
+-------------+----------------------+--------------+---------------+--------------+-------------+---------------+
| Function    | Location             | Compile/Link | Unroll/Inline | Array/Struct | Performance | HW Transforms |
+-------------+----------------------+--------------+---------------+--------------+-------------+---------------+
|   sobel_hls | myip_v1_0_HLS.cpp:12 | 377          | 126           | 475          | 1,840       | 1,847         |
+-------------+----------------------+--------------+---------------+--------------+-------------+---------------+

* Design Size Message Settings
+---------------------------------------------+--------+------------------------------------------------------------------+
| Message Setting                             | Value  | Description                                                      |
+---------------------------------------------+--------+------------------------------------------------------------------+
| config_compile -design_size_maximum_warning | 100000 | Show a warning when total design instructions exceeds this value |
+---------------------------------------------+--------+------------------------------------------------------------------+


