

================================================================
== Vitis HLS Report for 'sobel_hls_Pipeline_VITIS_LOOP_56_7_VITIS_LOOP_57_8'
================================================================
* Date:           Sat Nov  9 10:51:49 2024

* Version:        2023.2 (Build 4023990 on Oct 11 2023)
* Project:        sobel_hls
* Solution:       hls (Vivado IP Flow Target)
* Product family: zynquplus
* Target device:  xck26-sfvc784-2LV-c


================================================================
== Performance Estimates
================================================================
+ Timing: 
    * Summary: 
    +--------+----------+----------+------------+
    |  Clock |  Target  | Estimated| Uncertainty|
    +--------+----------+----------+------------+
    |ap_clk  |  10.00 ns|  2.760 ns|     2.70 ns|
    +--------+----------+----------+------------+

+ Latency: 
    * Summary: 
    +---------+---------+-----------+-----------+------+------+---------+
    |  Latency (cycles) |   Latency (absolute)  |   Interval  | Pipeline|
    |   min   |   max   |    min    |    max    |  min |  max |   Type  |
    +---------+---------+-----------+-----------+------+------+---------+
    |     7228|     7228|  72.280 us|  72.280 us|  7228|  7228|       no|
    +---------+---------+-----------+-----------+------+------+---------+

    + Detail: 
        * Instance: 
        N/A

        * Loop: 
        +-----------------------------------+---------+---------+----------+-----------+-----------+------+----------+
        |                                   |  Latency (cycles) | Iteration|  Initiation Interval  | Trip |          |
        |             Loop Name             |   min   |   max   |  Latency |  achieved |   target  | Count| Pipelined|
        +-----------------------------------+---------+---------+----------+-----------+-----------+------+----------+
        |- VITIS_LOOP_56_7_VITIS_LOOP_57_8  |     7226|     7226|         3|          1|          1|  7225|       yes|
        +-----------------------------------+---------+---------+----------+-----------+-----------+------+----------+



================================================================
== Utilization Estimates
================================================================
* Summary: 
+-----------------+---------+------+--------+--------+-----+
|       Name      | BRAM_18K|  DSP |   FF   |   LUT  | URAM|
+-----------------+---------+------+--------+--------+-----+
|DSP              |        -|     -|       -|       -|    -|
|Expression       |        -|     -|       0|     138|    -|
|FIFO             |        -|     -|       -|       -|    -|
|Instance         |        -|     -|       0|     445|    -|
|Memory           |        -|     -|       -|       -|    -|
|Multiplexer      |        -|     -|       -|      81|    -|
|Register         |        -|     -|     717|       -|    -|
+-----------------+---------+------+--------+--------+-----+
|Total            |        0|     0|     717|     664|    0|
+-----------------+---------+------+--------+--------+-----+
|Available        |      288|  1248|  234240|  117120|   64|
+-----------------+---------+------+--------+--------+-----+
|Utilization (%)  |        0|     0|      ~0|      ~0|    0|
+-----------------+---------+------+--------+--------+-----+

+ Detail: 
    * Instance: 
    +----------------------------+-----------------------+---------+----+---+-----+-----+
    |          Instance          |         Module        | BRAM_18K| DSP| FF| LUT | URAM|
    +----------------------------+-----------------------+---------+----+---+-----+-----+
    |sparsemux_171_7_8_1_1_U960  |sparsemux_171_7_8_1_1  |        0|   0|  0|  445|    0|
    +----------------------------+-----------------------+---------+----+---+-----+-----+
    |Total                       |                       |        0|   0|  0|  445|    0|
    +----------------------------+-----------------------+---------+----+---+-----+-----+

    * DSP: 
    N/A

    * Memory: 
    N/A

    * FIFO: 
    N/A

    * Expression: 
    +---------------------------+----------+----+---+----+------------+------------+
    |       Variable Name       | Operation| DSP| FF| LUT| Bitwidth P0| Bitwidth P1|
    +---------------------------+----------+----+---+----+------------+------------+
    |add_ln56_1_fu_1942_p2      |         +|   0|  0|  14|           7|           1|
    |add_ln56_fu_1910_p2        |         +|   0|  0|  20|          13|           1|
    |add_ln57_fu_2051_p2        |         +|   0|  0|  14|           7|           1|
    |M_AXIS_TLAST               |       and|   0|  0|   2|           1|           1|
    |ap_block_pp0_stage0_01001  |       and|   0|  0|   2|           1|           1|
    |ap_block_pp0_stage0_11001  |       and|   0|  0|   2|           1|           1|
    |ap_block_state3_io         |       and|   0|  0|   2|           1|           1|
    |ap_condition_2189          |       and|   0|  0|   2|           1|           1|
    |cmp103_fu_2045_p2          |      icmp|   0|  0|  14|           7|           7|
    |icmp_ln56_fu_1904_p2       |      icmp|   0|  0|  20|          13|          11|
    |icmp_ln57_fu_1922_p2       |      icmp|   0|  0|  14|           7|           7|
    |icmp_ln59_fu_3112_p2       |      icmp|   0|  0|  14|           7|           7|
    |or_ln56_fu_1928_p2         |        or|   0|  0|   2|           1|           1|
    |select_ln56_1_fu_1948_p3   |    select|   0|  0|   7|           1|           7|
    |select_ln56_fu_1934_p3     |    select|   0|  0|   7|           1|           1|
    |ap_enable_pp0              |       xor|   0|  0|   2|           1|           2|
    +---------------------------+----------+----+---+----+------------+------------+
    |Total                      |          |   0|  0| 138|          70|          51|
    +---------------------------+----------+----+---+----+------------+------------+

    * Multiplexer: 
    +-----------------------------------------+----+-----------+-----+-----------+
    |                   Name                  | LUT| Input Size| Bits| Total Bits|
    +-----------------------------------------+----+-----------+-----+-----------+
    |M_AXIS_TDATA_blk_n                       |   9|          2|    1|          2|
    |ap_done_int                              |   9|          2|    1|          2|
    |ap_enable_reg_pp0_iter1                  |   9|          2|    1|          2|
    |ap_sig_allocacmp_i_load                  |   9|          2|    7|         14|
    |ap_sig_allocacmp_indvar_flatten183_load  |   9|          2|   13|         26|
    |ap_sig_allocacmp_j_load                  |   9|          2|    7|         14|
    |i_fu_404                                 |   9|          2|    7|         14|
    |indvar_flatten183_fu_408                 |   9|          2|   13|         26|
    |j_fu_400                                 |   9|          2|    7|         14|
    +-----------------------------------------+----+-----------+-----+-----------+
    |Total                                    |  81|         18|   57|        114|
    +-----------------------------------------+----+-----------+-----+-----------+

    * Register: 
    +------------------------------------+----+----+-----+-----------+
    |                Name                | FF | LUT| Bits| Const Bits|
    +------------------------------------+----+----+-----+-----------+
    |ap_CS_fsm                           |   1|   0|    1|          0|
    |ap_done_reg                         |   1|   0|    1|          0|
    |ap_enable_reg_pp0_iter1             |   1|   0|    1|          0|
    |ap_enable_reg_pp0_iter2             |   1|   0|    1|          0|
    |ap_loop_exit_ready_pp0_iter1_reg    |   1|   0|    1|          0|
    |cmp103_reg_4093                     |   1|   0|    1|          0|
    |cmp103_reg_4093_pp0_iter1_reg       |   1|   0|    1|          0|
    |i_fu_404                            |   7|   0|    7|          0|
    |icmp_ln56_reg_3654                  |   1|   0|    1|          0|
    |icmp_ln56_reg_3654_pp0_iter1_reg    |   1|   0|    1|          0|
    |indvar_flatten183_fu_408            |  13|   0|   13|          0|
    |j_fu_400                            |   7|   0|    7|          0|
    |or_ln56_reg_3658                    |   1|   0|    1|          0|
    |output_10_load149_fu_708            |   8|   0|    8|          0|
    |output_11_load147_fu_704            |   8|   0|    8|          0|
    |output_12_load145_fu_700            |   8|   0|    8|          0|
    |output_13_load143_fu_696            |   8|   0|    8|          0|
    |output_14_load141_fu_692            |   8|   0|    8|          0|
    |output_15_load139_fu_688            |   8|   0|    8|          0|
    |output_16_load137_fu_684            |   8|   0|    8|          0|
    |output_17_load135_fu_680            |   8|   0|    8|          0|
    |output_18_load133_fu_676            |   8|   0|    8|          0|
    |output_19_load131_fu_672            |   8|   0|    8|          0|
    |output_1_load167_fu_744             |   8|   0|    8|          0|
    |output_20_load129_fu_668            |   8|   0|    8|          0|
    |output_21_load127_fu_664            |   8|   0|    8|          0|
    |output_22_load125_fu_660            |   8|   0|    8|          0|
    |output_23_load123_fu_656            |   8|   0|    8|          0|
    |output_24_load121_fu_652            |   8|   0|    8|          0|
    |output_25_load119_fu_648            |   8|   0|    8|          0|
    |output_26_load117_fu_644            |   8|   0|    8|          0|
    |output_27_load115_fu_640            |   8|   0|    8|          0|
    |output_28_load113_fu_636            |   8|   0|    8|          0|
    |output_29_load111_fu_632            |   8|   0|    8|          0|
    |output_2_load165_fu_740             |   8|   0|    8|          0|
    |output_30_load109_fu_628            |   8|   0|    8|          0|
    |output_31_load107_fu_624            |   8|   0|    8|          0|
    |output_32_load105_fu_620            |   8|   0|    8|          0|
    |output_33_load103_fu_616            |   8|   0|    8|          0|
    |output_34_load101_fu_612            |   8|   0|    8|          0|
    |output_35_load99_fu_608             |   8|   0|    8|          0|
    |output_36_load97_fu_604             |   8|   0|    8|          0|
    |output_37_load95_fu_600             |   8|   0|    8|          0|
    |output_38_load93_fu_596             |   8|   0|    8|          0|
    |output_39_load91_fu_592             |   8|   0|    8|          0|
    |output_3_load163_fu_736             |   8|   0|    8|          0|
    |output_40_load89_fu_588             |   8|   0|    8|          0|
    |output_41_load87_fu_584             |   8|   0|    8|          0|
    |output_42_load85_fu_580             |   8|   0|    8|          0|
    |output_43_load83_fu_576             |   8|   0|    8|          0|
    |output_44_load81_fu_572             |   8|   0|    8|          0|
    |output_45_load79_fu_568             |   8|   0|    8|          0|
    |output_46_load77_fu_564             |   8|   0|    8|          0|
    |output_47_load75_fu_560             |   8|   0|    8|          0|
    |output_48_load73_fu_556             |   8|   0|    8|          0|
    |output_49_load71_fu_552             |   8|   0|    8|          0|
    |output_4_load161_fu_732             |   8|   0|    8|          0|
    |output_50_load69_fu_548             |   8|   0|    8|          0|
    |output_51_load67_fu_544             |   8|   0|    8|          0|
    |output_52_load65_fu_540             |   8|   0|    8|          0|
    |output_53_load63_fu_536             |   8|   0|    8|          0|
    |output_54_load61_fu_532             |   8|   0|    8|          0|
    |output_55_load59_fu_528             |   8|   0|    8|          0|
    |output_56_load57_fu_524             |   8|   0|    8|          0|
    |output_57_load55_fu_520             |   8|   0|    8|          0|
    |output_58_load53_fu_516             |   8|   0|    8|          0|
    |output_59_load51_fu_512             |   8|   0|    8|          0|
    |output_5_load159_fu_728             |   8|   0|    8|          0|
    |output_60_load49_fu_508             |   8|   0|    8|          0|
    |output_61_load47_fu_504             |   8|   0|    8|          0|
    |output_62_load45_fu_500             |   8|   0|    8|          0|
    |output_63_load43_fu_496             |   8|   0|    8|          0|
    |output_64_load41_fu_492             |   8|   0|    8|          0|
    |output_65_load39_fu_488             |   8|   0|    8|          0|
    |output_66_load37_fu_484             |   8|   0|    8|          0|
    |output_67_load35_fu_480             |   8|   0|    8|          0|
    |output_68_load33_fu_476             |   8|   0|    8|          0|
    |output_69_load31_fu_472             |   8|   0|    8|          0|
    |output_6_load157_fu_724             |   8|   0|    8|          0|
    |output_70_load29_fu_468             |   8|   0|    8|          0|
    |output_71_load27_fu_464             |   8|   0|    8|          0|
    |output_72_load25_fu_460             |   8|   0|    8|          0|
    |output_73_load23_fu_456             |   8|   0|    8|          0|
    |output_74_load21_fu_452             |   8|   0|    8|          0|
    |output_75_load19_fu_448             |   8|   0|    8|          0|
    |output_76_load17_fu_444             |   8|   0|    8|          0|
    |output_77_load15_fu_440             |   8|   0|    8|          0|
    |output_78_load13_fu_436             |   8|   0|    8|          0|
    |output_79_load11_fu_432             |   8|   0|    8|          0|
    |output_7_load155_fu_720             |   8|   0|    8|          0|
    |output_80_load9_fu_428              |   8|   0|    8|          0|
    |output_81_load7_fu_424              |   8|   0|    8|          0|
    |output_82_load5_fu_420              |   8|   0|    8|          0|
    |output_83_load3_fu_416              |   8|   0|    8|          0|
    |output_84_load1_fu_412              |   1|   0|    1|          0|
    |output_8_load153_fu_716             |   8|   0|    8|          0|
    |output_9_load151_fu_712             |   8|   0|    8|          0|
    |output_load169_fu_748               |   1|   0|    1|          0|
    |select_ln56_reg_3662                |   7|   0|    7|          0|
    |select_ln56_reg_3662_pp0_iter1_reg  |   7|   0|    7|          0|
    +------------------------------------+----+----+-----+-----------+
    |Total                               | 717|   0|  717|          0|
    +------------------------------------+----+----+-----+-----------+



================================================================
== Interface
================================================================
* Summary: 
+--------------------+-----+-----+------------+----------------------------------------------------+--------------+
|      RTL Ports     | Dir | Bits|  Protocol  |                    Source Object                   |    C Type    |
+--------------------+-----+-----+------------+----------------------------------------------------+--------------+
|ap_clk              |   in|    1|  ap_ctrl_hs|  sobel_hls_Pipeline_VITIS_LOOP_56_7_VITIS_LOOP_57_8|  return value|
|ap_rst              |   in|    1|  ap_ctrl_hs|  sobel_hls_Pipeline_VITIS_LOOP_56_7_VITIS_LOOP_57_8|  return value|
|ap_start            |   in|    1|  ap_ctrl_hs|  sobel_hls_Pipeline_VITIS_LOOP_56_7_VITIS_LOOP_57_8|  return value|
|ap_done             |  out|    1|  ap_ctrl_hs|  sobel_hls_Pipeline_VITIS_LOOP_56_7_VITIS_LOOP_57_8|  return value|
|ap_idle             |  out|    1|  ap_ctrl_hs|  sobel_hls_Pipeline_VITIS_LOOP_56_7_VITIS_LOOP_57_8|  return value|
|ap_ready            |  out|    1|  ap_ctrl_hs|  sobel_hls_Pipeline_VITIS_LOOP_56_7_VITIS_LOOP_57_8|  return value|
|M_AXIS_TREADY       |   in|    1|        axis|                                     M_AXIS_V_data_V|       pointer|
|M_AXIS_TDATA        |  out|   32|        axis|                                     M_AXIS_V_data_V|       pointer|
|M_AXIS_TVALID       |  out|    1|        axis|                                     M_AXIS_V_last_V|       pointer|
|M_AXIS_TLAST        |  out|    1|        axis|                                     M_AXIS_V_last_V|       pointer|
|M_AXIS_TKEEP        |  out|    4|        axis|                                     M_AXIS_V_keep_V|       pointer|
|M_AXIS_TSTRB        |  out|    4|        axis|                                     M_AXIS_V_strb_V|       pointer|
|output_r_address0   |  out|    7|   ap_memory|                                            output_r|         array|
|output_r_ce0        |  out|    1|   ap_memory|                                            output_r|         array|
|output_r_q0         |   in|    1|   ap_memory|                                            output_r|         array|
|output_1_address0   |  out|    7|   ap_memory|                                            output_1|         array|
|output_1_ce0        |  out|    1|   ap_memory|                                            output_1|         array|
|output_1_q0         |   in|    8|   ap_memory|                                            output_1|         array|
|output_2_address0   |  out|    7|   ap_memory|                                            output_2|         array|
|output_2_ce0        |  out|    1|   ap_memory|                                            output_2|         array|
|output_2_q0         |   in|    8|   ap_memory|                                            output_2|         array|
|output_3_address0   |  out|    7|   ap_memory|                                            output_3|         array|
|output_3_ce0        |  out|    1|   ap_memory|                                            output_3|         array|
|output_3_q0         |   in|    8|   ap_memory|                                            output_3|         array|
|output_4_address0   |  out|    7|   ap_memory|                                            output_4|         array|
|output_4_ce0        |  out|    1|   ap_memory|                                            output_4|         array|
|output_4_q0         |   in|    8|   ap_memory|                                            output_4|         array|
|output_5_address0   |  out|    7|   ap_memory|                                            output_5|         array|
|output_5_ce0        |  out|    1|   ap_memory|                                            output_5|         array|
|output_5_q0         |   in|    8|   ap_memory|                                            output_5|         array|
|output_6_address0   |  out|    7|   ap_memory|                                            output_6|         array|
|output_6_ce0        |  out|    1|   ap_memory|                                            output_6|         array|
|output_6_q0         |   in|    8|   ap_memory|                                            output_6|         array|
|output_7_address0   |  out|    7|   ap_memory|                                            output_7|         array|
|output_7_ce0        |  out|    1|   ap_memory|                                            output_7|         array|
|output_7_q0         |   in|    8|   ap_memory|                                            output_7|         array|
|output_8_address0   |  out|    7|   ap_memory|                                            output_8|         array|
|output_8_ce0        |  out|    1|   ap_memory|                                            output_8|         array|
|output_8_q0         |   in|    8|   ap_memory|                                            output_8|         array|
|output_9_address0   |  out|    7|   ap_memory|                                            output_9|         array|
|output_9_ce0        |  out|    1|   ap_memory|                                            output_9|         array|
|output_9_q0         |   in|    8|   ap_memory|                                            output_9|         array|
|output_10_address0  |  out|    7|   ap_memory|                                           output_10|         array|
|output_10_ce0       |  out|    1|   ap_memory|                                           output_10|         array|
|output_10_q0        |   in|    8|   ap_memory|                                           output_10|         array|
|output_11_address0  |  out|    7|   ap_memory|                                           output_11|         array|
|output_11_ce0       |  out|    1|   ap_memory|                                           output_11|         array|
|output_11_q0        |   in|    8|   ap_memory|                                           output_11|         array|
|output_12_address0  |  out|    7|   ap_memory|                                           output_12|         array|
|output_12_ce0       |  out|    1|   ap_memory|                                           output_12|         array|
|output_12_q0        |   in|    8|   ap_memory|                                           output_12|         array|
|output_13_address0  |  out|    7|   ap_memory|                                           output_13|         array|
|output_13_ce0       |  out|    1|   ap_memory|                                           output_13|         array|
|output_13_q0        |   in|    8|   ap_memory|                                           output_13|         array|
|output_14_address0  |  out|    7|   ap_memory|                                           output_14|         array|
|output_14_ce0       |  out|    1|   ap_memory|                                           output_14|         array|
|output_14_q0        |   in|    8|   ap_memory|                                           output_14|         array|
|output_15_address0  |  out|    7|   ap_memory|                                           output_15|         array|
|output_15_ce0       |  out|    1|   ap_memory|                                           output_15|         array|
|output_15_q0        |   in|    8|   ap_memory|                                           output_15|         array|
|output_16_address0  |  out|    7|   ap_memory|                                           output_16|         array|
|output_16_ce0       |  out|    1|   ap_memory|                                           output_16|         array|
|output_16_q0        |   in|    8|   ap_memory|                                           output_16|         array|
|output_17_address0  |  out|    7|   ap_memory|                                           output_17|         array|
|output_17_ce0       |  out|    1|   ap_memory|                                           output_17|         array|
|output_17_q0        |   in|    8|   ap_memory|                                           output_17|         array|
|output_18_address0  |  out|    7|   ap_memory|                                           output_18|         array|
|output_18_ce0       |  out|    1|   ap_memory|                                           output_18|         array|
|output_18_q0        |   in|    8|   ap_memory|                                           output_18|         array|
|output_19_address0  |  out|    7|   ap_memory|                                           output_19|         array|
|output_19_ce0       |  out|    1|   ap_memory|                                           output_19|         array|
|output_19_q0        |   in|    8|   ap_memory|                                           output_19|         array|
|output_20_address0  |  out|    7|   ap_memory|                                           output_20|         array|
|output_20_ce0       |  out|    1|   ap_memory|                                           output_20|         array|
|output_20_q0        |   in|    8|   ap_memory|                                           output_20|         array|
|output_21_address0  |  out|    7|   ap_memory|                                           output_21|         array|
|output_21_ce0       |  out|    1|   ap_memory|                                           output_21|         array|
|output_21_q0        |   in|    8|   ap_memory|                                           output_21|         array|
|output_22_address0  |  out|    7|   ap_memory|                                           output_22|         array|
|output_22_ce0       |  out|    1|   ap_memory|                                           output_22|         array|
|output_22_q0        |   in|    8|   ap_memory|                                           output_22|         array|
|output_23_address0  |  out|    7|   ap_memory|                                           output_23|         array|
|output_23_ce0       |  out|    1|   ap_memory|                                           output_23|         array|
|output_23_q0        |   in|    8|   ap_memory|                                           output_23|         array|
|output_24_address0  |  out|    7|   ap_memory|                                           output_24|         array|
|output_24_ce0       |  out|    1|   ap_memory|                                           output_24|         array|
|output_24_q0        |   in|    8|   ap_memory|                                           output_24|         array|
|output_25_address0  |  out|    7|   ap_memory|                                           output_25|         array|
|output_25_ce0       |  out|    1|   ap_memory|                                           output_25|         array|
|output_25_q0        |   in|    8|   ap_memory|                                           output_25|         array|
|output_26_address0  |  out|    7|   ap_memory|                                           output_26|         array|
|output_26_ce0       |  out|    1|   ap_memory|                                           output_26|         array|
|output_26_q0        |   in|    8|   ap_memory|                                           output_26|         array|
|output_27_address0  |  out|    7|   ap_memory|                                           output_27|         array|
|output_27_ce0       |  out|    1|   ap_memory|                                           output_27|         array|
|output_27_q0        |   in|    8|   ap_memory|                                           output_27|         array|
|output_28_address0  |  out|    7|   ap_memory|                                           output_28|         array|
|output_28_ce0       |  out|    1|   ap_memory|                                           output_28|         array|
|output_28_q0        |   in|    8|   ap_memory|                                           output_28|         array|
|output_29_address0  |  out|    7|   ap_memory|                                           output_29|         array|
|output_29_ce0       |  out|    1|   ap_memory|                                           output_29|         array|
|output_29_q0        |   in|    8|   ap_memory|                                           output_29|         array|
|output_30_address0  |  out|    7|   ap_memory|                                           output_30|         array|
|output_30_ce0       |  out|    1|   ap_memory|                                           output_30|         array|
|output_30_q0        |   in|    8|   ap_memory|                                           output_30|         array|
|output_31_address0  |  out|    7|   ap_memory|                                           output_31|         array|
|output_31_ce0       |  out|    1|   ap_memory|                                           output_31|         array|
|output_31_q0        |   in|    8|   ap_memory|                                           output_31|         array|
|output_32_address0  |  out|    7|   ap_memory|                                           output_32|         array|
|output_32_ce0       |  out|    1|   ap_memory|                                           output_32|         array|
|output_32_q0        |   in|    8|   ap_memory|                                           output_32|         array|
|output_33_address0  |  out|    7|   ap_memory|                                           output_33|         array|
|output_33_ce0       |  out|    1|   ap_memory|                                           output_33|         array|
|output_33_q0        |   in|    8|   ap_memory|                                           output_33|         array|
|output_34_address0  |  out|    7|   ap_memory|                                           output_34|         array|
|output_34_ce0       |  out|    1|   ap_memory|                                           output_34|         array|
|output_34_q0        |   in|    8|   ap_memory|                                           output_34|         array|
|output_35_address0  |  out|    7|   ap_memory|                                           output_35|         array|
|output_35_ce0       |  out|    1|   ap_memory|                                           output_35|         array|
|output_35_q0        |   in|    8|   ap_memory|                                           output_35|         array|
|output_36_address0  |  out|    7|   ap_memory|                                           output_36|         array|
|output_36_ce0       |  out|    1|   ap_memory|                                           output_36|         array|
|output_36_q0        |   in|    8|   ap_memory|                                           output_36|         array|
|output_37_address0  |  out|    7|   ap_memory|                                           output_37|         array|
|output_37_ce0       |  out|    1|   ap_memory|                                           output_37|         array|
|output_37_q0        |   in|    8|   ap_memory|                                           output_37|         array|
|output_38_address0  |  out|    7|   ap_memory|                                           output_38|         array|
|output_38_ce0       |  out|    1|   ap_memory|                                           output_38|         array|
|output_38_q0        |   in|    8|   ap_memory|                                           output_38|         array|
|output_39_address0  |  out|    7|   ap_memory|                                           output_39|         array|
|output_39_ce0       |  out|    1|   ap_memory|                                           output_39|         array|
|output_39_q0        |   in|    8|   ap_memory|                                           output_39|         array|
|output_40_address0  |  out|    7|   ap_memory|                                           output_40|         array|
|output_40_ce0       |  out|    1|   ap_memory|                                           output_40|         array|
|output_40_q0        |   in|    8|   ap_memory|                                           output_40|         array|
|output_41_address0  |  out|    7|   ap_memory|                                           output_41|         array|
|output_41_ce0       |  out|    1|   ap_memory|                                           output_41|         array|
|output_41_q0        |   in|    8|   ap_memory|                                           output_41|         array|
|output_42_address0  |  out|    7|   ap_memory|                                           output_42|         array|
|output_42_ce0       |  out|    1|   ap_memory|                                           output_42|         array|
|output_42_q0        |   in|    8|   ap_memory|                                           output_42|         array|
|output_43_address0  |  out|    7|   ap_memory|                                           output_43|         array|
|output_43_ce0       |  out|    1|   ap_memory|                                           output_43|         array|
|output_43_q0        |   in|    8|   ap_memory|                                           output_43|         array|
|output_44_address0  |  out|    7|   ap_memory|                                           output_44|         array|
|output_44_ce0       |  out|    1|   ap_memory|                                           output_44|         array|
|output_44_q0        |   in|    8|   ap_memory|                                           output_44|         array|
|output_45_address0  |  out|    7|   ap_memory|                                           output_45|         array|
|output_45_ce0       |  out|    1|   ap_memory|                                           output_45|         array|
|output_45_q0        |   in|    8|   ap_memory|                                           output_45|         array|
|output_46_address0  |  out|    7|   ap_memory|                                           output_46|         array|
|output_46_ce0       |  out|    1|   ap_memory|                                           output_46|         array|
|output_46_q0        |   in|    8|   ap_memory|                                           output_46|         array|
|output_47_address0  |  out|    7|   ap_memory|                                           output_47|         array|
|output_47_ce0       |  out|    1|   ap_memory|                                           output_47|         array|
|output_47_q0        |   in|    8|   ap_memory|                                           output_47|         array|
|output_48_address0  |  out|    7|   ap_memory|                                           output_48|         array|
|output_48_ce0       |  out|    1|   ap_memory|                                           output_48|         array|
|output_48_q0        |   in|    8|   ap_memory|                                           output_48|         array|
|output_49_address0  |  out|    7|   ap_memory|                                           output_49|         array|
|output_49_ce0       |  out|    1|   ap_memory|                                           output_49|         array|
|output_49_q0        |   in|    8|   ap_memory|                                           output_49|         array|
|output_50_address0  |  out|    7|   ap_memory|                                           output_50|         array|
|output_50_ce0       |  out|    1|   ap_memory|                                           output_50|         array|
|output_50_q0        |   in|    8|   ap_memory|                                           output_50|         array|
|output_51_address0  |  out|    7|   ap_memory|                                           output_51|         array|
|output_51_ce0       |  out|    1|   ap_memory|                                           output_51|         array|
|output_51_q0        |   in|    8|   ap_memory|                                           output_51|         array|
|output_52_address0  |  out|    7|   ap_memory|                                           output_52|         array|
|output_52_ce0       |  out|    1|   ap_memory|                                           output_52|         array|
|output_52_q0        |   in|    8|   ap_memory|                                           output_52|         array|
|output_53_address0  |  out|    7|   ap_memory|                                           output_53|         array|
|output_53_ce0       |  out|    1|   ap_memory|                                           output_53|         array|
|output_53_q0        |   in|    8|   ap_memory|                                           output_53|         array|
|output_54_address0  |  out|    7|   ap_memory|                                           output_54|         array|
|output_54_ce0       |  out|    1|   ap_memory|                                           output_54|         array|
|output_54_q0        |   in|    8|   ap_memory|                                           output_54|         array|
|output_55_address0  |  out|    7|   ap_memory|                                           output_55|         array|
|output_55_ce0       |  out|    1|   ap_memory|                                           output_55|         array|
|output_55_q0        |   in|    8|   ap_memory|                                           output_55|         array|
|output_56_address0  |  out|    7|   ap_memory|                                           output_56|         array|
|output_56_ce0       |  out|    1|   ap_memory|                                           output_56|         array|
|output_56_q0        |   in|    8|   ap_memory|                                           output_56|         array|
|output_57_address0  |  out|    7|   ap_memory|                                           output_57|         array|
|output_57_ce0       |  out|    1|   ap_memory|                                           output_57|         array|
|output_57_q0        |   in|    8|   ap_memory|                                           output_57|         array|
|output_58_address0  |  out|    7|   ap_memory|                                           output_58|         array|
|output_58_ce0       |  out|    1|   ap_memory|                                           output_58|         array|
|output_58_q0        |   in|    8|   ap_memory|                                           output_58|         array|
|output_59_address0  |  out|    7|   ap_memory|                                           output_59|         array|
|output_59_ce0       |  out|    1|   ap_memory|                                           output_59|         array|
|output_59_q0        |   in|    8|   ap_memory|                                           output_59|         array|
|output_60_address0  |  out|    7|   ap_memory|                                           output_60|         array|
|output_60_ce0       |  out|    1|   ap_memory|                                           output_60|         array|
|output_60_q0        |   in|    8|   ap_memory|                                           output_60|         array|
|output_61_address0  |  out|    7|   ap_memory|                                           output_61|         array|
|output_61_ce0       |  out|    1|   ap_memory|                                           output_61|         array|
|output_61_q0        |   in|    8|   ap_memory|                                           output_61|         array|
|output_62_address0  |  out|    7|   ap_memory|                                           output_62|         array|
|output_62_ce0       |  out|    1|   ap_memory|                                           output_62|         array|
|output_62_q0        |   in|    8|   ap_memory|                                           output_62|         array|
|output_63_address0  |  out|    7|   ap_memory|                                           output_63|         array|
|output_63_ce0       |  out|    1|   ap_memory|                                           output_63|         array|
|output_63_q0        |   in|    8|   ap_memory|                                           output_63|         array|
|output_64_address0  |  out|    7|   ap_memory|                                           output_64|         array|
|output_64_ce0       |  out|    1|   ap_memory|                                           output_64|         array|
|output_64_q0        |   in|    8|   ap_memory|                                           output_64|         array|
|output_65_address0  |  out|    7|   ap_memory|                                           output_65|         array|
|output_65_ce0       |  out|    1|   ap_memory|                                           output_65|         array|
|output_65_q0        |   in|    8|   ap_memory|                                           output_65|         array|
|output_66_address0  |  out|    7|   ap_memory|                                           output_66|         array|
|output_66_ce0       |  out|    1|   ap_memory|                                           output_66|         array|
|output_66_q0        |   in|    8|   ap_memory|                                           output_66|         array|
|output_67_address0  |  out|    7|   ap_memory|                                           output_67|         array|
|output_67_ce0       |  out|    1|   ap_memory|                                           output_67|         array|
|output_67_q0        |   in|    8|   ap_memory|                                           output_67|         array|
|output_68_address0  |  out|    7|   ap_memory|                                           output_68|         array|
|output_68_ce0       |  out|    1|   ap_memory|                                           output_68|         array|
|output_68_q0        |   in|    8|   ap_memory|                                           output_68|         array|
|output_69_address0  |  out|    7|   ap_memory|                                           output_69|         array|
|output_69_ce0       |  out|    1|   ap_memory|                                           output_69|         array|
|output_69_q0        |   in|    8|   ap_memory|                                           output_69|         array|
|output_70_address0  |  out|    7|   ap_memory|                                           output_70|         array|
|output_70_ce0       |  out|    1|   ap_memory|                                           output_70|         array|
|output_70_q0        |   in|    8|   ap_memory|                                           output_70|         array|
|output_71_address0  |  out|    7|   ap_memory|                                           output_71|         array|
|output_71_ce0       |  out|    1|   ap_memory|                                           output_71|         array|
|output_71_q0        |   in|    8|   ap_memory|                                           output_71|         array|
|output_72_address0  |  out|    7|   ap_memory|                                           output_72|         array|
|output_72_ce0       |  out|    1|   ap_memory|                                           output_72|         array|
|output_72_q0        |   in|    8|   ap_memory|                                           output_72|         array|
|output_73_address0  |  out|    7|   ap_memory|                                           output_73|         array|
|output_73_ce0       |  out|    1|   ap_memory|                                           output_73|         array|
|output_73_q0        |   in|    8|   ap_memory|                                           output_73|         array|
|output_74_address0  |  out|    7|   ap_memory|                                           output_74|         array|
|output_74_ce0       |  out|    1|   ap_memory|                                           output_74|         array|
|output_74_q0        |   in|    8|   ap_memory|                                           output_74|         array|
|output_75_address0  |  out|    7|   ap_memory|                                           output_75|         array|
|output_75_ce0       |  out|    1|   ap_memory|                                           output_75|         array|
|output_75_q0        |   in|    8|   ap_memory|                                           output_75|         array|
|output_76_address0  |  out|    7|   ap_memory|                                           output_76|         array|
|output_76_ce0       |  out|    1|   ap_memory|                                           output_76|         array|
|output_76_q0        |   in|    8|   ap_memory|                                           output_76|         array|
|output_77_address0  |  out|    7|   ap_memory|                                           output_77|         array|
|output_77_ce0       |  out|    1|   ap_memory|                                           output_77|         array|
|output_77_q0        |   in|    8|   ap_memory|                                           output_77|         array|
|output_78_address0  |  out|    7|   ap_memory|                                           output_78|         array|
|output_78_ce0       |  out|    1|   ap_memory|                                           output_78|         array|
|output_78_q0        |   in|    8|   ap_memory|                                           output_78|         array|
|output_79_address0  |  out|    7|   ap_memory|                                           output_79|         array|
|output_79_ce0       |  out|    1|   ap_memory|                                           output_79|         array|
|output_79_q0        |   in|    8|   ap_memory|                                           output_79|         array|
|output_80_address0  |  out|    7|   ap_memory|                                           output_80|         array|
|output_80_ce0       |  out|    1|   ap_memory|                                           output_80|         array|
|output_80_q0        |   in|    8|   ap_memory|                                           output_80|         array|
|output_81_address0  |  out|    7|   ap_memory|                                           output_81|         array|
|output_81_ce0       |  out|    1|   ap_memory|                                           output_81|         array|
|output_81_q0        |   in|    8|   ap_memory|                                           output_81|         array|
|output_82_address0  |  out|    7|   ap_memory|                                           output_82|         array|
|output_82_ce0       |  out|    1|   ap_memory|                                           output_82|         array|
|output_82_q0        |   in|    8|   ap_memory|                                           output_82|         array|
|output_83_address0  |  out|    7|   ap_memory|                                           output_83|         array|
|output_83_ce0       |  out|    1|   ap_memory|                                           output_83|         array|
|output_83_q0        |   in|    8|   ap_memory|                                           output_83|         array|
|output_84_address0  |  out|    7|   ap_memory|                                           output_84|         array|
|output_84_ce0       |  out|    1|   ap_memory|                                           output_84|         array|
|output_84_q0        |   in|    1|   ap_memory|                                           output_84|         array|
+--------------------+-----+-----+------------+----------------------------------------------------+--------------+

