

================================================================
== Vitis HLS Report for 'sobel_hls_Pipeline_VITIS_LOOP_32_1_VITIS_LOOP_33_2'
================================================================
* Date:           Thu Nov  7 18:22:54 2024

* Version:        2023.2 (Build 4023990 on Oct 11 2023)
* Project:        sobel_hls
* Solution:       hls (Vivado IP Flow Target)
* Product family: zynquplus
* Target device:  xck26-sfvc784-2LV-c


================================================================
== Performance Estimates
================================================================
+ Timing: 
    * Summary: 
    +--------+----------+----------+------------+
    |  Clock |  Target  | Estimated| Uncertainty|
    +--------+----------+----------+------------+
    |ap_clk  |  10.00 ns|  3.504 ns|     2.70 ns|
    +--------+----------+----------+------------+

+ Latency: 
    * Summary: 
    +---------+---------+----------+----------+-------+-------+---------+
    |  Latency (cycles) |  Latency (absolute) |    Interval   | Pipeline|
    |   min   |   max   |    min   |    max   |  min  |  max  |   Type  |
    +---------+---------+----------+----------+-------+-------+---------+
    |    65549|    65549|  0.655 ms|  0.655 ms|  65549|  65549|       no|
    +---------+---------+----------+----------+-------+-------+---------+

    + Detail: 
        * Instance: 
        N/A

        * Loop: 
        +-----------------------------------+---------+---------+----------+-----------+-----------+-------+----------+
        |                                   |  Latency (cycles) | Iteration|  Initiation Interval  |  Trip |          |
        |             Loop Name             |   min   |   max   |  Latency |  achieved |   target  | Count | Pipelined|
        +-----------------------------------+---------+---------+----------+-----------+-----------+-------+----------+
        |- VITIS_LOOP_32_1_VITIS_LOOP_33_2  |    65547|    65547|        13|          1|          1|  65536|       yes|
        +-----------------------------------+---------+---------+----------+-----------+-----------+-------+----------+



================================================================
== Utilization Estimates
================================================================
* Summary: 
+-----------------+---------+------+--------+--------+-----+
|       Name      | BRAM_18K|  DSP |   FF   |   LUT  | URAM|
+-----------------+---------+------+--------+--------+-----+
|DSP              |        -|     -|       -|       -|    -|
|Expression       |        -|     -|       0|     122|    -|
|FIFO             |        -|     -|       -|       -|    -|
|Instance         |        -|     1|     235|     155|    -|
|Memory           |        -|     -|       -|       -|    -|
|Multiplexer      |        -|     -|       -|      63|    -|
|Register         |        -|     -|     340|     128|    -|
+-----------------+---------+------+--------+--------+-----+
|Total            |        0|     1|     575|     468|    0|
+-----------------+---------+------+--------+--------+-----+
|Available        |      288|  1248|  234240|  117120|   64|
+-----------------+---------+------+--------+--------+-----+
|Utilization (%)  |        0|    ~0|      ~0|      ~0|    0|
+-----------------+---------+------+--------+--------+-----+

+ Detail: 
    * Instance: 
    +------------------------+---------------------+---------+----+-----+-----+-----+
    |        Instance        |        Module       | BRAM_18K| DSP|  FF | LUT | URAM|
    +------------------------+---------------------+---------+----+-----+-----+-----+
    |mul_9ns_11ns_19_1_1_U1  |mul_9ns_11ns_19_1_1  |        0|   1|    0|    5|    0|
    |urem_9ns_3ns_2_13_1_U2  |urem_9ns_3ns_2_13_1  |        0|   0|  235|  150|    0|
    +------------------------+---------------------+---------+----+-----+-----+-----+
    |Total                   |                     |        0|   1|  235|  155|    0|
    +------------------------+---------------------+---------+----+-----+-----+-----+

    * DSP: 
    N/A

    * Memory: 
    N/A

    * FIFO: 
    N/A

    * Expression: 
    +----------------------------------+----------+----+---+----+------------+------------+
    |           Variable Name          | Operation| DSP| FF| LUT| Bitwidth P0| Bitwidth P1|
    +----------------------------------+----------+----+---+----+------------+------------+
    |add_ln32_1_fu_874_p2              |         +|   0|  0|  24|          17|           1|
    |add_ln32_fu_886_p2                |         +|   0|  0|  16|           9|           1|
    |add_ln33_fu_962_p2                |         +|   0|  0|  16|           9|           1|
    |ap_block_pp0_stage0_11001         |       and|   0|  0|   2|           1|           1|
    |ap_block_state2_pp0_stage0_iter1  |       and|   0|  0|   2|           1|           1|
    |icmp_ln32_fu_868_p2               |      icmp|   0|  0|  25|          17|          18|
    |icmp_ln33_fu_892_p2               |      icmp|   0|  0|  17|           9|          10|
    |select_ln32_1_fu_906_p3           |    select|   0|  0|   9|           1|           9|
    |select_ln32_fu_898_p3             |    select|   0|  0|   9|           1|           1|
    |ap_enable_pp0                     |       xor|   0|  0|   2|           1|           2|
    +----------------------------------+----------+----+---+----+------------+------------+
    |Total                             |          |   0|  0| 122|          66|          45|
    +----------------------------------+----------+----+---+----+------------+------------+

    * Multiplexer: 
    +-------------------------+----+-----------+-----+-----------+
    |           Name          | LUT| Input Size| Bits| Total Bits|
    +-------------------------+----+-----------+-----+-----------+
    |S_AXIS_TDATA_blk_n       |   9|          2|    1|          2|
    |ap_done_int              |   9|          2|    1|          2|
    |ap_enable_reg_pp0_iter1  |   9|          2|    1|          2|
    |ap_enable_reg_pp0_iter2  |   9|          2|    1|          2|
    |i_fu_206                 |   9|          2|    9|         18|
    |indvar_flatten_fu_210    |   9|          2|   17|         34|
    |j_fu_202                 |   9|          2|    9|         18|
    +-------------------------+----+-----------+-----+-----------+
    |Total                    |  63|         14|   39|         78|
    +-------------------------+----+-----------+-----+-----------+

    * Register: 
    +-----------------------------------+----+----+-----+-----------+
    |                Name               | FF | LUT| Bits| Const Bits|
    +-----------------------------------+----+----+-----+-----------+
    |ap_CS_fsm                          |   1|   0|    1|          0|
    |ap_done_reg                        |   1|   0|    1|          0|
    |ap_enable_reg_pp0_iter1            |   1|   0|    1|          0|
    |ap_enable_reg_pp0_iter10           |   1|   0|    1|          0|
    |ap_enable_reg_pp0_iter11           |   1|   0|    1|          0|
    |ap_enable_reg_pp0_iter12           |   1|   0|    1|          0|
    |ap_enable_reg_pp0_iter13           |   1|   0|    1|          0|
    |ap_enable_reg_pp0_iter2            |   1|   0|    1|          0|
    |ap_enable_reg_pp0_iter3            |   1|   0|    1|          0|
    |ap_enable_reg_pp0_iter4            |   1|   0|    1|          0|
    |ap_enable_reg_pp0_iter5            |   1|   0|    1|          0|
    |ap_enable_reg_pp0_iter6            |   1|   0|    1|          0|
    |ap_enable_reg_pp0_iter7            |   1|   0|    1|          0|
    |ap_enable_reg_pp0_iter8            |   1|   0|    1|          0|
    |ap_enable_reg_pp0_iter9            |   1|   0|    1|          0|
    |ap_loop_exit_ready_pp0_iter10_reg  |   1|   0|    1|          0|
    |ap_loop_exit_ready_pp0_iter11_reg  |   1|   0|    1|          0|
    |ap_loop_exit_ready_pp0_iter12_reg  |   1|   0|    1|          0|
    |ap_loop_exit_ready_pp0_iter2_reg   |   1|   0|    1|          0|
    |ap_loop_exit_ready_pp0_iter3_reg   |   1|   0|    1|          0|
    |ap_loop_exit_ready_pp0_iter4_reg   |   1|   0|    1|          0|
    |ap_loop_exit_ready_pp0_iter5_reg   |   1|   0|    1|          0|
    |ap_loop_exit_ready_pp0_iter6_reg   |   1|   0|    1|          0|
    |ap_loop_exit_ready_pp0_iter7_reg   |   1|   0|    1|          0|
    |ap_loop_exit_ready_pp0_iter8_reg   |   1|   0|    1|          0|
    |ap_loop_exit_ready_pp0_iter9_reg   |   1|   0|    1|          0|
    |i_fu_206                           |   9|   0|    9|          0|
    |indvar_flatten_fu_210              |  17|   0|   17|          0|
    |j_fu_202                           |   9|   0|    9|          0|
    |tmp_136_cast_reg_1075              |   7|   0|    7|          0|
    |trunc_ln1_reg_1085                 |   4|   0|    4|          0|
    |trunc_ln33_reg_1080                |   4|   0|    4|          0|
    |trunc_ln35_reg_1089                |   8|   0|    8|          0|
    |tmp_136_cast_reg_1075              |  64|  32|    7|          0|
    |trunc_ln1_reg_1085                 |  64|  32|    4|          0|
    |trunc_ln33_reg_1080                |  64|  32|    4|          0|
    |trunc_ln35_reg_1089                |  64|  32|    8|          0|
    +-----------------------------------+----+----+-----+-----------+
    |Total                              | 340| 128|  107|          0|
    +-----------------------------------+----+----+-----+-----------+



================================================================
== Interface
================================================================
* Summary: 
+-------------------+-----+-----+------------+----------------------------------------------------+--------------+
|     RTL Ports     | Dir | Bits|  Protocol  |                    Source Object                   |    C Type    |
+-------------------+-----+-----+------------+----------------------------------------------------+--------------+
|ap_clk             |   in|    1|  ap_ctrl_hs|  sobel_hls_Pipeline_VITIS_LOOP_32_1_VITIS_LOOP_33_2|  return value|
|ap_rst             |   in|    1|  ap_ctrl_hs|  sobel_hls_Pipeline_VITIS_LOOP_32_1_VITIS_LOOP_33_2|  return value|
|ap_start           |   in|    1|  ap_ctrl_hs|  sobel_hls_Pipeline_VITIS_LOOP_32_1_VITIS_LOOP_33_2|  return value|
|ap_done            |  out|    1|  ap_ctrl_hs|  sobel_hls_Pipeline_VITIS_LOOP_32_1_VITIS_LOOP_33_2|  return value|
|ap_idle            |  out|    1|  ap_ctrl_hs|  sobel_hls_Pipeline_VITIS_LOOP_32_1_VITIS_LOOP_33_2|  return value|
|ap_ready           |  out|    1|  ap_ctrl_hs|  sobel_hls_Pipeline_VITIS_LOOP_32_1_VITIS_LOOP_33_2|  return value|
|S_AXIS_TVALID      |   in|    1|        axis|                                     S_AXIS_V_data_V|       pointer|
|S_AXIS_TDATA       |   in|   32|        axis|                                     S_AXIS_V_data_V|       pointer|
|frame_address0     |  out|   11|   ap_memory|                                               frame|         array|
|frame_ce0          |  out|    1|   ap_memory|                                               frame|         array|
|frame_we0          |  out|    1|   ap_memory|                                               frame|         array|
|frame_d0           |  out|    8|   ap_memory|                                               frame|         array|
|frame_1_address0   |  out|   11|   ap_memory|                                             frame_1|         array|
|frame_1_ce0        |  out|    1|   ap_memory|                                             frame_1|         array|
|frame_1_we0        |  out|    1|   ap_memory|                                             frame_1|         array|
|frame_1_d0         |  out|    8|   ap_memory|                                             frame_1|         array|
|frame_2_address0   |  out|   11|   ap_memory|                                             frame_2|         array|
|frame_2_ce0        |  out|    1|   ap_memory|                                             frame_2|         array|
|frame_2_we0        |  out|    1|   ap_memory|                                             frame_2|         array|
|frame_2_d0         |  out|    8|   ap_memory|                                             frame_2|         array|
|frame_3_address0   |  out|   11|   ap_memory|                                             frame_3|         array|
|frame_3_ce0        |  out|    1|   ap_memory|                                             frame_3|         array|
|frame_3_we0        |  out|    1|   ap_memory|                                             frame_3|         array|
|frame_3_d0         |  out|    8|   ap_memory|                                             frame_3|         array|
|frame_4_address0   |  out|   11|   ap_memory|                                             frame_4|         array|
|frame_4_ce0        |  out|    1|   ap_memory|                                             frame_4|         array|
|frame_4_we0        |  out|    1|   ap_memory|                                             frame_4|         array|
|frame_4_d0         |  out|    8|   ap_memory|                                             frame_4|         array|
|frame_5_address0   |  out|   11|   ap_memory|                                             frame_5|         array|
|frame_5_ce0        |  out|    1|   ap_memory|                                             frame_5|         array|
|frame_5_we0        |  out|    1|   ap_memory|                                             frame_5|         array|
|frame_5_d0         |  out|    8|   ap_memory|                                             frame_5|         array|
|frame_6_address0   |  out|   11|   ap_memory|                                             frame_6|         array|
|frame_6_ce0        |  out|    1|   ap_memory|                                             frame_6|         array|
|frame_6_we0        |  out|    1|   ap_memory|                                             frame_6|         array|
|frame_6_d0         |  out|    8|   ap_memory|                                             frame_6|         array|
|frame_7_address0   |  out|   11|   ap_memory|                                             frame_7|         array|
|frame_7_ce0        |  out|    1|   ap_memory|                                             frame_7|         array|
|frame_7_we0        |  out|    1|   ap_memory|                                             frame_7|         array|
|frame_7_d0         |  out|    8|   ap_memory|                                             frame_7|         array|
|frame_8_address0   |  out|   11|   ap_memory|                                             frame_8|         array|
|frame_8_ce0        |  out|    1|   ap_memory|                                             frame_8|         array|
|frame_8_we0        |  out|    1|   ap_memory|                                             frame_8|         array|
|frame_8_d0         |  out|    8|   ap_memory|                                             frame_8|         array|
|frame_9_address0   |  out|   11|   ap_memory|                                             frame_9|         array|
|frame_9_ce0        |  out|    1|   ap_memory|                                             frame_9|         array|
|frame_9_we0        |  out|    1|   ap_memory|                                             frame_9|         array|
|frame_9_d0         |  out|    8|   ap_memory|                                             frame_9|         array|
|frame_10_address0  |  out|   11|   ap_memory|                                            frame_10|         array|
|frame_10_ce0       |  out|    1|   ap_memory|                                            frame_10|         array|
|frame_10_we0       |  out|    1|   ap_memory|                                            frame_10|         array|
|frame_10_d0        |  out|    8|   ap_memory|                                            frame_10|         array|
|frame_11_address0  |  out|   11|   ap_memory|                                            frame_11|         array|
|frame_11_ce0       |  out|    1|   ap_memory|                                            frame_11|         array|
|frame_11_we0       |  out|    1|   ap_memory|                                            frame_11|         array|
|frame_11_d0        |  out|    8|   ap_memory|                                            frame_11|         array|
|frame_12_address0  |  out|   11|   ap_memory|                                            frame_12|         array|
|frame_12_ce0       |  out|    1|   ap_memory|                                            frame_12|         array|
|frame_12_we0       |  out|    1|   ap_memory|                                            frame_12|         array|
|frame_12_d0        |  out|    8|   ap_memory|                                            frame_12|         array|
|frame_13_address0  |  out|   11|   ap_memory|                                            frame_13|         array|
|frame_13_ce0       |  out|    1|   ap_memory|                                            frame_13|         array|
|frame_13_we0       |  out|    1|   ap_memory|                                            frame_13|         array|
|frame_13_d0        |  out|    8|   ap_memory|                                            frame_13|         array|
|frame_14_address0  |  out|   11|   ap_memory|                                            frame_14|         array|
|frame_14_ce0       |  out|    1|   ap_memory|                                            frame_14|         array|
|frame_14_we0       |  out|    1|   ap_memory|                                            frame_14|         array|
|frame_14_d0        |  out|    8|   ap_memory|                                            frame_14|         array|
|frame_15_address0  |  out|   11|   ap_memory|                                            frame_15|         array|
|frame_15_ce0       |  out|    1|   ap_memory|                                            frame_15|         array|
|frame_15_we0       |  out|    1|   ap_memory|                                            frame_15|         array|
|frame_15_d0        |  out|    8|   ap_memory|                                            frame_15|         array|
|frame_16_address0  |  out|   11|   ap_memory|                                            frame_16|         array|
|frame_16_ce0       |  out|    1|   ap_memory|                                            frame_16|         array|
|frame_16_we0       |  out|    1|   ap_memory|                                            frame_16|         array|
|frame_16_d0        |  out|    8|   ap_memory|                                            frame_16|         array|
|frame_17_address0  |  out|   11|   ap_memory|                                            frame_17|         array|
|frame_17_ce0       |  out|    1|   ap_memory|                                            frame_17|         array|
|frame_17_we0       |  out|    1|   ap_memory|                                            frame_17|         array|
|frame_17_d0        |  out|    8|   ap_memory|                                            frame_17|         array|
|frame_18_address0  |  out|   11|   ap_memory|                                            frame_18|         array|
|frame_18_ce0       |  out|    1|   ap_memory|                                            frame_18|         array|
|frame_18_we0       |  out|    1|   ap_memory|                                            frame_18|         array|
|frame_18_d0        |  out|    8|   ap_memory|                                            frame_18|         array|
|frame_19_address0  |  out|   11|   ap_memory|                                            frame_19|         array|
|frame_19_ce0       |  out|    1|   ap_memory|                                            frame_19|         array|
|frame_19_we0       |  out|    1|   ap_memory|                                            frame_19|         array|
|frame_19_d0        |  out|    8|   ap_memory|                                            frame_19|         array|
|frame_20_address0  |  out|   11|   ap_memory|                                            frame_20|         array|
|frame_20_ce0       |  out|    1|   ap_memory|                                            frame_20|         array|
|frame_20_we0       |  out|    1|   ap_memory|                                            frame_20|         array|
|frame_20_d0        |  out|    8|   ap_memory|                                            frame_20|         array|
|frame_21_address0  |  out|   11|   ap_memory|                                            frame_21|         array|
|frame_21_ce0       |  out|    1|   ap_memory|                                            frame_21|         array|
|frame_21_we0       |  out|    1|   ap_memory|                                            frame_21|         array|
|frame_21_d0        |  out|    8|   ap_memory|                                            frame_21|         array|
|frame_22_address0  |  out|   11|   ap_memory|                                            frame_22|         array|
|frame_22_ce0       |  out|    1|   ap_memory|                                            frame_22|         array|
|frame_22_we0       |  out|    1|   ap_memory|                                            frame_22|         array|
|frame_22_d0        |  out|    8|   ap_memory|                                            frame_22|         array|
|frame_23_address0  |  out|   11|   ap_memory|                                            frame_23|         array|
|frame_23_ce0       |  out|    1|   ap_memory|                                            frame_23|         array|
|frame_23_we0       |  out|    1|   ap_memory|                                            frame_23|         array|
|frame_23_d0        |  out|    8|   ap_memory|                                            frame_23|         array|
|frame_24_address0  |  out|   11|   ap_memory|                                            frame_24|         array|
|frame_24_ce0       |  out|    1|   ap_memory|                                            frame_24|         array|
|frame_24_we0       |  out|    1|   ap_memory|                                            frame_24|         array|
|frame_24_d0        |  out|    8|   ap_memory|                                            frame_24|         array|
|frame_25_address0  |  out|   11|   ap_memory|                                            frame_25|         array|
|frame_25_ce0       |  out|    1|   ap_memory|                                            frame_25|         array|
|frame_25_we0       |  out|    1|   ap_memory|                                            frame_25|         array|
|frame_25_d0        |  out|    8|   ap_memory|                                            frame_25|         array|
|frame_26_address0  |  out|   11|   ap_memory|                                            frame_26|         array|
|frame_26_ce0       |  out|    1|   ap_memory|                                            frame_26|         array|
|frame_26_we0       |  out|    1|   ap_memory|                                            frame_26|         array|
|frame_26_d0        |  out|    8|   ap_memory|                                            frame_26|         array|
|frame_27_address0  |  out|   11|   ap_memory|                                            frame_27|         array|
|frame_27_ce0       |  out|    1|   ap_memory|                                            frame_27|         array|
|frame_27_we0       |  out|    1|   ap_memory|                                            frame_27|         array|
|frame_27_d0        |  out|    8|   ap_memory|                                            frame_27|         array|
|frame_28_address0  |  out|   11|   ap_memory|                                            frame_28|         array|
|frame_28_ce0       |  out|    1|   ap_memory|                                            frame_28|         array|
|frame_28_we0       |  out|    1|   ap_memory|                                            frame_28|         array|
|frame_28_d0        |  out|    8|   ap_memory|                                            frame_28|         array|
|frame_29_address0  |  out|   11|   ap_memory|                                            frame_29|         array|
|frame_29_ce0       |  out|    1|   ap_memory|                                            frame_29|         array|
|frame_29_we0       |  out|    1|   ap_memory|                                            frame_29|         array|
|frame_29_d0        |  out|    8|   ap_memory|                                            frame_29|         array|
|frame_30_address0  |  out|   11|   ap_memory|                                            frame_30|         array|
|frame_30_ce0       |  out|    1|   ap_memory|                                            frame_30|         array|
|frame_30_we0       |  out|    1|   ap_memory|                                            frame_30|         array|
|frame_30_d0        |  out|    8|   ap_memory|                                            frame_30|         array|
|frame_31_address0  |  out|   11|   ap_memory|                                            frame_31|         array|
|frame_31_ce0       |  out|    1|   ap_memory|                                            frame_31|         array|
|frame_31_we0       |  out|    1|   ap_memory|                                            frame_31|         array|
|frame_31_d0        |  out|    8|   ap_memory|                                            frame_31|         array|
|frame_32_address0  |  out|   11|   ap_memory|                                            frame_32|         array|
|frame_32_ce0       |  out|    1|   ap_memory|                                            frame_32|         array|
|frame_32_we0       |  out|    1|   ap_memory|                                            frame_32|         array|
|frame_32_d0        |  out|    8|   ap_memory|                                            frame_32|         array|
|frame_33_address0  |  out|   11|   ap_memory|                                            frame_33|         array|
|frame_33_ce0       |  out|    1|   ap_memory|                                            frame_33|         array|
|frame_33_we0       |  out|    1|   ap_memory|                                            frame_33|         array|
|frame_33_d0        |  out|    8|   ap_memory|                                            frame_33|         array|
|frame_34_address0  |  out|   11|   ap_memory|                                            frame_34|         array|
|frame_34_ce0       |  out|    1|   ap_memory|                                            frame_34|         array|
|frame_34_we0       |  out|    1|   ap_memory|                                            frame_34|         array|
|frame_34_d0        |  out|    8|   ap_memory|                                            frame_34|         array|
|frame_35_address0  |  out|   11|   ap_memory|                                            frame_35|         array|
|frame_35_ce0       |  out|    1|   ap_memory|                                            frame_35|         array|
|frame_35_we0       |  out|    1|   ap_memory|                                            frame_35|         array|
|frame_35_d0        |  out|    8|   ap_memory|                                            frame_35|         array|
|frame_36_address0  |  out|   11|   ap_memory|                                            frame_36|         array|
|frame_36_ce0       |  out|    1|   ap_memory|                                            frame_36|         array|
|frame_36_we0       |  out|    1|   ap_memory|                                            frame_36|         array|
|frame_36_d0        |  out|    8|   ap_memory|                                            frame_36|         array|
|frame_37_address0  |  out|   11|   ap_memory|                                            frame_37|         array|
|frame_37_ce0       |  out|    1|   ap_memory|                                            frame_37|         array|
|frame_37_we0       |  out|    1|   ap_memory|                                            frame_37|         array|
|frame_37_d0        |  out|    8|   ap_memory|                                            frame_37|         array|
|frame_38_address0  |  out|   11|   ap_memory|                                            frame_38|         array|
|frame_38_ce0       |  out|    1|   ap_memory|                                            frame_38|         array|
|frame_38_we0       |  out|    1|   ap_memory|                                            frame_38|         array|
|frame_38_d0        |  out|    8|   ap_memory|                                            frame_38|         array|
|frame_39_address0  |  out|   11|   ap_memory|                                            frame_39|         array|
|frame_39_ce0       |  out|    1|   ap_memory|                                            frame_39|         array|
|frame_39_we0       |  out|    1|   ap_memory|                                            frame_39|         array|
|frame_39_d0        |  out|    8|   ap_memory|                                            frame_39|         array|
|frame_40_address0  |  out|   11|   ap_memory|                                            frame_40|         array|
|frame_40_ce0       |  out|    1|   ap_memory|                                            frame_40|         array|
|frame_40_we0       |  out|    1|   ap_memory|                                            frame_40|         array|
|frame_40_d0        |  out|    8|   ap_memory|                                            frame_40|         array|
|frame_41_address0  |  out|   11|   ap_memory|                                            frame_41|         array|
|frame_41_ce0       |  out|    1|   ap_memory|                                            frame_41|         array|
|frame_41_we0       |  out|    1|   ap_memory|                                            frame_41|         array|
|frame_41_d0        |  out|    8|   ap_memory|                                            frame_41|         array|
|frame_42_address0  |  out|   11|   ap_memory|                                            frame_42|         array|
|frame_42_ce0       |  out|    1|   ap_memory|                                            frame_42|         array|
|frame_42_we0       |  out|    1|   ap_memory|                                            frame_42|         array|
|frame_42_d0        |  out|    8|   ap_memory|                                            frame_42|         array|
|frame_43_address0  |  out|   11|   ap_memory|                                            frame_43|         array|
|frame_43_ce0       |  out|    1|   ap_memory|                                            frame_43|         array|
|frame_43_we0       |  out|    1|   ap_memory|                                            frame_43|         array|
|frame_43_d0        |  out|    8|   ap_memory|                                            frame_43|         array|
|frame_44_address0  |  out|   11|   ap_memory|                                            frame_44|         array|
|frame_44_ce0       |  out|    1|   ap_memory|                                            frame_44|         array|
|frame_44_we0       |  out|    1|   ap_memory|                                            frame_44|         array|
|frame_44_d0        |  out|    8|   ap_memory|                                            frame_44|         array|
|frame_45_address0  |  out|   11|   ap_memory|                                            frame_45|         array|
|frame_45_ce0       |  out|    1|   ap_memory|                                            frame_45|         array|
|frame_45_we0       |  out|    1|   ap_memory|                                            frame_45|         array|
|frame_45_d0        |  out|    8|   ap_memory|                                            frame_45|         array|
|frame_46_address0  |  out|   11|   ap_memory|                                            frame_46|         array|
|frame_46_ce0       |  out|    1|   ap_memory|                                            frame_46|         array|
|frame_46_we0       |  out|    1|   ap_memory|                                            frame_46|         array|
|frame_46_d0        |  out|    8|   ap_memory|                                            frame_46|         array|
|frame_47_address0  |  out|   11|   ap_memory|                                            frame_47|         array|
|frame_47_ce0       |  out|    1|   ap_memory|                                            frame_47|         array|
|frame_47_we0       |  out|    1|   ap_memory|                                            frame_47|         array|
|frame_47_d0        |  out|    8|   ap_memory|                                            frame_47|         array|
|S_AXIS_TREADY      |  out|    1|        axis|                                     S_AXIS_V_last_V|       pointer|
|S_AXIS_TLAST       |   in|    1|        axis|                                     S_AXIS_V_last_V|       pointer|
|S_AXIS_TKEEP       |   in|    4|        axis|                                     S_AXIS_V_keep_V|       pointer|
|S_AXIS_TSTRB       |   in|    4|        axis|                                     S_AXIS_V_strb_V|       pointer|
+-------------------+-----+-----+------------+----------------------------------------------------+--------------+

