

================================================================
== Vitis HLS Report for 'sobel_hls'
================================================================
* Date:           Thu Nov  7 18:22:57 2024

* Version:        2023.2 (Build 4023990 on Oct 11 2023)
* Project:        sobel_hls
* Solution:       hls (Vivado IP Flow Target)
* Product family: zynquplus
* Target device:  xck26-sfvc784-2LV-c


================================================================
== Performance Estimates
================================================================
+ Timing: 
    * Summary: 
    +--------+----------+----------+------------+
    |  Clock |  Target  | Estimated| Uncertainty|
    +--------+----------+----------+------------+
    |ap_clk  |  10.00 ns|  6.654 ns|     2.70 ns|
    +--------+----------+----------+------------+

+ Latency: 
    * Summary: 
    +---------+---------+----------+----------+--------+--------+---------+
    |  Latency (cycles) |  Latency (absolute) |     Interval    | Pipeline|
    |   min   |   max   |    min   |    max   |   min  |   max  |   Type  |
    +---------+---------+----------+----------+--------+--------+---------+
    |   195625|   195625|  1.956 ms|  1.956 ms|  195626|  195626|       no|
    +---------+---------+----------+----------+--------+--------+---------+

    + Detail: 
        * Instance: 
        +---------------------------------------------------------------+----------------------------------------------------+---------+---------+----------+----------+-------+-------+---------+
        |                                                               |                                                    |  Latency (cycles) |  Latency (absolute) |    Interval   | Pipeline|
        |                            Instance                           |                       Module                       |   min   |   max   |    min   |    max   |  min  |  max  |   Type  |
        +---------------------------------------------------------------+----------------------------------------------------+---------+---------+----------+----------+-------+-------+---------+
        |grp_sobel_hls_Pipeline_VITIS_LOOP_32_1_VITIS_LOOP_33_2_fu_312  |sobel_hls_Pipeline_VITIS_LOOP_32_1_VITIS_LOOP_33_2  |    65549|    65549|  0.655 ms|  0.655 ms|  65549|  65549|       no|
        |grp_sobel_hls_Pipeline_VITIS_LOOP_40_3_VITIS_LOOP_41_4_fu_372  |sobel_hls_Pipeline_VITIS_LOOP_40_3_VITIS_LOOP_41_4  |    64531|    64531|  0.645 ms|  0.645 ms|  64531|  64531|       no|
        |grp_sobel_hls_Pipeline_VITIS_LOOP_55_7_VITIS_LOOP_56_8_fu_440  |sobel_hls_Pipeline_VITIS_LOOP_55_7_VITIS_LOOP_56_8  |    65538|    65538|  0.655 ms|  0.655 ms|  65538|  65538|       no|
        +---------------------------------------------------------------+----------------------------------------------------+---------+---------+----------+----------+-------+-------+---------+

        * Loop: 
        N/A



================================================================
== Utilization Estimates
================================================================
* Summary: 
+-----------------+---------+------+--------+--------+-----+
|       Name      | BRAM_18K|  DSP |   FF   |   LUT  | URAM|
+-----------------+---------+------+--------+--------+-----+
|DSP              |        -|     -|       -|       -|    -|
|Expression       |        -|     -|       0|       2|    -|
|FIFO             |        -|     -|       -|       -|    -|
|Instance         |        -|     1|    1384|    6769|    -|
|Memory           |      128|     -|       0|       0|    0|
|Multiplexer      |        -|     -|       -|    3290|    -|
|Register         |        -|     -|      11|       -|    -|
+-----------------+---------+------+--------+--------+-----+
|Total            |      128|     1|    1395|   10061|    0|
+-----------------+---------+------+--------+--------+-----+
|Available        |      288|  1248|  234240|  117120|   64|
+-----------------+---------+------+--------+--------+-----+
|Utilization (%)  |       44|    ~0|      ~0|       8|    0|
+-----------------+---------+------+--------+--------+-----+

+ Detail: 
    * Instance: 
    +---------------------------------------------------------------+----------------------------------------------------+---------+----+-----+------+-----+
    |                            Instance                           |                       Module                       | BRAM_18K| DSP|  FF |  LUT | URAM|
    +---------------------------------------------------------------+----------------------------------------------------+---------+----+-----+------+-----+
    |grp_sobel_hls_Pipeline_VITIS_LOOP_32_1_VITIS_LOOP_33_2_fu_312  |sobel_hls_Pipeline_VITIS_LOOP_32_1_VITIS_LOOP_33_2  |        0|   1|  575|   468|    0|
    |grp_sobel_hls_Pipeline_VITIS_LOOP_40_3_VITIS_LOOP_41_4_fu_372  |sobel_hls_Pipeline_VITIS_LOOP_40_3_VITIS_LOOP_41_4  |        0|   0|  765|  6017|    0|
    |grp_sobel_hls_Pipeline_VITIS_LOOP_55_7_VITIS_LOOP_56_8_fu_440  |sobel_hls_Pipeline_VITIS_LOOP_55_7_VITIS_LOOP_56_8  |        0|   0|   44|   284|    0|
    +---------------------------------------------------------------+----------------------------------------------------+---------+----+-----+------+-----+
    |Total                                                          |                                                    |        0|   1| 1384|  6769|    0|
    +---------------------------------------------------------------+----------------------------------------------------+---------+----+-----+------+-----+

    * DSP: 
    N/A

    * Memory: 
    +-------------+--------------------------+---------+---+----+-----+------+-----+------+-------------+
    |    Memory   |          Module          | BRAM_18K| FF| LUT| URAM| Words| Bits| Banks| W*Bits*Banks|
    +-------------+--------------------------+---------+---+----+-----+------+-----+------+-------------+
    |frame_U      |frame_RAM_1WNR_AUTO_1R1W  |        2|  0|   0|    0|  1376|    8|     1|        11008|
    |frame_1_U    |frame_RAM_1WNR_AUTO_1R1W  |        2|  0|   0|    0|  1376|    8|     1|        11008|
    |frame_2_U    |frame_RAM_1WNR_AUTO_1R1W  |        2|  0|   0|    0|  1376|    8|     1|        11008|
    |frame_3_U    |frame_RAM_1WNR_AUTO_1R1W  |        2|  0|   0|    0|  1376|    8|     1|        11008|
    |frame_4_U    |frame_RAM_1WNR_AUTO_1R1W  |        2|  0|   0|    0|  1376|    8|     1|        11008|
    |frame_5_U    |frame_RAM_1WNR_AUTO_1R1W  |        2|  0|   0|    0|  1376|    8|     1|        11008|
    |frame_6_U    |frame_RAM_1WNR_AUTO_1R1W  |        2|  0|   0|    0|  1376|    8|     1|        11008|
    |frame_7_U    |frame_RAM_1WNR_AUTO_1R1W  |        2|  0|   0|    0|  1376|    8|     1|        11008|
    |frame_8_U    |frame_RAM_1WNR_AUTO_1R1W  |        2|  0|   0|    0|  1376|    8|     1|        11008|
    |frame_9_U    |frame_RAM_1WNR_AUTO_1R1W  |        2|  0|   0|    0|  1376|    8|     1|        11008|
    |frame_10_U   |frame_RAM_1WNR_AUTO_1R1W  |        2|  0|   0|    0|  1376|    8|     1|        11008|
    |frame_11_U   |frame_RAM_1WNR_AUTO_1R1W  |        2|  0|   0|    0|  1376|    8|     1|        11008|
    |frame_12_U   |frame_RAM_1WNR_AUTO_1R1W  |        2|  0|   0|    0|  1376|    8|     1|        11008|
    |frame_13_U   |frame_RAM_1WNR_AUTO_1R1W  |        2|  0|   0|    0|  1376|    8|     1|        11008|
    |frame_14_U   |frame_RAM_1WNR_AUTO_1R1W  |        2|  0|   0|    0|  1376|    8|     1|        11008|
    |frame_15_U   |frame_RAM_1WNR_AUTO_1R1W  |        2|  0|   0|    0|  1376|    8|     1|        11008|
    |frame_16_U   |frame_RAM_1WNR_AUTO_1R1W  |        2|  0|   0|    0|  1376|    8|     1|        11008|
    |frame_17_U   |frame_RAM_1WNR_AUTO_1R1W  |        2|  0|   0|    0|  1376|    8|     1|        11008|
    |frame_18_U   |frame_RAM_1WNR_AUTO_1R1W  |        2|  0|   0|    0|  1376|    8|     1|        11008|
    |frame_19_U   |frame_RAM_1WNR_AUTO_1R1W  |        2|  0|   0|    0|  1376|    8|     1|        11008|
    |frame_20_U   |frame_RAM_1WNR_AUTO_1R1W  |        2|  0|   0|    0|  1376|    8|     1|        11008|
    |frame_21_U   |frame_RAM_1WNR_AUTO_1R1W  |        2|  0|   0|    0|  1376|    8|     1|        11008|
    |frame_22_U   |frame_RAM_1WNR_AUTO_1R1W  |        2|  0|   0|    0|  1376|    8|     1|        11008|
    |frame_23_U   |frame_RAM_1WNR_AUTO_1R1W  |        2|  0|   0|    0|  1376|    8|     1|        11008|
    |frame_24_U   |frame_RAM_1WNR_AUTO_1R1W  |        2|  0|   0|    0|  1376|    8|     1|        11008|
    |frame_25_U   |frame_RAM_1WNR_AUTO_1R1W  |        2|  0|   0|    0|  1376|    8|     1|        11008|
    |frame_26_U   |frame_RAM_1WNR_AUTO_1R1W  |        2|  0|   0|    0|  1376|    8|     1|        11008|
    |frame_27_U   |frame_RAM_1WNR_AUTO_1R1W  |        2|  0|   0|    0|  1376|    8|     1|        11008|
    |frame_28_U   |frame_RAM_1WNR_AUTO_1R1W  |        2|  0|   0|    0|  1376|    8|     1|        11008|
    |frame_29_U   |frame_RAM_1WNR_AUTO_1R1W  |        2|  0|   0|    0|  1376|    8|     1|        11008|
    |frame_30_U   |frame_RAM_1WNR_AUTO_1R1W  |        2|  0|   0|    0|  1376|    8|     1|        11008|
    |frame_31_U   |frame_RAM_1WNR_AUTO_1R1W  |        2|  0|   0|    0|  1376|    8|     1|        11008|
    |frame_32_U   |frame_RAM_1WNR_AUTO_1R1W  |        2|  0|   0|    0|  1376|    8|     1|        11008|
    |frame_33_U   |frame_RAM_1WNR_AUTO_1R1W  |        2|  0|   0|    0|  1376|    8|     1|        11008|
    |frame_34_U   |frame_RAM_1WNR_AUTO_1R1W  |        2|  0|   0|    0|  1376|    8|     1|        11008|
    |frame_35_U   |frame_RAM_1WNR_AUTO_1R1W  |        2|  0|   0|    0|  1376|    8|     1|        11008|
    |frame_36_U   |frame_RAM_1WNR_AUTO_1R1W  |        2|  0|   0|    0|  1376|    8|     1|        11008|
    |frame_37_U   |frame_RAM_1WNR_AUTO_1R1W  |        2|  0|   0|    0|  1376|    8|     1|        11008|
    |frame_38_U   |frame_RAM_1WNR_AUTO_1R1W  |        2|  0|   0|    0|  1376|    8|     1|        11008|
    |frame_39_U   |frame_RAM_1WNR_AUTO_1R1W  |        2|  0|   0|    0|  1376|    8|     1|        11008|
    |frame_40_U   |frame_RAM_1WNR_AUTO_1R1W  |        2|  0|   0|    0|  1376|    8|     1|        11008|
    |frame_41_U   |frame_RAM_1WNR_AUTO_1R1W  |        2|  0|   0|    0|  1376|    8|     1|        11008|
    |frame_42_U   |frame_RAM_1WNR_AUTO_1R1W  |        2|  0|   0|    0|  1376|    8|     1|        11008|
    |frame_43_U   |frame_RAM_1WNR_AUTO_1R1W  |        2|  0|   0|    0|  1376|    8|     1|        11008|
    |frame_44_U   |frame_RAM_1WNR_AUTO_1R1W  |        2|  0|   0|    0|  1376|    8|     1|        11008|
    |frame_45_U   |frame_RAM_1WNR_AUTO_1R1W  |        2|  0|   0|    0|  1376|    8|     1|        11008|
    |frame_46_U   |frame_RAM_1WNR_AUTO_1R1W  |        2|  0|   0|    0|  1376|    8|     1|        11008|
    |frame_47_U   |frame_RAM_1WNR_AUTO_1R1W  |        2|  0|   0|    0|  1376|    8|     1|        11008|
    |output_U     |output_RAM_AUTO_1R1W      |        2|  0|   0|    0|  4096|    8|     1|        32768|
    |output_1_U   |output_RAM_AUTO_1R1W      |        2|  0|   0|    0|  4096|    8|     1|        32768|
    |output_2_U   |output_RAM_AUTO_1R1W      |        2|  0|   0|    0|  4096|    8|     1|        32768|
    |output_3_U   |output_RAM_AUTO_1R1W      |        2|  0|   0|    0|  4096|    8|     1|        32768|
    |output_4_U   |output_RAM_AUTO_1R1W      |        2|  0|   0|    0|  4096|    8|     1|        32768|
    |output_5_U   |output_RAM_AUTO_1R1W      |        2|  0|   0|    0|  4096|    8|     1|        32768|
    |output_6_U   |output_RAM_AUTO_1R1W      |        2|  0|   0|    0|  4096|    8|     1|        32768|
    |output_7_U   |output_RAM_AUTO_1R1W      |        2|  0|   0|    0|  4096|    8|     1|        32768|
    |output_8_U   |output_RAM_AUTO_1R1W      |        2|  0|   0|    0|  4096|    8|     1|        32768|
    |output_9_U   |output_RAM_AUTO_1R1W      |        2|  0|   0|    0|  4096|    8|     1|        32768|
    |output_10_U  |output_RAM_AUTO_1R1W      |        2|  0|   0|    0|  4096|    8|     1|        32768|
    |output_11_U  |output_RAM_AUTO_1R1W      |        2|  0|   0|    0|  4096|    8|     1|        32768|
    |output_12_U  |output_RAM_AUTO_1R1W      |        2|  0|   0|    0|  4096|    8|     1|        32768|
    |output_13_U  |output_RAM_AUTO_1R1W      |        2|  0|   0|    0|  4096|    8|     1|        32768|
    |output_14_U  |output_RAM_AUTO_1R1W      |        2|  0|   0|    0|  4096|    8|     1|        32768|
    |output_15_U  |output_RAM_AUTO_1R1W      |        2|  0|   0|    0|  4096|    8|     1|        32768|
    +-------------+--------------------------+---------+---+----+-----+------+-----+------+-------------+
    |Total        |                          |      128|  0|   0|    0|131584|  512|    64|      1052672|
    +-------------+--------------------------+---------+---+----+-----+------+-----+------+-------------+

    * FIFO: 
    N/A

    * Expression: 
    +-----------------------------------------------------------------------------+----------+----+---+----+------------+------------+
    |                                Variable Name                                | Operation| DSP| FF| LUT| Bitwidth P0| Bitwidth P1|
    +-----------------------------------------------------------------------------+----------+----+---+----+------------+------------+
    |grp_sobel_hls_Pipeline_VITIS_LOOP_55_7_VITIS_LOOP_56_8_fu_440_M_AXIS_TREADY  |       and|   0|  0|   2|           1|           1|
    +-----------------------------------------------------------------------------+----------+----+---+----+------------+------------+
    |Total                                                                        |          |   0|  0|   2|           1|           1|
    +-----------------------------------------------------------------------------+----------+----+---+----+------------+------------+

    * Multiplexer: 
    +----------------------------+----+-----------+-----+-----------+
    |            Name            | LUT| Input Size| Bits| Total Bits|
    +----------------------------+----+-----------+-----+-----------+
    |S_AXIS_TREADY_int_regslice  |   9|          2|    1|          2|
    |ap_NS_fsm                   |  49|          9|    1|          9|
    |frame_10_address0           |  14|          3|   11|         33|
    |frame_10_ce0                |  14|          3|    1|          3|
    |frame_10_ce1                |   9|          2|    1|          2|
    |frame_10_ce2                |   9|          2|    1|          2|
    |frame_10_we0                |   9|          2|    1|          2|
    |frame_11_address0           |  14|          3|   11|         33|
    |frame_11_ce0                |  14|          3|    1|          3|
    |frame_11_ce1                |   9|          2|    1|          2|
    |frame_11_ce2                |   9|          2|    1|          2|
    |frame_11_we0                |   9|          2|    1|          2|
    |frame_12_address0           |  14|          3|   11|         33|
    |frame_12_ce0                |  14|          3|    1|          3|
    |frame_12_ce1                |   9|          2|    1|          2|
    |frame_12_ce2                |   9|          2|    1|          2|
    |frame_12_we0                |   9|          2|    1|          2|
    |frame_13_address0           |  14|          3|   11|         33|
    |frame_13_ce0                |  14|          3|    1|          3|
    |frame_13_ce1                |   9|          2|    1|          2|
    |frame_13_ce2                |   9|          2|    1|          2|
    |frame_13_we0                |   9|          2|    1|          2|
    |frame_14_address0           |  14|          3|   11|         33|
    |frame_14_ce0                |  14|          3|    1|          3|
    |frame_14_ce1                |   9|          2|    1|          2|
    |frame_14_ce2                |   9|          2|    1|          2|
    |frame_14_we0                |   9|          2|    1|          2|
    |frame_15_address0           |  14|          3|   11|         33|
    |frame_15_ce0                |  14|          3|    1|          3|
    |frame_15_ce1                |   9|          2|    1|          2|
    |frame_15_ce2                |   9|          2|    1|          2|
    |frame_15_we0                |   9|          2|    1|          2|
    |frame_16_address0           |  14|          3|   11|         33|
    |frame_16_ce0                |  14|          3|    1|          3|
    |frame_16_ce1                |   9|          2|    1|          2|
    |frame_16_ce2                |   9|          2|    1|          2|
    |frame_16_we0                |   9|          2|    1|          2|
    |frame_17_address0           |  14|          3|   11|         33|
    |frame_17_ce0                |  14|          3|    1|          3|
    |frame_17_ce1                |   9|          2|    1|          2|
    |frame_17_ce2                |   9|          2|    1|          2|
    |frame_17_we0                |   9|          2|    1|          2|
    |frame_18_address0           |  14|          3|   11|         33|
    |frame_18_ce0                |  14|          3|    1|          3|
    |frame_18_ce1                |   9|          2|    1|          2|
    |frame_18_ce2                |   9|          2|    1|          2|
    |frame_18_we0                |   9|          2|    1|          2|
    |frame_19_address0           |  14|          3|   11|         33|
    |frame_19_ce0                |  14|          3|    1|          3|
    |frame_19_ce1                |   9|          2|    1|          2|
    |frame_19_ce2                |   9|          2|    1|          2|
    |frame_19_we0                |   9|          2|    1|          2|
    |frame_1_address0            |  14|          3|   11|         33|
    |frame_1_ce0                 |  14|          3|    1|          3|
    |frame_1_ce1                 |   9|          2|    1|          2|
    |frame_1_ce2                 |   9|          2|    1|          2|
    |frame_1_we0                 |   9|          2|    1|          2|
    |frame_20_address0           |  14|          3|   11|         33|
    |frame_20_ce0                |  14|          3|    1|          3|
    |frame_20_ce1                |   9|          2|    1|          2|
    |frame_20_ce2                |   9|          2|    1|          2|
    |frame_20_we0                |   9|          2|    1|          2|
    |frame_21_address0           |  14|          3|   11|         33|
    |frame_21_ce0                |  14|          3|    1|          3|
    |frame_21_ce1                |   9|          2|    1|          2|
    |frame_21_ce2                |   9|          2|    1|          2|
    |frame_21_we0                |   9|          2|    1|          2|
    |frame_22_address0           |  14|          3|   11|         33|
    |frame_22_ce0                |  14|          3|    1|          3|
    |frame_22_ce1                |   9|          2|    1|          2|
    |frame_22_ce2                |   9|          2|    1|          2|
    |frame_22_we0                |   9|          2|    1|          2|
    |frame_23_address0           |  14|          3|   11|         33|
    |frame_23_ce0                |  14|          3|    1|          3|
    |frame_23_ce1                |   9|          2|    1|          2|
    |frame_23_ce2                |   9|          2|    1|          2|
    |frame_23_we0                |   9|          2|    1|          2|
    |frame_24_address0           |  14|          3|   11|         33|
    |frame_24_ce0                |  14|          3|    1|          3|
    |frame_24_ce1                |   9|          2|    1|          2|
    |frame_24_ce2                |   9|          2|    1|          2|
    |frame_24_we0                |   9|          2|    1|          2|
    |frame_25_address0           |  14|          3|   11|         33|
    |frame_25_ce0                |  14|          3|    1|          3|
    |frame_25_ce1                |   9|          2|    1|          2|
    |frame_25_ce2                |   9|          2|    1|          2|
    |frame_25_we0                |   9|          2|    1|          2|
    |frame_26_address0           |  14|          3|   11|         33|
    |frame_26_ce0                |  14|          3|    1|          3|
    |frame_26_ce1                |   9|          2|    1|          2|
    |frame_26_ce2                |   9|          2|    1|          2|
    |frame_26_we0                |   9|          2|    1|          2|
    |frame_27_address0           |  14|          3|   11|         33|
    |frame_27_ce0                |  14|          3|    1|          3|
    |frame_27_ce1                |   9|          2|    1|          2|
    |frame_27_ce2                |   9|          2|    1|          2|
    |frame_27_we0                |   9|          2|    1|          2|
    |frame_28_address0           |  14|          3|   11|         33|
    |frame_28_ce0                |  14|          3|    1|          3|
    |frame_28_ce1                |   9|          2|    1|          2|
    |frame_28_ce2                |   9|          2|    1|          2|
    |frame_28_we0                |   9|          2|    1|          2|
    |frame_29_address0           |  14|          3|   11|         33|
    |frame_29_ce0                |  14|          3|    1|          3|
    |frame_29_ce1                |   9|          2|    1|          2|
    |frame_29_ce2                |   9|          2|    1|          2|
    |frame_29_we0                |   9|          2|    1|          2|
    |frame_2_address0            |  14|          3|   11|         33|
    |frame_2_ce0                 |  14|          3|    1|          3|
    |frame_2_ce1                 |   9|          2|    1|          2|
    |frame_2_ce2                 |   9|          2|    1|          2|
    |frame_2_we0                 |   9|          2|    1|          2|
    |frame_30_address0           |  14|          3|   11|         33|
    |frame_30_ce0                |  14|          3|    1|          3|
    |frame_30_ce1                |   9|          2|    1|          2|
    |frame_30_ce2                |   9|          2|    1|          2|
    |frame_30_we0                |   9|          2|    1|          2|
    |frame_31_address0           |  14|          3|   11|         33|
    |frame_31_ce0                |  14|          3|    1|          3|
    |frame_31_ce1                |   9|          2|    1|          2|
    |frame_31_ce2                |   9|          2|    1|          2|
    |frame_31_we0                |   9|          2|    1|          2|
    |frame_32_address0           |  14|          3|   11|         33|
    |frame_32_ce0                |  14|          3|    1|          3|
    |frame_32_ce1                |   9|          2|    1|          2|
    |frame_32_ce2                |   9|          2|    1|          2|
    |frame_32_we0                |   9|          2|    1|          2|
    |frame_33_address0           |  14|          3|   11|         33|
    |frame_33_ce0                |  14|          3|    1|          3|
    |frame_33_ce1                |   9|          2|    1|          2|
    |frame_33_ce2                |   9|          2|    1|          2|
    |frame_33_we0                |   9|          2|    1|          2|
    |frame_34_address0           |  14|          3|   11|         33|
    |frame_34_ce0                |  14|          3|    1|          3|
    |frame_34_ce1                |   9|          2|    1|          2|
    |frame_34_ce2                |   9|          2|    1|          2|
    |frame_34_we0                |   9|          2|    1|          2|
    |frame_35_address0           |  14|          3|   11|         33|
    |frame_35_ce0                |  14|          3|    1|          3|
    |frame_35_ce1                |   9|          2|    1|          2|
    |frame_35_ce2                |   9|          2|    1|          2|
    |frame_35_we0                |   9|          2|    1|          2|
    |frame_36_address0           |  14|          3|   11|         33|
    |frame_36_ce0                |  14|          3|    1|          3|
    |frame_36_ce1                |   9|          2|    1|          2|
    |frame_36_ce2                |   9|          2|    1|          2|
    |frame_36_we0                |   9|          2|    1|          2|
    |frame_37_address0           |  14|          3|   11|         33|
    |frame_37_ce0                |  14|          3|    1|          3|
    |frame_37_ce1                |   9|          2|    1|          2|
    |frame_37_ce2                |   9|          2|    1|          2|
    |frame_37_we0                |   9|          2|    1|          2|
    |frame_38_address0           |  14|          3|   11|         33|
    |frame_38_ce0                |  14|          3|    1|          3|
    |frame_38_ce1                |   9|          2|    1|          2|
    |frame_38_ce2                |   9|          2|    1|          2|
    |frame_38_we0                |   9|          2|    1|          2|
    |frame_39_address0           |  14|          3|   11|         33|
    |frame_39_ce0                |  14|          3|    1|          3|
    |frame_39_ce1                |   9|          2|    1|          2|
    |frame_39_ce2                |   9|          2|    1|          2|
    |frame_39_we0                |   9|          2|    1|          2|
    |frame_3_address0            |  14|          3|   11|         33|
    |frame_3_ce0                 |  14|          3|    1|          3|
    |frame_3_ce1                 |   9|          2|    1|          2|
    |frame_3_ce2                 |   9|          2|    1|          2|
    |frame_3_we0                 |   9|          2|    1|          2|
    |frame_40_address0           |  14|          3|   11|         33|
    |frame_40_ce0                |  14|          3|    1|          3|
    |frame_40_ce1                |   9|          2|    1|          2|
    |frame_40_ce2                |   9|          2|    1|          2|
    |frame_40_we0                |   9|          2|    1|          2|
    |frame_41_address0           |  14|          3|   11|         33|
    |frame_41_ce0                |  14|          3|    1|          3|
    |frame_41_ce1                |   9|          2|    1|          2|
    |frame_41_ce2                |   9|          2|    1|          2|
    |frame_41_we0                |   9|          2|    1|          2|
    |frame_42_address0           |  14|          3|   11|         33|
    |frame_42_ce0                |  14|          3|    1|          3|
    |frame_42_ce1                |   9|          2|    1|          2|
    |frame_42_ce2                |   9|          2|    1|          2|
    |frame_42_we0                |   9|          2|    1|          2|
    |frame_43_address0           |  14|          3|   11|         33|
    |frame_43_ce0                |  14|          3|    1|          3|
    |frame_43_ce1                |   9|          2|    1|          2|
    |frame_43_ce2                |   9|          2|    1|          2|
    |frame_43_we0                |   9|          2|    1|          2|
    |frame_44_address0           |  14|          3|   11|         33|
    |frame_44_ce0                |  14|          3|    1|          3|
    |frame_44_ce1                |   9|          2|    1|          2|
    |frame_44_ce2                |   9|          2|    1|          2|
    |frame_44_we0                |   9|          2|    1|          2|
    |frame_45_address0           |  14|          3|   11|         33|
    |frame_45_ce0                |  14|          3|    1|          3|
    |frame_45_ce1                |   9|          2|    1|          2|
    |frame_45_ce2                |   9|          2|    1|          2|
    |frame_45_we0                |   9|          2|    1|          2|
    |frame_46_address0           |  14|          3|   11|         33|
    |frame_46_ce0                |  14|          3|    1|          3|
    |frame_46_ce1                |   9|          2|    1|          2|
    |frame_46_ce2                |   9|          2|    1|          2|
    |frame_46_we0                |   9|          2|    1|          2|
    |frame_47_address0           |  14|          3|   11|         33|
    |frame_47_ce0                |  14|          3|    1|          3|
    |frame_47_ce1                |   9|          2|    1|          2|
    |frame_47_ce2                |   9|          2|    1|          2|
    |frame_47_we0                |   9|          2|    1|          2|
    |frame_4_address0            |  14|          3|   11|         33|
    |frame_4_ce0                 |  14|          3|    1|          3|
    |frame_4_ce1                 |   9|          2|    1|          2|
    |frame_4_ce2                 |   9|          2|    1|          2|
    |frame_4_we0                 |   9|          2|    1|          2|
    |frame_5_address0            |  14|          3|   11|         33|
    |frame_5_ce0                 |  14|          3|    1|          3|
    |frame_5_ce1                 |   9|          2|    1|          2|
    |frame_5_ce2                 |   9|          2|    1|          2|
    |frame_5_we0                 |   9|          2|    1|          2|
    |frame_6_address0            |  14|          3|   11|         33|
    |frame_6_ce0                 |  14|          3|    1|          3|
    |frame_6_ce1                 |   9|          2|    1|          2|
    |frame_6_ce2                 |   9|          2|    1|          2|
    |frame_6_we0                 |   9|          2|    1|          2|
    |frame_7_address0            |  14|          3|   11|         33|
    |frame_7_ce0                 |  14|          3|    1|          3|
    |frame_7_ce1                 |   9|          2|    1|          2|
    |frame_7_ce2                 |   9|          2|    1|          2|
    |frame_7_we0                 |   9|          2|    1|          2|
    |frame_8_address0            |  14|          3|   11|         33|
    |frame_8_ce0                 |  14|          3|    1|          3|
    |frame_8_ce1                 |   9|          2|    1|          2|
    |frame_8_ce2                 |   9|          2|    1|          2|
    |frame_8_we0                 |   9|          2|    1|          2|
    |frame_9_address0            |  14|          3|   11|         33|
    |frame_9_ce0                 |  14|          3|    1|          3|
    |frame_9_ce1                 |   9|          2|    1|          2|
    |frame_9_ce2                 |   9|          2|    1|          2|
    |frame_9_we0                 |   9|          2|    1|          2|
    |frame_address0              |  14|          3|   11|         33|
    |frame_ce0                   |  14|          3|    1|          3|
    |frame_ce1                   |   9|          2|    1|          2|
    |frame_ce2                   |   9|          2|    1|          2|
    |frame_we0                   |   9|          2|    1|          2|
    |output_10_address0          |  14|          3|   12|         36|
    |output_10_ce0               |  14|          3|    1|          3|
    |output_10_we0               |   9|          2|    1|          2|
    |output_11_address0          |  14|          3|   12|         36|
    |output_11_ce0               |  14|          3|    1|          3|
    |output_11_we0               |   9|          2|    1|          2|
    |output_12_address0          |  14|          3|   12|         36|
    |output_12_ce0               |  14|          3|    1|          3|
    |output_12_we0               |   9|          2|    1|          2|
    |output_13_address0          |  14|          3|   12|         36|
    |output_13_ce0               |  14|          3|    1|          3|
    |output_13_we0               |   9|          2|    1|          2|
    |output_14_address0          |  14|          3|   12|         36|
    |output_14_ce0               |  14|          3|    1|          3|
    |output_14_we0               |   9|          2|    1|          2|
    |output_15_address0          |  14|          3|   12|         36|
    |output_15_ce0               |  14|          3|    1|          3|
    |output_15_we0               |   9|          2|    1|          2|
    |output_1_address0           |  14|          3|   12|         36|
    |output_1_ce0                |  14|          3|    1|          3|
    |output_1_we0                |   9|          2|    1|          2|
    |output_2_address0           |  14|          3|   12|         36|
    |output_2_ce0                |  14|          3|    1|          3|
    |output_2_we0                |   9|          2|    1|          2|
    |output_3_address0           |  14|          3|   12|         36|
    |output_3_ce0                |  14|          3|    1|          3|
    |output_3_we0                |   9|          2|    1|          2|
    |output_4_address0           |  14|          3|   12|         36|
    |output_4_ce0                |  14|          3|    1|          3|
    |output_4_we0                |   9|          2|    1|          2|
    |output_5_address0           |  14|          3|   12|         36|
    |output_5_ce0                |  14|          3|    1|          3|
    |output_5_we0                |   9|          2|    1|          2|
    |output_6_address0           |  14|          3|   12|         36|
    |output_6_ce0                |  14|          3|    1|          3|
    |output_6_we0                |   9|          2|    1|          2|
    |output_7_address0           |  14|          3|   12|         36|
    |output_7_ce0                |  14|          3|    1|          3|
    |output_7_we0                |   9|          2|    1|          2|
    |output_8_address0           |  14|          3|   12|         36|
    |output_8_ce0                |  14|          3|    1|          3|
    |output_8_we0                |   9|          2|    1|          2|
    |output_9_address0           |  14|          3|   12|         36|
    |output_9_ce0                |  14|          3|    1|          3|
    |output_9_we0                |   9|          2|    1|          2|
    |output_address0             |  14|          3|   12|         36|
    |output_ce0                  |  14|          3|    1|          3|
    |output_we0                  |   9|          2|    1|          2|
    +----------------------------+----+-----------+-----+-----------+
    |Total                       |3290|        715|  946|       2683|
    +----------------------------+----+-----------+-----+-----------+

    * Register: 
    +----------------------------------------------------------------------------+---+----+-----+-----------+
    |                                    Name                                    | FF| LUT| Bits| Const Bits|
    +----------------------------------------------------------------------------+---+----+-----+-----------+
    |ap_CS_fsm                                                                   |  8|   0|    8|          0|
    |grp_sobel_hls_Pipeline_VITIS_LOOP_32_1_VITIS_LOOP_33_2_fu_312_ap_start_reg  |  1|   0|    1|          0|
    |grp_sobel_hls_Pipeline_VITIS_LOOP_40_3_VITIS_LOOP_41_4_fu_372_ap_start_reg  |  1|   0|    1|          0|
    |grp_sobel_hls_Pipeline_VITIS_LOOP_55_7_VITIS_LOOP_56_8_fu_440_ap_start_reg  |  1|   0|    1|          0|
    +----------------------------------------------------------------------------+---+----+-----+-----------+
    |Total                                                                       | 11|   0|   11|          0|
    +----------------------------------------------------------------------------+---+----+-----+-----------+



================================================================
== Interface
================================================================
* Summary: 
+---------------+-----+-----+--------------+-----------------+--------------+
|   RTL Ports   | Dir | Bits|   Protocol   |  Source Object  |    C Type    |
+---------------+-----+-----+--------------+-----------------+--------------+
|ap_clk         |   in|    1|  ap_ctrl_none|        sobel_hls|  return value|
|ap_rst_n       |   in|    1|  ap_ctrl_none|        sobel_hls|  return value|
|S_AXIS_TDATA   |   in|   32|          axis|  S_AXIS_V_data_V|       pointer|
|S_AXIS_TVALID  |   in|    1|          axis|  S_AXIS_V_last_V|       pointer|
|S_AXIS_TREADY  |  out|    1|          axis|  S_AXIS_V_last_V|       pointer|
|S_AXIS_TLAST   |   in|    1|          axis|  S_AXIS_V_last_V|       pointer|
|S_AXIS_TKEEP   |   in|    4|          axis|  S_AXIS_V_keep_V|       pointer|
|S_AXIS_TSTRB   |   in|    4|          axis|  S_AXIS_V_strb_V|       pointer|
|M_AXIS_TDATA   |  out|   32|          axis|  M_AXIS_V_data_V|       pointer|
|M_AXIS_TVALID  |  out|    1|          axis|  M_AXIS_V_last_V|       pointer|
|M_AXIS_TREADY  |   in|    1|          axis|  M_AXIS_V_last_V|       pointer|
|M_AXIS_TLAST   |  out|    1|          axis|  M_AXIS_V_last_V|       pointer|
|M_AXIS_TKEEP   |  out|    4|          axis|  M_AXIS_V_keep_V|       pointer|
|M_AXIS_TSTRB   |  out|    4|          axis|  M_AXIS_V_strb_V|       pointer|
+---------------+-----+-----+--------------+-----------------+--------------+

